[ 2016-08-09T10:48:21+08:00 ] ::1 /ms/
INFO: [ app_init ] --START--
INFO: Run Common\Behavior\InitHook [ RunTime:0.085824s ]
INFO: [ app_init ] --END-- [ RunTime:0.129456s ]
INFO: [ app_begin ] --START--
INFO: Run Behavior\ReadHtmlCache [ RunTime:0.024297s ]
INFO: [ app_begin ] --END-- [ RunTime:0.024533s ]
SQL: SHOW COLUMNS FROM `ms_config` [ RunTime:0.271040s ]
SQL: SELECT `type`,`name`,`value` FROM `ms_config` WHERE ( `status` = 1 )  [ RunTime:0.083736s ]
INFO: [ app_end ] --START--
INFO: Run Behavior\ShowPageTrace [ RunTime:0.021933s ]
INFO: [ app_end ] --END-- [ RunTime:0.022169s ]

[ 2016-08-09T11:13:01+08:00 ] ::1 /ms/index.php?s=/Home/Painting/reviewDetail
INFO: [ app_init ] --START--
INFO: Run Common\Behavior\InitHook [ RunTime:0.003490s ]
INFO: [ app_init ] --END-- [ RunTime:0.004326s ]
INFO: [ app_begin ] --START--
INFO: Run Behavior\ReadHtmlCache [ RunTime:0.000896s ]
INFO: [ app_begin ] --END-- [ RunTime:0.001144s ]
SQL: SHOW COLUMNS FROM `ms_config` [ RunTime:0.004886s ]
SQL: SELECT `type`,`name`,`value` FROM `ms_config` WHERE ( `status` = 1 )  [ RunTime:0.000538s ]
INFO: [ app_end ] --START--
INFO: Run Behavior\ShowPageTrace [ RunTime:0.000937s ]
INFO: [ app_end ] --END-- [ RunTime:0.001188s ]

[ 2016-08-09T11:14:46+08:00 ] ::1 /ms/index.php?s=/Home/Painting/reviewDetail
INFO: [ app_init ] --START--
INFO: Run Common\Behavior\InitHook [ RunTime:0.004991s ]
INFO: [ app_init ] --END-- [ RunTime:0.006412s ]
INFO: [ app_begin ] --START--
INFO: Run Behavior\ReadHtmlCache [ RunTime:0.001134s ]
INFO: [ app_begin ] --END-- [ RunTime:0.001463s ]
SQL: SHOW COLUMNS FROM `ms_config` [ RunTime:0.004382s ]
SQL: SELECT `type`,`name`,`value` FROM `ms_config` WHERE ( `status` = 1 )  [ RunTime:0.000475s ]
INFO: [ app_end ] --START--
INFO: Run Behavior\ShowPageTrace [ RunTime:0.000802s ]
INFO: [ app_end ] --END-- [ RunTime:0.001012s ]

[ 2016-08-09T11:14:56+08:00 ] ::1 /ms/index.php?s=/Home/Painting/reviewDetail/paintingId/1
INFO: [ app_init ] --START--
INFO: Run Common\Behavior\InitHook [ RunTime:0.002861s ]
INFO: [ app_init ] --END-- [ RunTime:0.003567s ]
INFO: [ app_begin ] --START--
INFO: Run Behavior\ReadHtmlCache [ RunTime:0.000774s ]
INFO: [ app_begin ] --END-- [ RunTime:0.000999s ]
SQL: SHOW COLUMNS FROM `ms_config` [ RunTime:0.010994s ]
SQL: SELECT `type`,`name`,`value` FROM `ms_config` WHERE ( `status` = 1 )  [ RunTime:0.000449s ]
INFO: [ app_end ] --START--
INFO: Run Behavior\ShowPageTrace [ RunTime:0.000785s ]
INFO: [ app_end ] --END-- [ RunTime:0.000994s ]

[ 2016-08-09T11:23:02+08:00 ] ::1 /ms/index.php?s=/Home/Painting/reviewDetail/paintingId/1
INFO: [ app_init ] --START--
INFO: Run Common\Behavior\InitHook [ RunTime:0.006317s ]
INFO: [ app_init ] --END-- [ RunTime:0.008531s ]
INFO: [ app_begin ] --START--
INFO: Run Behavior\ReadHtmlCache [ RunTime:0.000996s ]
INFO: [ app_begin ] --END-- [ RunTime:0.001337s ]
SQL: SHOW COLUMNS FROM `ms_config` [ RunTime:0.004134s ]
SQL: SELECT `type`,`name`,`value` FROM `ms_config` WHERE ( `status` = 1 )  [ RunTime:0.000468s ]
SQL: SHOW COLUMNS FROM `ms_painting` [ RunTime:0.002660s ]
SQL: SELECT `uid`,`content`,`category`,`date`,`pic_url`,`video_url`,`comment_id` FROM `ms_painting` WHERE ( `id` = 1 ) LIMIT 1   [ RunTime:0.000385s ]
NOTIC: [2] Illegal string offset 'comment_id' D:\xampp\htdocs\ms\Application\Home\Controller\PaintingController.class.php 第 73 行.
INFO: [ app_end ] --START--
INFO: Run Behavior\ShowPageTrace [ RunTime:0.000800s ]
INFO: [ app_end ] --END-- [ RunTime:0.000995s ]

[ 2016-08-09T11:23:05+08:00 ] ::1 /ms/index.php?s=/Home/Painting/reviewDetail/paintingId/1
INFO: [ app_init ] --START--
INFO: Run Common\Behavior\InitHook [ RunTime:0.005618s ]
INFO: [ app_init ] --END-- [ RunTime:0.007044s ]
INFO: [ app_begin ] --START--
INFO: Run Behavior\ReadHtmlCache [ RunTime:0.001140s ]
INFO: [ app_begin ] --END-- [ RunTime:0.001481s ]
SQL: SHOW COLUMNS FROM `ms_config` [ RunTime:0.005773s ]
SQL: SELECT `type`,`name`,`value` FROM `ms_config` WHERE ( `status` = 1 )  [ RunTime:0.000717s ]
SQL: SHOW COLUMNS FROM `ms_painting` [ RunTime:0.004066s ]
SQL: SELECT `uid`,`content`,`category`,`date`,`pic_url`,`video_url`,`comment_id` FROM `ms_painting` WHERE ( `id` = 1 ) LIMIT 1   [ RunTime:0.000607s ]
NOTIC: [2] Illegal string offset 'comment_id' D:\xampp\htdocs\ms\Application\Home\Controller\PaintingController.class.php 第 73 行.
INFO: [ app_end ] --START--
INFO: Run Behavior\ShowPageTrace [ RunTime:0.001003s ]
INFO: [ app_end ] --END-- [ RunTime:0.001300s ]

[ 2016-08-09T11:23:39+08:00 ] ::1 /ms/index.php?s=/Home/Painting/reviewDetail/paintingId/1
INFO: [ app_init ] --START--
INFO: Run Common\Behavior\InitHook [ RunTime:0.004249s ]
INFO: [ app_init ] --END-- [ RunTime:0.005156s ]
INFO: [ app_begin ] --START--
INFO: Run Behavior\ReadHtmlCache [ RunTime:0.001104s ]
INFO: [ app_begin ] --END-- [ RunTime:0.001486s ]
SQL: SHOW COLUMNS FROM `ms_config` [ RunTime:0.004090s ]
SQL: SELECT `type`,`name`,`value` FROM `ms_config` WHERE ( `status` = 1 )  [ RunTime:0.000418s ]
SQL: SHOW COLUMNS FROM `ms_painting` [ RunTime:0.002630s ]
SQL: SELECT `uid`,`content`,`category`,`date`,`pic_url`,`video_url`,`comment_id` FROM `ms_painting` WHERE ( `id` = 1 ) LIMIT 1   [ RunTime:0.000439s ]
NOTIC: [2] Illegal string offset 'comment_id' D:\xampp\htdocs\ms\Application\Home\Controller\PaintingController.class.php 第 73 行.
INFO: [ app_end ] --START--
INFO: Run Behavior\ShowPageTrace [ RunTime:0.000707s ]
INFO: [ app_end ] --END-- [ RunTime:0.000899s ]

[ 2016-08-09T11:24:37+08:00 ] ::1 /ms/index.php?s=/Home/Painting/reviewDetail/paintingId/1
INFO: [ app_init ] --START--
INFO: Run Common\Behavior\InitHook [ RunTime:0.005609s ]
INFO: [ app_init ] --END-- [ RunTime:0.007000s ]
INFO: [ app_begin ] --START--
INFO: Run Behavior\ReadHtmlCache [ RunTime:0.001552s ]
INFO: [ app_begin ] --END-- [ RunTime:0.002100s ]
SQL: SHOW COLUMNS FROM `ms_config` [ RunTime:0.004907s ]
SQL: SELECT `type`,`name`,`value` FROM `ms_config` WHERE ( `status` = 1 )  [ RunTime:0.000527s ]
SQL: SHOW COLUMNS FROM `ms_painting` [ RunTime:0.003626s ]
SQL: SELECT `uid`,`content`,`category`,`date`,`pic_url`,`video_url`,`comment_id` FROM `ms_painting` WHERE ( `id` = 1 ) LIMIT 1   [ RunTime:0.000472s ]
NOTIC: [2] Illegal string offset 'comment_id' D:\xampp\htdocs\ms\Application\Home\Controller\PaintingController.class.php 第 74 行.
SQL: SHOW COLUMNS FROM `ms_painting_comment` [ RunTime:0.021089s ]
SQL: SELECT * FROM `ms_painting_comment` WHERE ( `id` = 1 )  [ RunTime:0.000430s ]
INFO: [ app_end ] --START--
INFO: Run Behavior\ShowPageTrace [ RunTime:0.000823s ]
INFO: [ app_end ] --END-- [ RunTime:0.001061s ]

[ 2016-08-09T11:24:44+08:00 ] ::1 /ms/index.php?s=/Home/Painting/reviewDetail/paintingId/1
INFO: [ app_init ] --START--
INFO: Run Common\Behavior\InitHook [ RunTime:0.003889s ]
INFO: [ app_init ] --END-- [ RunTime:0.005086s ]
INFO: [ app_begin ] --START--
INFO: Run Behavior\ReadHtmlCache [ RunTime:0.001433s ]
INFO: [ app_begin ] --END-- [ RunTime:0.001741s ]
SQL: SHOW COLUMNS FROM `ms_config` [ RunTime:0.005381s ]
SQL: SELECT `type`,`name`,`value` FROM `ms_config` WHERE ( `status` = 1 )  [ RunTime:0.000544s ]
SQL: SHOW COLUMNS FROM `ms_painting` [ RunTime:0.002805s ]
SQL: SELECT `uid`,`content`,`category`,`date`,`pic_url`,`video_url`,`comment_id` FROM `ms_painting` WHERE ( `id` = 1 ) LIMIT 1   [ RunTime:0.000463s ]
NOTIC: [2] Illegal string offset 'comment_id' D:\xampp\htdocs\ms\Application\Home\Controller\PaintingController.class.php 第 74 行.
SQL: SHOW COLUMNS FROM `ms_painting_comment` [ RunTime:0.003344s ]
SQL: SELECT * FROM `ms_painting_comment` WHERE ( `id` = 1 )  [ RunTime:0.000434s ]
INFO: [ app_end ] --START--
INFO: Run Behavior\ShowPageTrace [ RunTime:0.000719s ]
INFO: [ app_end ] --END-- [ RunTime:0.000911s ]

[ 2016-08-09T11:25:23+08:00 ] ::1 /ms/index.php?s=/Home/Painting/reviewDetail/paintingId/1
INFO: [ app_init ] --START--
INFO: Run Common\Behavior\InitHook [ RunTime:0.002966s ]
INFO: [ app_init ] --END-- [ RunTime:0.003675s ]
INFO: [ app_begin ] --START--
INFO: Run Behavior\ReadHtmlCache [ RunTime:0.000757s ]
INFO: [ app_begin ] --END-- [ RunTime:0.000981s ]
SQL: SHOW COLUMNS FROM `ms_config` [ RunTime:0.004397s ]
SQL: SELECT `type`,`name`,`value` FROM `ms_config` WHERE ( `status` = 1 )  [ RunTime:0.000489s ]
SQL: SHOW COLUMNS FROM `ms_painting` [ RunTime:0.002999s ]
SQL: SELECT `uid`,`content`,`category`,`date`,`pic_url`,`video_url`,`comment_id` FROM `ms_painting` WHERE ( `id` = 1 ) LIMIT 1   [ RunTime:0.000402s ]
NOTIC: [2] Illegal string offset 'comment_id' D:\xampp\htdocs\ms\Application\Home\Controller\PaintingController.class.php 第 74 行.
SQL: SHOW COLUMNS FROM `ms_painting_comment` [ RunTime:0.003041s ]
SQL: SELECT * FROM `ms_painting_comment` WHERE ( `id` = 1 )  [ RunTime:0.000437s ]
INFO: [ app_end ] --START--
INFO: Run Behavior\ShowPageTrace [ RunTime:0.000893s ]
INFO: [ app_end ] --END-- [ RunTime:0.001116s ]

[ 2016-08-09T11:25:45+08:00 ] ::1 /ms/index.php?s=/Home/Painting/reviewDetail/paintingId/2
INFO: [ app_init ] --START--
INFO: Run Common\Behavior\InitHook [ RunTime:0.003484s ]
INFO: [ app_init ] --END-- [ RunTime:0.005012s ]
INFO: [ app_begin ] --START--
INFO: Run Behavior\ReadHtmlCache [ RunTime:0.000866s ]
INFO: [ app_begin ] --END-- [ RunTime:0.001160s ]
SQL: SHOW COLUMNS FROM `ms_config` [ RunTime:0.018973s ]
SQL: SELECT `type`,`name`,`value` FROM `ms_config` WHERE ( `status` = 1 )  [ RunTime:0.000637s ]
SQL: SHOW COLUMNS FROM `ms_painting` [ RunTime:0.003715s ]
SQL: SELECT `uid`,`content`,`category`,`date`,`pic_url`,`video_url`,`comment_id` FROM `ms_painting` WHERE ( `id` = 2 ) LIMIT 1   [ RunTime:0.000527s ]
NOTIC: [2] Illegal string offset 'comment_id' D:\xampp\htdocs\ms\Application\Home\Controller\PaintingController.class.php 第 74 行.
SQL: SHOW COLUMNS FROM `ms_painting_comment` [ RunTime:0.003808s ]
SQL: SELECT * FROM `ms_painting_comment` WHERE ( `id` = 2 )  [ RunTime:0.000571s ]
INFO: [ app_end ] --START--
INFO: Run Behavior\ShowPageTrace [ RunTime:0.000964s ]
INFO: [ app_end ] --END-- [ RunTime:0.001239s ]

[ 2016-08-09T11:26:06+08:00 ] ::1 /ms/index.php?s=/Home/Painting/reviewDetail/paintingId/2
INFO: [ app_init ] --START--
INFO: Run Common\Behavior\InitHook [ RunTime:0.002832s ]
INFO: [ app_init ] --END-- [ RunTime:0.003569s ]
INFO: [ app_begin ] --START--
INFO: Run Behavior\ReadHtmlCache [ RunTime:0.000942s ]
INFO: [ app_begin ] --END-- [ RunTime:0.001299s ]
SQL: SHOW COLUMNS FROM `ms_config` [ RunTime:0.004691s ]
SQL: SELECT `type`,`name`,`value` FROM `ms_config` WHERE ( `status` = 1 )  [ RunTime:0.000574s ]
SQL: SHOW COLUMNS FROM `ms_painting` [ RunTime:0.002918s ]
SQL: SELECT `uid`,`content`,`category`,`date`,`pic_url`,`video_url`,`comment_id` FROM `ms_painting` WHERE ( `id` = 2 ) LIMIT 1   [ RunTime:0.000383s ]
NOTIC: [2] Illegal string offset 'comment_id' D:\xampp\htdocs\ms\Application\Home\Controller\PaintingController.class.php 第 74 行.
SQL: SHOW COLUMNS FROM `ms_painting_comment` [ RunTime:0.002546s ]
SQL: SELECT * FROM `ms_painting_comment` WHERE ( `id` = 2 )  [ RunTime:0.000346s ]
INFO: [ app_end ] --START--
INFO: Run Behavior\ShowPageTrace [ RunTime:0.000830s ]
INFO: [ app_end ] --END-- [ RunTime:0.001025s ]

[ 2016-08-09T11:27:28+08:00 ] ::1 /ms/index.php?s=/Home/Painting/reviewDetail/paintingId/2
INFO: [ app_init ] --START--
INFO: Run Common\Behavior\InitHook [ RunTime:0.004174s ]
INFO: [ app_init ] --END-- [ RunTime:0.005177s ]
INFO: [ app_begin ] --START--
INFO: Run Behavior\ReadHtmlCache [ RunTime:0.001049s ]
INFO: [ app_begin ] --END-- [ RunTime:0.001332s ]
SQL: SHOW COLUMNS FROM `ms_config` [ RunTime:0.005311s ]
SQL: SELECT `type`,`name`,`value` FROM `ms_config` WHERE ( `status` = 1 )  [ RunTime:0.000569s ]
SQL: SHOW COLUMNS FROM `ms_painting` [ RunTime:0.003700s ]
SQL: SELECT `uid`,`content`,`category`,`date`,`pic_url`,`video_url`,`comment_id` FROM `ms_painting` WHERE ( `id` = 2 ) LIMIT 1   [ RunTime:0.000469s ]
NOTIC: [2] Illegal string offset 'comment_id' D:\xampp\htdocs\ms\Application\Home\Controller\PaintingController.class.php 第 74 行.
SQL: SHOW COLUMNS FROM `ms_painting_comment` [ RunTime:0.003182s ]
SQL: SELECT * FROM `ms_painting_comment` WHERE ( `id` = 2 )  [ RunTime:0.000502s ]
NOTIC: [2] Illegal string offset 'comment_id' D:\xampp\htdocs\ms\Application\Home\Controller\PaintingController.class.php 第 75 行.
INFO: [ app_end ] --START--
INFO: Run Behavior\ShowPageTrace [ RunTime:0.001456s ]
INFO: [ app_end ] --END-- [ RunTime:0.001743s ]

[ 2016-08-09T11:27:43+08:00 ] ::1 /ms/index.php?s=/Home/Painting/reviewDetail/paintingId/2
INFO: [ app_init ] --START--
INFO: Run Common\Behavior\InitHook [ RunTime:0.004861s ]
INFO: [ app_init ] --END-- [ RunTime:0.006119s ]
INFO: [ app_begin ] --START--
INFO: Run Behavior\ReadHtmlCache [ RunTime:0.000929s ]
INFO: [ app_begin ] --END-- [ RunTime:0.001308s ]
SQL: SHOW COLUMNS FROM `ms_config` [ RunTime:0.004853s ]
SQL: SELECT `type`,`name`,`value` FROM `ms_config` WHERE ( `status` = 1 )  [ RunTime:0.000524s ]
SQL: SHOW COLUMNS FROM `ms_painting` [ RunTime:0.003959s ]
SQL: SELECT `uid`,`content`,`category`,`date`,`pic_url`,`video_url`,`comment_id` FROM `ms_painting` WHERE ( `id` = 2 ) LIMIT 1   [ RunTime:0.000476s ]
NOTIC: [2] Illegal string offset 'comment_id' D:\xampp\htdocs\ms\Application\Home\Controller\PaintingController.class.php 第 74 行.
SQL: SHOW COLUMNS FROM `ms_painting_comment` [ RunTime:0.002766s ]
SQL: SELECT * FROM `ms_painting_comment` WHERE ( `id` = 2 )  [ RunTime:0.000336s ]
NOTIC: [2] Illegal string offset 'comment_id' D:\xampp\htdocs\ms\Application\Home\Controller\PaintingController.class.php 第 75 行.
INFO: [ app_end ] --START--
INFO: Run Behavior\ShowPageTrace [ RunTime:0.000655s ]
INFO: [ app_end ] --END-- [ RunTime:0.000842s ]

[ 2016-08-09T11:27:49+08:00 ] ::1 /ms/index.php?s=/Home/Painting/reviewDetail/paintingId/2
INFO: [ app_init ] --START--
INFO: Run Common\Behavior\InitHook [ RunTime:0.002314s ]
INFO: [ app_init ] --END-- [ RunTime:0.003054s ]
INFO: [ app_begin ] --START--
INFO: Run Behavior\ReadHtmlCache [ RunTime:0.000568s ]
INFO: [ app_begin ] --END-- [ RunTime:0.000763s ]
SQL: SHOW COLUMNS FROM `ms_config` [ RunTime:0.004266s ]
SQL: SELECT `type`,`name`,`value` FROM `ms_config` WHERE ( `status` = 1 )  [ RunTime:0.000464s ]
SQL: SHOW COLUMNS FROM `ms_painting` [ RunTime:0.002714s ]
SQL: SELECT `uid`,`content`,`category`,`date`,`pic_url`,`video_url`,`comment_id` FROM `ms_painting` WHERE ( `id` = 2 ) LIMIT 1   [ RunTime:0.000448s ]
NOTIC: [2] Illegal string offset 'comment_id' D:\xampp\htdocs\ms\Application\Home\Controller\PaintingController.class.php 第 74 行.
SQL: SHOW COLUMNS FROM `ms_painting_comment` [ RunTime:0.002646s ]
SQL: SELECT * FROM `ms_painting_comment` WHERE ( `id` = 2 )  [ RunTime:0.000429s ]
INFO: [ app_end ] --START--
INFO: Run Behavior\ShowPageTrace [ RunTime:0.000659s ]
INFO: [ app_end ] --END-- [ RunTime:0.000863s ]

[ 2016-08-09T11:27:54+08:00 ] ::1 /ms/index.php?s=/Home/Painting/reviewDetail/paintingId/2
INFO: [ app_init ] --START--
INFO: Run Common\Behavior\InitHook [ RunTime:0.004250s ]
INFO: [ app_init ] --END-- [ RunTime:0.005484s ]
INFO: [ app_begin ] --START--
INFO: Run Behavior\ReadHtmlCache [ RunTime:0.000802s ]
INFO: [ app_begin ] --END-- [ RunTime:0.001076s ]
SQL: SHOW COLUMNS FROM `ms_config` [ RunTime:0.038115s ]
SQL: SELECT `type`,`name`,`value` FROM `ms_config` WHERE ( `status` = 1 )  [ RunTime:0.000589s ]
SQL: SHOW COLUMNS FROM `ms_painting` [ RunTime:0.003811s ]
SQL: SELECT `uid`,`content`,`category`,`date`,`pic_url`,`video_url`,`comment_id` FROM `ms_painting` WHERE ( `id` = 2 ) LIMIT 1   [ RunTime:0.000554s ]
NOTIC: [2] Illegal string offset 'comment_id' D:\xampp\htdocs\ms\Application\Home\Controller\PaintingController.class.php 第 74 行.
SQL: SHOW COLUMNS FROM `ms_painting_comment` [ RunTime:0.003645s ]
SQL: SELECT * FROM `ms_painting_comment` WHERE ( `id` = 2 )  [ RunTime:0.000501s ]
NOTIC: [2] Illegal string offset 'comment_id' D:\xampp\htdocs\ms\Application\Home\Controller\PaintingController.class.php 第 75 行.
INFO: [ app_end ] --START--
INFO: Run Behavior\ShowPageTrace [ RunTime:0.000892s ]
INFO: [ app_end ] --END-- [ RunTime:0.001152s ]

[ 2016-08-09T11:28:01+08:00 ] ::1 /ms/index.php?s=/Home/Painting/reviewDetail/paintingId/2
INFO: [ app_init ] --START--
INFO: Run Common\Behavior\InitHook [ RunTime:0.006141s ]
INFO: [ app_init ] --END-- [ RunTime:0.007533s ]
INFO: [ app_begin ] --START--
INFO: Run Behavior\ReadHtmlCache [ RunTime:0.001143s ]
INFO: [ app_begin ] --END-- [ RunTime:0.001510s ]
SQL: SHOW COLUMNS FROM `ms_config` [ RunTime:0.004972s ]
SQL: SELECT `type`,`name`,`value` FROM `ms_config` WHERE ( `status` = 1 )  [ RunTime:0.000598s ]
SQL: SHOW COLUMNS FROM `ms_painting` [ RunTime:0.003469s ]
SQL: SELECT `uid`,`content`,`category`,`date`,`pic_url`,`video_url`,`comment_id` FROM `ms_painting` WHERE ( `id` = 2 ) LIMIT 1   [ RunTime:0.000443s ]
NOTIC: [2] Illegal string offset 'comment_id' D:\xampp\htdocs\ms\Application\Home\Controller\PaintingController.class.php 第 74 行.
SQL: SHOW COLUMNS FROM `ms_painting_comment` [ RunTime:0.003188s ]
SQL: SELECT * FROM `ms_painting_comment` WHERE ( `id` = 2 )  [ RunTime:0.000426s ]
NOTIC: [2] Illegal string offset 'comment_id' D:\xampp\htdocs\ms\Application\Home\Controller\PaintingController.class.php 第 75 行.
INFO: [ app_end ] --START--
INFO: Run Behavior\ShowPageTrace [ RunTime:0.000878s ]
INFO: [ app_end ] --END-- [ RunTime:0.001127s ]

[ 2016-08-09T11:28:06+08:00 ] ::1 /ms/index.php?s=/Home/Painting/reviewDetail/paintingId/2
INFO: [ app_init ] --START--
INFO: Run Common\Behavior\InitHook [ RunTime:0.002643s ]
INFO: [ app_init ] --END-- [ RunTime:0.003383s ]
INFO: [ app_begin ] --START--
INFO: Run Behavior\ReadHtmlCache [ RunTime:0.000733s ]
INFO: [ app_begin ] --END-- [ RunTime:0.000996s ]
SQL: SHOW COLUMNS FROM `ms_config` [ RunTime:0.004740s ]
SQL: SELECT `type`,`name`,`value` FROM `ms_config` WHERE ( `status` = 1 )  [ RunTime:0.000803s ]
SQL: SHOW COLUMNS FROM `ms_painting` [ RunTime:0.003526s ]
SQL: SELECT `uid`,`content`,`category`,`date`,`pic_url`,`video_url`,`comment_id` FROM `ms_painting` WHERE ( `id` = 2 ) LIMIT 1   [ RunTime:0.000465s ]
NOTIC: [2] Illegal string offset 'comment_id' D:\xampp\htdocs\ms\Application\Home\Controller\PaintingController.class.php 第 74 行.
SQL: SHOW COLUMNS FROM `ms_painting_comment` [ RunTime:0.003224s ]
SQL: SELECT * FROM `ms_painting_comment` WHERE ( `id` = 2 )  [ RunTime:0.000535s ]
NOTIC: [2] Illegal string offset 'comment_id' D:\xampp\htdocs\ms\Application\Home\Controller\PaintingController.class.php 第 75 行.
INFO: [ app_end ] --START--
INFO: Run Behavior\ShowPageTrace [ RunTime:0.000862s ]
INFO: [ app_end ] --END-- [ RunTime:0.001116s ]

[ 2016-08-09T11:28:37+08:00 ] ::1 /ms/index.php?s=/Home/Painting/reviewDetail/paintingId/2
INFO: [ app_init ] --START--
INFO: Run Common\Behavior\InitHook [ RunTime:0.006200s ]
INFO: [ app_init ] --END-- [ RunTime:0.007572s ]
INFO: [ app_begin ] --START--
INFO: Run Behavior\ReadHtmlCache [ RunTime:0.000579s ]
INFO: [ app_begin ] --END-- [ RunTime:0.000770s ]
SQL: SHOW COLUMNS FROM `ms_config` [ RunTime:0.004161s ]
SQL: SELECT `type`,`name`,`value` FROM `ms_config` WHERE ( `status` = 1 )  [ RunTime:0.000454s ]
SQL: SHOW COLUMNS FROM `ms_painting` [ RunTime:0.002622s ]
SQL: SELECT `uid`,`content`,`category`,`date`,`pic_url`,`video_url`,`comment_id` FROM `ms_painting` WHERE ( `id` = 2 ) LIMIT 1   [ RunTime:0.000385s ]
NOTIC: [2] Illegal string offset 'comment_id' D:\xampp\htdocs\ms\Application\Home\Controller\PaintingController.class.php 第 74 行.
SQL: SHOW COLUMNS FROM `ms_painting_comment` [ RunTime:0.002501s ]
SQL: SELECT * FROM `ms_painting_comment` WHERE ( `id` = 2 )  [ RunTime:0.000365s ]
NOTIC: [2] Illegal string offset 'comment_id' D:\xampp\htdocs\ms\Application\Home\Controller\PaintingController.class.php 第 75 行.
INFO: [ app_end ] --START--
INFO: Run Behavior\ShowPageTrace [ RunTime:0.000708s ]
INFO: [ app_end ] --END-- [ RunTime:0.000909s ]

[ 2016-08-09T11:28:46+08:00 ] ::1 /ms/index.php?s=/Home/Painting/reviewDetail/paintingId/2
INFO: [ app_init ] --START--
INFO: Run Common\Behavior\InitHook [ RunTime:0.005076s ]
INFO: [ app_init ] --END-- [ RunTime:0.006525s ]
INFO: [ app_begin ] --START--
INFO: Run Behavior\ReadHtmlCache [ RunTime:0.000844s ]
INFO: [ app_begin ] --END-- [ RunTime:0.001139s ]
SQL: SHOW COLUMNS FROM `ms_config` [ RunTime:0.005542s ]
SQL: SELECT `type`,`name`,`value` FROM `ms_config` WHERE ( `status` = 1 )  [ RunTime:0.000590s ]
SQL: SHOW COLUMNS FROM `ms_painting` [ RunTime:0.003597s ]
SQL: SELECT `uid`,`content`,`category`,`date`,`pic_url`,`video_url`,`comment_id` FROM `ms_painting` WHERE ( `id` = 2 ) LIMIT 1   [ RunTime:0.000500s ]
NOTIC: [2] Illegal string offset 'comment_id' D:\xampp\htdocs\ms\Application\Home\Controller\PaintingController.class.php 第 74 行.
SQL: SHOW COLUMNS FROM `ms_painting_comment` [ RunTime:0.003637s ]
SQL: SELECT * FROM `ms_painting_comment` WHERE ( `id` = 2 )  [ RunTime:0.000495s ]
NOTIC: [2] Illegal string offset 'comment_id' D:\xampp\htdocs\ms\Application\Home\Controller\PaintingController.class.php 第 75 行.
INFO: [ app_end ] --START--
INFO: Run Behavior\ShowPageTrace [ RunTime:0.001448s ]
INFO: [ app_end ] --END-- [ RunTime:0.001918s ]

[ 2016-08-09T11:28:55+08:00 ] ::1 /ms/index.php?s=/Home/Painting/reviewDetail/paintingId/1
INFO: [ app_init ] --START--
INFO: Run Common\Behavior\InitHook [ RunTime:0.002506s ]
INFO: [ app_init ] --END-- [ RunTime:0.003162s ]
INFO: [ app_begin ] --START--
INFO: Run Behavior\ReadHtmlCache [ RunTime:0.000630s ]
INFO: [ app_begin ] --END-- [ RunTime:0.000869s ]
SQL: SHOW COLUMNS FROM `ms_config` [ RunTime:0.036895s ]
SQL: SELECT `type`,`name`,`value` FROM `ms_config` WHERE ( `status` = 1 )  [ RunTime:0.000494s ]
SQL: SHOW COLUMNS FROM `ms_painting` [ RunTime:0.003111s ]
SQL: SELECT `uid`,`content`,`category`,`date`,`pic_url`,`video_url`,`comment_id` FROM `ms_painting` WHERE ( `id` = 1 ) LIMIT 1   [ RunTime:0.000410s ]
NOTIC: [2] Illegal string offset 'comment_id' D:\xampp\htdocs\ms\Application\Home\Controller\PaintingController.class.php 第 74 行.
SQL: SHOW COLUMNS FROM `ms_painting_comment` [ RunTime:0.044930s ]
SQL: SELECT * FROM `ms_painting_comment` WHERE ( `id` = 1 )  [ RunTime:0.000403s ]
NOTIC: [2] Illegal string offset 'comment_id' D:\xampp\htdocs\ms\Application\Home\Controller\PaintingController.class.php 第 75 行.
INFO: [ app_end ] --START--
INFO: Run Behavior\ShowPageTrace [ RunTime:0.000772s ]
INFO: [ app_end ] --END-- [ RunTime:0.000991s ]

[ 2016-08-09T11:29:28+08:00 ] ::1 /ms/index.php?s=/Home/Painting/reviewDetail/paintingId/1
INFO: [ app_init ] --START--
INFO: Run Common\Behavior\InitHook [ RunTime:0.004625s ]
INFO: [ app_init ] --END-- [ RunTime:0.006019s ]
INFO: [ app_begin ] --START--
INFO: Run Behavior\ReadHtmlCache [ RunTime:0.000742s ]
INFO: [ app_begin ] --END-- [ RunTime:0.001001s ]
SQL: SHOW COLUMNS FROM `ms_config` [ RunTime:0.004685s ]
SQL: SELECT `type`,`name`,`value` FROM `ms_config` WHERE ( `status` = 1 )  [ RunTime:0.000523s ]
SQL: SHOW COLUMNS FROM `ms_painting` [ RunTime:0.003190s ]
SQL: SELECT `uid`,`content`,`category`,`date`,`pic_url`,`video_url`,`comment_id` FROM `ms_painting` WHERE ( `id` = 1 ) LIMIT 1   [ RunTime:0.000455s ]
NOTIC: [2] Illegal string offset 'comment_id' D:\xampp\htdocs\ms\Application\Home\Controller\PaintingController.class.php 第 74 行.
SQL: SHOW COLUMNS FROM `ms_painting_comment` [ RunTime:0.003813s ]
SQL: SELECT * FROM `ms_painting_comment` WHERE ( `id` = 1 )  [ RunTime:0.000416s ]
NOTIC: [2] Illegal string offset 'comment_id' D:\xampp\htdocs\ms\Application\Home\Controller\PaintingController.class.php 第 75 行.
INFO: [ app_end ] --START--
INFO: Run Behavior\ShowPageTrace [ RunTime:0.000847s ]
INFO: [ app_end ] --END-- [ RunTime:0.001098s ]

[ 2016-08-09T11:29:30+08:00 ] ::1 /ms/index.php?s=/Home/Painting/reviewDetail/paintingId/1
INFO: [ app_init ] --START--
INFO: Run Common\Behavior\InitHook [ RunTime:0.002926s ]
INFO: [ app_init ] --END-- [ RunTime:0.003625s ]
INFO: [ app_begin ] --START--
INFO: Run Behavior\ReadHtmlCache [ RunTime:0.000845s ]
INFO: [ app_begin ] --END-- [ RunTime:0.001081s ]
SQL: SHOW COLUMNS FROM `ms_config` [ RunTime:0.003392s ]
SQL: SELECT `type`,`name`,`value` FROM `ms_config` WHERE ( `status` = 1 )  [ RunTime:0.000584s ]
SQL: SHOW COLUMNS FROM `ms_painting` [ RunTime:0.002774s ]
SQL: SELECT `uid`,`content`,`category`,`date`,`pic_url`,`video_url`,`comment_id` FROM `ms_painting` WHERE ( `id` = 1 ) LIMIT 1   [ RunTime:0.000394s ]
NOTIC: [2] Illegal string offset 'comment_id' D:\xampp\htdocs\ms\Application\Home\Controller\PaintingController.class.php 第 74 行.
SQL: SHOW COLUMNS FROM `ms_painting_comment` [ RunTime:0.002837s ]
SQL: SELECT * FROM `ms_painting_comment` WHERE ( `id` = 1 )  [ RunTime:0.000372s ]
NOTIC: [2] Illegal string offset 'comment_id' D:\xampp\htdocs\ms\Application\Home\Controller\PaintingController.class.php 第 75 行.
INFO: [ app_end ] --START--
INFO: Run Behavior\ShowPageTrace [ RunTime:0.000837s ]
INFO: [ app_end ] --END-- [ RunTime:0.001023s ]

[ 2016-08-09T11:29:43+08:00 ] ::1 /ms/index.php?s=/Home/Painting/reviewDetail/paintingId/1
INFO: [ app_init ] --START--
INFO: Run Common\Behavior\InitHook [ RunTime:0.002721s ]
INFO: [ app_init ] --END-- [ RunTime:0.003513s ]
INFO: [ app_begin ] --START--
INFO: Run Behavior\ReadHtmlCache [ RunTime:0.000734s ]
INFO: [ app_begin ] --END-- [ RunTime:0.000969s ]
SQL: SHOW COLUMNS FROM `ms_config` [ RunTime:0.007048s ]
SQL: SELECT `type`,`name`,`value` FROM `ms_config` WHERE ( `status` = 1 )  [ RunTime:0.000526s ]
SQL: SHOW COLUMNS FROM `ms_painting` [ RunTime:0.002897s ]
SQL: SELECT `uid`,`content`,`category`,`date`,`pic_url`,`video_url`,`comment_id` FROM `ms_painting` WHERE ( `id` = 1 ) LIMIT 1   [ RunTime:0.000460s ]
NOTIC: [2] Illegal string offset 'comment_id' D:\xampp\htdocs\ms\Application\Home\Controller\PaintingController.class.php 第 74 行.
SQL: SHOW COLUMNS FROM `ms_painting_comment` [ RunTime:0.002932s ]
SQL: SELECT * FROM `ms_painting_comment` WHERE ( `id` IN ('1') )  [ RunTime:0.015686s ]
NOTIC: [2] Illegal string offset 'comment_id' D:\xampp\htdocs\ms\Application\Home\Controller\PaintingController.class.php 第 75 行.
INFO: [ app_end ] --START--
INFO: Run Behavior\ShowPageTrace [ RunTime:0.000663s ]
INFO: [ app_end ] --END-- [ RunTime:0.000870s ]

[ 2016-08-09T11:31:08+08:00 ] ::1 /ms/index.php?s=/Home/Painting/reviewDetail/paintingId/1
INFO: [ app_init ] --START--
INFO: Run Common\Behavior\InitHook [ RunTime:0.004838s ]
INFO: [ app_init ] --END-- [ RunTime:0.006501s ]
INFO: [ app_begin ] --START--
INFO: Run Behavior\ReadHtmlCache [ RunTime:0.001483s ]
INFO: [ app_begin ] --END-- [ RunTime:0.001989s ]
SQL: SHOW COLUMNS FROM `ms_config` [ RunTime:0.005255s ]
SQL: SELECT `type`,`name`,`value` FROM `ms_config` WHERE ( `status` = 1 )  [ RunTime:0.000705s ]
SQL: SHOW COLUMNS FROM `ms_painting` [ RunTime:0.003715s ]
SQL: SELECT `uid`,`content`,`category`,`date`,`pic_url`,`video_url`,`comment_id` FROM `ms_painting` WHERE ( `id` = 1 ) LIMIT 1   [ RunTime:0.000584s ]
NOTIC: [2] Illegal string offset 'comment_id' D:\xampp\htdocs\ms\Application\Home\Controller\PaintingController.class.php 第 74 行.
SQL: SHOW COLUMNS FROM `ms_painting_comment` [ RunTime:0.004492s ]
SQL: SELECT * FROM `ms_painting_comment` WHERE ( `id` = 1 )  [ RunTime:0.000448s ]
NOTIC: [2] Illegal string offset 'comment_id' D:\xampp\htdocs\ms\Application\Home\Controller\PaintingController.class.php 第 75 行.
INFO: [ app_end ] --START--
INFO: Run Behavior\ShowPageTrace [ RunTime:0.000952s ]
INFO: [ app_end ] --END-- [ RunTime:0.001230s ]

[ 2016-08-09T11:31:24+08:00 ] ::1 /ms/index.php?s=/Home/Painting/reviewDetail/paintingId/1
INFO: [ app_init ] --START--
INFO: Run Common\Behavior\InitHook [ RunTime:0.002424s ]
INFO: [ app_init ] --END-- [ RunTime:0.003136s ]
INFO: [ app_begin ] --START--
INFO: Run Behavior\ReadHtmlCache [ RunTime:0.000797s ]
INFO: [ app_begin ] --END-- [ RunTime:0.001057s ]
SQL: SHOW COLUMNS FROM `ms_config` [ RunTime:0.024139s ]
SQL: SELECT `type`,`name`,`value` FROM `ms_config` WHERE ( `status` = 1 )  [ RunTime:0.000686s ]
SQL: SHOW COLUMNS FROM `ms_painting` [ RunTime:0.003451s ]
SQL: SELECT `uid`,`content`,`category`,`date`,`pic_url`,`video_url`,`comment_id` FROM `ms_painting` WHERE ( `id` = 1 ) LIMIT 1   [ RunTime:0.000473s ]
NOTIC: [2] Illegal string offset 'comment_id' D:\xampp\htdocs\ms\Application\Home\Controller\PaintingController.class.php 第 74 行.
SQL: SHOW COLUMNS FROM `ms_painting_comment` [ RunTime:0.003173s ]
SQL: SELECT * FROM `ms_painting_comment` WHERE ( `id` = 1 )  [ RunTime:0.000451s ]
INFO: [ app_end ] --START--
INFO: Run Behavior\ShowPageTrace [ RunTime:0.000840s ]
INFO: [ app_end ] --END-- [ RunTime:0.001081s ]

[ 2016-08-09T11:31:33+08:00 ] ::1 /ms/index.php?s=/Home/Painting/reviewDetail/paintingId/1
INFO: [ app_init ] --START--
INFO: Run Common\Behavior\InitHook [ RunTime:0.002695s ]
INFO: [ app_init ] --END-- [ RunTime:0.003344s ]
INFO: [ app_begin ] --START--
INFO: Run Behavior\ReadHtmlCache [ RunTime:0.000745s ]
INFO: [ app_begin ] --END-- [ RunTime:0.000951s ]
SQL: SHOW COLUMNS FROM `ms_config` [ RunTime:0.026979s ]
SQL: SELECT `type`,`name`,`value` FROM `ms_config` WHERE ( `status` = 1 )  [ RunTime:0.000454s ]
SQL: SHOW COLUMNS FROM `ms_painting` [ RunTime:0.002915s ]
SQL: SELECT `uid`,`content`,`category`,`date`,`pic_url`,`video_url`,`comment_id` FROM `ms_painting` WHERE ( `id` = 1 ) LIMIT 1   [ RunTime:0.000368s ]
NOTIC: [2] Illegal string offset 'comment_id' D:\xampp\htdocs\ms\Application\Home\Controller\PaintingController.class.php 第 74 行.
SQL: SHOW COLUMNS FROM `ms_painting_comment` [ RunTime:0.002536s ]
SQL: SELECT * FROM `ms_painting_comment` WHERE ( `id` = 1 )  [ RunTime:0.000386s ]
NOTIC: [2] Illegal string offset 'comment_id' D:\xampp\htdocs\ms\Application\Home\Controller\PaintingController.class.php 第 75 行.
INFO: [ app_end ] --START--
INFO: Run Behavior\ShowPageTrace [ RunTime:0.000777s ]
INFO: [ app_end ] --END-- [ RunTime:0.000958s ]

[ 2016-08-09T11:31:55+08:00 ] ::1 /ms/index.php?s=/Home/Painting/reviewDetail/paintingId/1
INFO: [ app_init ] --START--
INFO: Run Common\Behavior\InitHook [ RunTime:0.003807s ]
INFO: [ app_init ] --END-- [ RunTime:0.004677s ]
INFO: [ app_begin ] --START--
INFO: Run Behavior\ReadHtmlCache [ RunTime:0.000855s ]
INFO: [ app_begin ] --END-- [ RunTime:0.001163s ]
SQL: SHOW COLUMNS FROM `ms_config` [ RunTime:0.003901s ]
SQL: SELECT `type`,`name`,`value` FROM `ms_config` WHERE ( `status` = 1 )  [ RunTime:0.000467s ]
SQL: SHOW COLUMNS FROM `ms_painting` [ RunTime:0.002683s ]
SQL: SELECT `uid`,`content`,`category`,`date`,`pic_url`,`video_url`,`comment_id` FROM `ms_painting` WHERE ( `id` = 1 ) LIMIT 1   [ RunTime:0.000393s ]
SQL: SHOW COLUMNS FROM `ms_painting_comment` [ RunTime:0.003018s ]
SQL: SELECT * FROM `ms_painting_comment` WHERE ( `id` IN (3,4,7,8) )  [ RunTime:0.034615s ]
INFO: [ app_end ] --START--
INFO: Run Behavior\ShowPageTrace [ RunTime:0.000730s ]
INFO: [ app_end ] --END-- [ RunTime:0.000920s ]

[ 2016-08-09T11:32:19+08:00 ] ::1 /ms/index.php?s=/Home/Painting/reviewDetail/paintingId/1
INFO: [ app_init ] --START--
INFO: Run Common\Behavior\InitHook [ RunTime:0.006401s ]
INFO: [ app_init ] --END-- [ RunTime:0.007773s ]
INFO: [ app_begin ] --START--
INFO: Run Behavior\ReadHtmlCache [ RunTime:0.001415s ]
INFO: [ app_begin ] --END-- [ RunTime:0.001913s ]
SQL: SHOW COLUMNS FROM `ms_config` [ RunTime:0.007733s ]
SQL: SELECT `type`,`name`,`value` FROM `ms_config` WHERE ( `status` = 1 )  [ RunTime:0.000631s ]
SQL: SHOW COLUMNS FROM `ms_painting` [ RunTime:0.013663s ]
SQL: SELECT `uid`,`content`,`category`,`date`,`pic_url`,`video_url`,`comment_id` FROM `ms_painting` WHERE ( `id` = 1 ) LIMIT 1   [ RunTime:0.000571s ]
SQL: SHOW COLUMNS FROM `ms_painting_comment` [ RunTime:0.003648s ]
SQL: SELECT * FROM `ms_painting_comment` WHERE ( `id` IN (3,4,7,8) )  [ RunTime:0.000525s ]
INFO: [ app_end ] --START--
INFO: Run Behavior\ShowPageTrace [ RunTime:0.001020s ]
INFO: [ app_end ] --END-- [ RunTime:0.001329s ]

[ 2016-08-09T11:32:56+08:00 ] ::1 /ms/index.php?s=/Home/Painting/reviewDetail/paintingId/1
INFO: [ app_init ] --START--
INFO: Run Common\Behavior\InitHook [ RunTime:0.003567s ]
INFO: [ app_init ] --END-- [ RunTime:0.005028s ]
INFO: [ app_begin ] --START--
INFO: Run Behavior\ReadHtmlCache [ RunTime:0.000650s ]
INFO: [ app_begin ] --END-- [ RunTime:0.000877s ]
SQL: SHOW COLUMNS FROM `ms_config` [ RunTime:0.003036s ]
SQL: SELECT `type`,`name`,`value` FROM `ms_config` WHERE ( `status` = 1 )  [ RunTime:0.000551s ]
SQL: SHOW COLUMNS FROM `ms_painting` [ RunTime:0.003173s ]
SQL: SELECT `uid`,`content`,`category`,`date`,`pic_url`,`video_url`,`comment_id` FROM `ms_painting` WHERE ( `id` = 1 ) LIMIT 1   [ RunTime:0.000410s ]
SQL: SHOW COLUMNS FROM `ms_painting_comment` [ RunTime:0.003082s ]
SQL: SELECT * FROM `ms_painting_comment` WHERE ( `id` IN (3,4,7,8) )  [ RunTime:0.000378s ]
INFO: [ app_end ] --START--
INFO: Run Behavior\ShowPageTrace [ RunTime:0.000672s ]
INFO: [ app_end ] --END-- [ RunTime:0.000861s ]

[ 2016-08-09T11:37:29+08:00 ] ::1 /ms/index.php?s=/Home/Painting/reviewDetail/paintingId/2
INFO: [ app_init ] --START--
INFO: Run Common\Behavior\InitHook [ RunTime:0.002653s ]
INFO: [ app_init ] --END-- [ RunTime:0.003359s ]
INFO: [ app_begin ] --START--
INFO: Run Behavior\ReadHtmlCache [ RunTime:0.000695s ]
INFO: [ app_begin ] --END-- [ RunTime:0.000890s ]
SQL: SHOW COLUMNS FROM `ms_config` [ RunTime:0.004148s ]
SQL: SELECT `type`,`name`,`value` FROM `ms_config` WHERE ( `status` = 1 )  [ RunTime:0.000465s ]
SQL: SHOW COLUMNS FROM `ms_painting` [ RunTime:0.002815s ]
SQL: SELECT `uid`,`content`,`category`,`date`,`pic_url`,`video_url`,`comment_id` FROM `ms_painting` WHERE ( `id` = 2 ) LIMIT 1   [ RunTime:0.000384s ]
SQL: SHOW COLUMNS FROM `ms_painting_comment` [ RunTime:0.002648s ]
SQL: SELECT * FROM `ms_painting_comment` WHERE ( `id` IN (5,6) )  [ RunTime:0.000395s ]

[ 2016-08-09T11:37:36+08:00 ] ::1 /ms/index.php?s=/Home/Painting/reviewDetail/paintingId/1
INFO: [ app_init ] --START--
INFO: Run Common\Behavior\InitHook [ RunTime:0.005602s ]
INFO: [ app_init ] --END-- [ RunTime:0.007183s ]
INFO: [ app_begin ] --START--
INFO: Run Behavior\ReadHtmlCache [ RunTime:0.001540s ]
INFO: [ app_begin ] --END-- [ RunTime:0.002059s ]
SQL: SHOW COLUMNS FROM `ms_config` [ RunTime:0.008284s ]
SQL: SELECT `type`,`name`,`value` FROM `ms_config` WHERE ( `status` = 1 )  [ RunTime:0.001310s ]
SQL: SHOW COLUMNS FROM `ms_painting` [ RunTime:0.006402s ]
SQL: SELECT `uid`,`content`,`category`,`date`,`pic_url`,`video_url`,`comment_id` FROM `ms_painting` WHERE ( `id` = 1 ) LIMIT 1   [ RunTime:0.000883s ]
SQL: SHOW COLUMNS FROM `ms_painting_comment` [ RunTime:0.006364s ]
SQL: SELECT * FROM `ms_painting_comment` WHERE ( `id` IN (3,4,7,8) )  [ RunTime:0.000895s ]

[ 2016-08-09T11:44:46+08:00 ] ::1 /ms/index.php?s=/Home/Painting/reviewDetail/myPainting
INFO: [ app_init ] --START--
INFO: Run Common\Behavior\InitHook [ RunTime:0.004460s ]
INFO: [ app_init ] --END-- [ RunTime:0.005534s ]
INFO: [ app_begin ] --START--
INFO: Run Behavior\ReadHtmlCache [ RunTime:0.001155s ]
INFO: [ app_begin ] --END-- [ RunTime:0.001604s ]
SQL: SHOW COLUMNS FROM `ms_config` [ RunTime:0.004316s ]
SQL: SELECT `type`,`name`,`value` FROM `ms_config` WHERE ( `status` = 1 )  [ RunTime:0.000501s ]
INFO: [ app_end ] --START--
INFO: Run Behavior\ShowPageTrace [ RunTime:0.000842s ]
INFO: [ app_end ] --END-- [ RunTime:0.001115s ]

[ 2016-08-09T11:44:49+08:00 ] ::1 /ms/index.php?s=/Home/Painting/reviewDetail/myPainting
INFO: [ app_init ] --START--
INFO: Run Common\Behavior\InitHook [ RunTime:0.003246s ]
INFO: [ app_init ] --END-- [ RunTime:0.004094s ]
INFO: [ app_begin ] --START--
INFO: Run Behavior\ReadHtmlCache [ RunTime:0.000939s ]
INFO: [ app_begin ] --END-- [ RunTime:0.001253s ]
SQL: SHOW COLUMNS FROM `ms_config` [ RunTime:0.030340s ]
SQL: SELECT `type`,`name`,`value` FROM `ms_config` WHERE ( `status` = 1 )  [ RunTime:0.001256s ]
INFO: [ app_end ] --START--
INFO: Run Behavior\ShowPageTrace [ RunTime:0.001576s ]
INFO: [ app_end ] --END-- [ RunTime:0.002067s ]

[ 2016-08-09T11:45:09+08:00 ] ::1 /ms/index.php?s=/Home/Painting/myPainting
INFO: [ app_init ] --START--
INFO: Run Common\Behavior\InitHook [ RunTime:0.002373s ]
INFO: [ app_init ] --END-- [ RunTime:0.002978s ]
INFO: [ app_begin ] --START--
INFO: Run Behavior\ReadHtmlCache [ RunTime:0.000579s ]
INFO: [ app_begin ] --END-- [ RunTime:0.000785s ]
SQL: SHOW COLUMNS FROM `ms_config` [ RunTime:0.004307s ]
SQL: SELECT `type`,`name`,`value` FROM `ms_config` WHERE ( `status` = 1 )  [ RunTime:0.000455s ]
INFO: [ app_end ] --START--
INFO: Run Behavior\ShowPageTrace [ RunTime:0.000650s ]
INFO: [ app_end ] --END-- [ RunTime:0.000834s ]

[ 2016-08-09T11:45:20+08:00 ] ::1 /ms/index.php?s=/Home/Painting/myPainting/status/1
INFO: [ app_init ] --START--
INFO: Run Common\Behavior\InitHook [ RunTime:0.002311s ]
INFO: [ app_init ] --END-- [ RunTime:0.002891s ]
INFO: [ app_begin ] --START--
INFO: Run Behavior\ReadHtmlCache [ RunTime:0.000593s ]
INFO: [ app_begin ] --END-- [ RunTime:0.000819s ]
SQL: SHOW COLUMNS FROM `ms_config` [ RunTime:0.024237s ]
SQL: SELECT `type`,`name`,`value` FROM `ms_config` WHERE ( `status` = 1 )  [ RunTime:0.000676s ]
INFO: [ app_end ] --START--
INFO: Run Behavior\ShowPageTrace [ RunTime:0.000733s ]
INFO: [ app_end ] --END-- [ RunTime:0.000946s ]

[ 2016-08-09T11:47:17+08:00 ] ::1 /ms/index.php?s=/Home/Painting/paintingList
INFO: [ app_init ] --START--
INFO: Run Common\Behavior\InitHook [ RunTime:0.002987s ]
INFO: [ app_init ] --END-- [ RunTime:0.003734s ]
INFO: [ app_begin ] --START--
INFO: Run Behavior\ReadHtmlCache [ RunTime:0.000878s ]
INFO: [ app_begin ] --END-- [ RunTime:0.001110s ]
SQL: SHOW COLUMNS FROM `ms_config` [ RunTime:0.008494s ]
SQL: SELECT `type`,`name`,`value` FROM `ms_config` WHERE ( `status` = 1 )  [ RunTime:0.000472s ]
SQL: SHOW COLUMNS FROM `ms_painting` [ RunTime:0.002955s ]
SQL: SELECT COUNT(*) AS tp_count FROM `ms_painting` WHERE ( `status` = 1 ) LIMIT 1   [ RunTime:0.041778s ]
SQL: SELECT `uid`,`content`,`category`,`date`,`pic_url`,`video_url`,`comment_id` FROM `ms_painting` WHERE ( `status` = 1 ) LIMIT 0,10   [ RunTime:0.000482s ]
SQL: SHOW COLUMNS FROM `ms_painting_comment` [ RunTime:0.002685s ]
SQL: SELECT * FROM `ms_painting_comment` WHERE ( `id` IN (3,4,7,8) ) LIMIT 2   [ RunTime:0.000405s ]

[ 2016-08-09T11:47:30+08:00 ] ::1 /ms/index.php?s=/Home/Painting/reviewDetail/paintingId/2
INFO: [ app_init ] --START--
INFO: Run Common\Behavior\InitHook [ RunTime:0.002557s ]
INFO: [ app_init ] --END-- [ RunTime:0.003164s ]
INFO: [ app_begin ] --START--
INFO: Run Behavior\ReadHtmlCache [ RunTime:0.000588s ]
INFO: [ app_begin ] --END-- [ RunTime:0.000791s ]
SQL: SHOW COLUMNS FROM `ms_config` [ RunTime:0.002781s ]
SQL: SELECT `type`,`name`,`value` FROM `ms_config` WHERE ( `status` = 1 )  [ RunTime:0.000716s ]
SQL: SHOW COLUMNS FROM `ms_painting` [ RunTime:0.002806s ]
SQL: SELECT `uid`,`content`,`category`,`date`,`pic_url`,`video_url`,`comment_id` FROM `ms_painting` WHERE ( `id` = 2 ) LIMIT 1   [ RunTime:0.000380s ]
SQL: SHOW COLUMNS FROM `ms_painting_comment` [ RunTime:0.002581s ]
SQL: SELECT * FROM `ms_painting_comment` WHERE ( `id` = null )  [ RunTime:0.013989s ]

[ 2016-08-09T11:47:57+08:00 ] ::1 /ms/index.php?s=/Home/Painting/reviewDetail/paintingId/2
INFO: [ app_init ] --START--
INFO: Run Common\Behavior\InitHook [ RunTime:0.007238s ]
INFO: [ app_init ] --END-- [ RunTime:0.008891s ]
INFO: [ app_begin ] --START--
INFO: Run Behavior\ReadHtmlCache [ RunTime:0.000755s ]
INFO: [ app_begin ] --END-- [ RunTime:0.001012s ]
SQL: SHOW COLUMNS FROM `ms_config` [ RunTime:0.004650s ]
SQL: SELECT `type`,`name`,`value` FROM `ms_config` WHERE ( `status` = 1 )  [ RunTime:0.000574s ]
SQL: SHOW COLUMNS FROM `ms_painting` [ RunTime:0.003283s ]
SQL: SELECT `uid`,`content`,`category`,`date`,`pic_url`,`video_url`,`comment_id` FROM `ms_painting` WHERE ( `id` = 2 ) LIMIT 1   [ RunTime:0.000450s ]
SQL: SHOW COLUMNS FROM `ms_painting_comment` [ RunTime:0.003038s ]
SQL: SELECT * FROM `ms_painting_comment` WHERE ( `id` = null )  [ RunTime:0.000389s ]

[ 2016-08-09T11:48:26+08:00 ] ::1 /ms/index.php?s=/Home/Painting/paintingList
INFO: [ app_init ] --START--
INFO: Run Common\Behavior\InitHook [ RunTime:0.002431s ]
INFO: [ app_init ] --END-- [ RunTime:0.003028s ]
INFO: [ app_begin ] --START--
INFO: Run Behavior\ReadHtmlCache [ RunTime:0.000574s ]
INFO: [ app_begin ] --END-- [ RunTime:0.000770s ]
SQL: SHOW COLUMNS FROM `ms_config` [ RunTime:0.004061s ]
SQL: SELECT `type`,`name`,`value` FROM `ms_config` WHERE ( `status` = 1 )  [ RunTime:0.000449s ]
SQL: SHOW COLUMNS FROM `ms_painting` [ RunTime:0.002644s ]
SQL: SELECT COUNT(*) AS tp_count FROM `ms_painting` WHERE ( `status` = 1 ) LIMIT 1   [ RunTime:0.000356s ]
SQL: SELECT `uid`,`content`,`category`,`date`,`pic_url`,`video_url`,`comment_id` FROM `ms_painting` WHERE ( `status` = 1 ) LIMIT 0,10   [ RunTime:0.000332s ]
SQL: SHOW COLUMNS FROM `ms_painting_comment` [ RunTime:0.002658s ]
SQL: SELECT * FROM `ms_painting_comment` WHERE ( `id` IN (3,4,7,8) ) LIMIT 2   [ RunTime:0.000399s ]

[ 2016-08-09T11:49:08+08:00 ] ::1 /ms/index.php?s=/Home/Painting/paintingList
INFO: [ app_init ] --START--
INFO: Run Common\Behavior\InitHook [ RunTime:0.003076s ]
INFO: [ app_init ] --END-- [ RunTime:0.003932s ]
INFO: [ app_begin ] --START--
INFO: Run Behavior\ReadHtmlCache [ RunTime:0.000853s ]
INFO: [ app_begin ] --END-- [ RunTime:0.001159s ]
SQL: SHOW COLUMNS FROM `ms_config` [ RunTime:0.005742s ]
SQL: SELECT `type`,`name`,`value` FROM `ms_config` WHERE ( `status` = 1 )  [ RunTime:0.000713s ]
SQL: SHOW COLUMNS FROM `ms_painting` [ RunTime:0.004014s ]
SQL: SELECT COUNT(*) AS tp_count FROM `ms_painting` WHERE ( `status` = 1 ) LIMIT 1   [ RunTime:0.000514s ]
SQL: SELECT `uid`,`content`,`category`,`date`,`pic_url`,`video_url`,`comment_id` FROM `ms_painting` WHERE ( `status` = 1 ) LIMIT 0,10   [ RunTime:0.000474s ]
SQL: SHOW COLUMNS FROM `ms_painting_comment` [ RunTime:0.004477s ]
SQL: SELECT * FROM `ms_painting_comment` WHERE ( `id` IN (3,4,7,8) ) LIMIT 2   [ RunTime:0.000569s ]

[ 2016-08-09T11:49:24+08:00 ] ::1 /ms/index.php?s=/Home/Painting/paintingList
INFO: [ app_init ] --START--
INFO: Run Common\Behavior\InitHook [ RunTime:0.006832s ]
INFO: [ app_init ] --END-- [ RunTime:0.008597s ]
INFO: [ app_begin ] --START--
INFO: Run Behavior\ReadHtmlCache [ RunTime:0.001780s ]
INFO: [ app_begin ] --END-- [ RunTime:0.002515s ]
SQL: SHOW COLUMNS FROM `ms_config` [ RunTime:0.008425s ]
SQL: SELECT `type`,`name`,`value` FROM `ms_config` WHERE ( `status` = 1 )  [ RunTime:0.001273s ]
SQL: SHOW COLUMNS FROM `ms_painting` [ RunTime:0.006462s ]
SQL: SELECT COUNT(*) AS tp_count FROM `ms_painting` WHERE ( `status` = 0 ) LIMIT 1   [ RunTime:0.000813s ]
SQL: SELECT `uid`,`content`,`category`,`date`,`pic_url`,`video_url`,`comment_id` FROM `ms_painting` WHERE ( `status` = 0 ) LIMIT 0,10   [ RunTime:0.000816s ]
SQL: SHOW COLUMNS FROM `ms_painting_comment` [ RunTime:0.007611s ]
SQL: SELECT * FROM `ms_painting_comment` WHERE ( `id` = null ) LIMIT 2   [ RunTime:0.000747s ]

[ 2016-08-09T11:49:34+08:00 ] ::1 /ms/index.php?s=/Home/Painting/paintingList
INFO: [ app_init ] --START--
INFO: Run Common\Behavior\InitHook [ RunTime:0.003067s ]
INFO: [ app_init ] --END-- [ RunTime:0.003986s ]
INFO: [ app_begin ] --START--
INFO: Run Behavior\ReadHtmlCache [ RunTime:0.000842s ]
INFO: [ app_begin ] --END-- [ RunTime:0.001171s ]
SQL: SHOW COLUMNS FROM `ms_config` [ RunTime:0.004507s ]
SQL: SELECT `type`,`name`,`value` FROM `ms_config` WHERE ( `status` = 1 )  [ RunTime:0.000580s ]
SQL: SHOW COLUMNS FROM `ms_painting` [ RunTime:0.003309s ]
SQL: SELECT COUNT(*) AS tp_count FROM `ms_painting` WHERE ( `status` = 1 ) LIMIT 1   [ RunTime:0.000387s ]
SQL: SELECT `uid`,`content`,`category`,`date`,`pic_url`,`video_url`,`comment_id` FROM `ms_painting` WHERE ( `status` = 1 ) LIMIT 0,10   [ RunTime:0.000349s ]
SQL: SHOW COLUMNS FROM `ms_painting_comment` [ RunTime:0.002751s ]
SQL: SELECT * FROM `ms_painting_comment` WHERE ( `id` IN (3,4,7,8) ) LIMIT 2   [ RunTime:0.000391s ]

[ 2016-08-09T11:52:52+08:00 ] ::1 /ms/index.php?s=/Home/Painting/paintingList
INFO: [ app_init ] --START--
INFO: Run Common\Behavior\InitHook [ RunTime:0.002641s ]
INFO: [ app_init ] --END-- [ RunTime:0.003449s ]
INFO: [ app_begin ] --START--
INFO: Run Behavior\ReadHtmlCache [ RunTime:0.001225s ]
INFO: [ app_begin ] --END-- [ RunTime:0.001632s ]
SQL: SHOW COLUMNS FROM `ms_config` [ RunTime:0.033612s ]
SQL: SELECT `type`,`name`,`value` FROM `ms_config` WHERE ( `status` = 1 )  [ RunTime:0.000476s ]
SQL: SHOW COLUMNS FROM `ms_painting` [ RunTime:0.002864s ]
SQL: SELECT COUNT(*) AS tp_count FROM `ms_painting` WHERE ( `status` = 1 ) LIMIT 1   [ RunTime:0.000349s ]
SQL: SELECT `uid`,`content`,`category`,`date`,`pic_url`,`video_url`,`comment_id` FROM `ms_painting` WHERE ( `status` = 1 ) LIMIT 0,10   [ RunTime:0.000316s ]
SQL: SHOW COLUMNS FROM `ms_painting_comment` [ RunTime:0.002818s ]
SQL: SELECT * FROM `ms_painting_comment` WHERE ( `id` IN (3,4,7,8) ) LIMIT 2   [ RunTime:0.000398s ]

[ 2016-08-09T11:52:53+08:00 ] ::1 /ms/index.php?s=/Home/Painting/paintingList
INFO: [ app_init ] --START--
INFO: Run Common\Behavior\InitHook [ RunTime:0.002308s ]
INFO: [ app_init ] --END-- [ RunTime:0.002930s ]
INFO: [ app_begin ] --START--
INFO: Run Behavior\ReadHtmlCache [ RunTime:0.000640s ]
INFO: [ app_begin ] --END-- [ RunTime:0.000863s ]
SQL: SHOW COLUMNS FROM `ms_config` [ RunTime:0.003075s ]
SQL: SELECT `type`,`name`,`value` FROM `ms_config` WHERE ( `status` = 1 )  [ RunTime:0.000565s ]
SQL: SHOW COLUMNS FROM `ms_painting` [ RunTime:0.003085s ]
SQL: SELECT COUNT(*) AS tp_count FROM `ms_painting` WHERE ( `status` = 1 ) LIMIT 1   [ RunTime:0.000511s ]
SQL: SELECT `uid`,`content`,`category`,`date`,`pic_url`,`video_url`,`comment_id` FROM `ms_painting` WHERE ( `status` = 1 ) LIMIT 0,10   [ RunTime:0.000399s ]
SQL: SHOW COLUMNS FROM `ms_painting_comment` [ RunTime:0.002970s ]
SQL: SELECT * FROM `ms_painting_comment` WHERE ( `id` IN (3,4,7,8) ) LIMIT 2   [ RunTime:0.000456s ]

[ 2016-08-09T11:52:54+08:00 ] ::1 /ms/index.php?s=/Home/Painting/paintingList
INFO: [ app_init ] --START--
INFO: Run Common\Behavior\InitHook [ RunTime:0.003062s ]
INFO: [ app_init ] --END-- [ RunTime:0.003917s ]
INFO: [ app_begin ] --START--
INFO: Run Behavior\ReadHtmlCache [ RunTime:0.000891s ]
INFO: [ app_begin ] --END-- [ RunTime:0.001203s ]
SQL: SHOW COLUMNS FROM `ms_config` [ RunTime:0.002780s ]
SQL: SELECT `type`,`name`,`value` FROM `ms_config` WHERE ( `status` = 1 )  [ RunTime:0.000449s ]
SQL: SHOW COLUMNS FROM `ms_painting` [ RunTime:0.002902s ]
SQL: SELECT COUNT(*) AS tp_count FROM `ms_painting` WHERE ( `status` = 1 ) LIMIT 1   [ RunTime:0.000380s ]
SQL: SELECT `uid`,`content`,`category`,`date`,`pic_url`,`video_url`,`comment_id` FROM `ms_painting` WHERE ( `status` = 1 ) LIMIT 0,10   [ RunTime:0.000340s ]
SQL: SHOW COLUMNS FROM `ms_painting_comment` [ RunTime:0.002554s ]
SQL: SELECT * FROM `ms_painting_comment` WHERE ( `id` IN (3,4,7,8) ) LIMIT 2   [ RunTime:0.000388s ]

[ 2016-08-09T11:53:11+08:00 ] ::1 /ms/index.php?s=/Home/Painting/paintingList/p/1/category/1
INFO: [ app_init ] --START--
INFO: Run Common\Behavior\InitHook [ RunTime:0.002945s ]
INFO: [ app_init ] --END-- [ RunTime:0.004521s ]
INFO: [ app_begin ] --START--
INFO: Run Behavior\ReadHtmlCache [ RunTime:0.000733s ]
INFO: [ app_begin ] --END-- [ RunTime:0.000995s ]
SQL: SHOW COLUMNS FROM `ms_config` [ RunTime:0.003485s ]
SQL: SELECT `type`,`name`,`value` FROM `ms_config` WHERE ( `status` = 1 )  [ RunTime:0.000582s ]
SQL: SHOW COLUMNS FROM `ms_painting` [ RunTime:0.003704s ]
SQL: SELECT COUNT(*) AS tp_count FROM `ms_painting` WHERE ( `status` = 1 ) LIMIT 1   [ RunTime:0.000606s ]
SQL: SELECT `uid`,`content`,`category`,`date`,`pic_url`,`video_url`,`comment_id` FROM `ms_painting` WHERE ( `status` = 1 ) LIMIT 0,10   [ RunTime:0.000490s ]
SQL: SHOW COLUMNS FROM `ms_painting_comment` [ RunTime:0.003415s ]
SQL: SELECT * FROM `ms_painting_comment` WHERE ( `id` IN (3,4,7,8) ) LIMIT 2   [ RunTime:0.000579s ]

[ 2016-08-09T11:53:32+08:00 ] ::1 /ms/index.php?s=/Home/Painting/paintingList/p/1/category/1
INFO: [ app_init ] --START--
INFO: Run Common\Behavior\InitHook [ RunTime:0.002425s ]
INFO: [ app_init ] --END-- [ RunTime:0.003089s ]
INFO: [ app_begin ] --START--
INFO: Run Behavior\ReadHtmlCache [ RunTime:0.000648s ]
INFO: [ app_begin ] --END-- [ RunTime:0.000875s ]
SQL: SHOW COLUMNS FROM `ms_config` [ RunTime:0.003715s ]
SQL: SELECT `type`,`name`,`value` FROM `ms_config` WHERE ( `status` = 1 )  [ RunTime:0.000509s ]
SQL: SHOW COLUMNS FROM `ms_painting` [ RunTime:0.003091s ]
SQL: SELECT COUNT(*) AS tp_count FROM `ms_painting` WHERE ( `status` = 1 ) AND ( `category` = 1 ) LIMIT 1   [ RunTime:0.000471s ]
SQL: SELECT `uid`,`content`,`category`,`date`,`pic_url`,`video_url`,`comment_id` FROM `ms_painting` WHERE ( `status` = 1 ) AND ( `category` = 1 ) LIMIT 0,10   [ RunTime:0.000387s ]
NOTIC: [2] Invalid argument supplied for foreach() D:\xampp\htdocs\ms\Application\Home\Controller\PaintingController.class.php 第 53 行.

[ 2016-08-09T11:54:23+08:00 ] ::1 /ms/index.php?s=/Home/Painting/paintingList/p/1/category/1
INFO: [ app_init ] --START--
INFO: Run Common\Behavior\InitHook [ RunTime:0.002069s ]
INFO: [ app_init ] --END-- [ RunTime:0.002663s ]
INFO: [ app_begin ] --START--
INFO: Run Behavior\ReadHtmlCache [ RunTime:0.000559s ]
INFO: [ app_begin ] --END-- [ RunTime:0.000753s ]
SQL: SHOW COLUMNS FROM `ms_config` [ RunTime:0.037297s ]
SQL: SELECT `type`,`name`,`value` FROM `ms_config` WHERE ( `status` = 1 )  [ RunTime:0.000536s ]
SQL: SHOW COLUMNS FROM `ms_painting` [ RunTime:0.002897s ]
SQL: SELECT COUNT(*) AS tp_count FROM `ms_painting` WHERE ( `status` = 1 ) AND ( `category` = 1 ) LIMIT 1   [ RunTime:0.000402s ]
SQL: SELECT `uid`,`content`,`category`,`date`,`pic_url`,`video_url`,`comment_id` FROM `ms_painting` WHERE ( `status` = 1 ) AND ( `category` = 1 ) LIMIT 0,10   [ RunTime:0.000407s ]

[ 2016-08-09T11:54:56+08:00 ] ::1 /ms/index.php?s=/Home/Painting/paintingList/p/1/category/1
INFO: [ app_init ] --START--
INFO: Run Common\Behavior\InitHook [ RunTime:0.003756s ]
INFO: [ app_init ] --END-- [ RunTime:0.004673s ]
INFO: [ app_begin ] --START--
INFO: Run Behavior\ReadHtmlCache [ RunTime:0.001594s ]
INFO: [ app_begin ] --END-- [ RunTime:0.001992s ]
SQL: SHOW COLUMNS FROM `ms_config` [ RunTime:0.013448s ]
SQL: SELECT `type`,`name`,`value` FROM `ms_config` WHERE ( `status` = 1 )  [ RunTime:0.000597s ]
SQL: SHOW COLUMNS FROM `ms_painting` [ RunTime:0.002878s ]
SQL: SELECT COUNT(*) AS tp_count FROM `ms_painting` WHERE ( `status` = 1 ) AND ( `category` = 1 ) LIMIT 1   [ RunTime:0.000464s ]
SQL: SELECT `uid`,`content`,`category`,`date`,`pic_url`,`video_url`,`comment_id` FROM `ms_painting` WHERE ( `status` = 1 ) AND ( `category` = 1 ) LIMIT 0,10   [ RunTime:0.000406s ]

[ 2016-08-09T11:55:02+08:00 ] ::1 /ms/index.php?s=/Home/Painting/paintingList/p/1/category/1
INFO: [ app_init ] --START--
INFO: Run Common\Behavior\InitHook [ RunTime:0.001903s ]
INFO: [ app_init ] --END-- [ RunTime:0.002440s ]
INFO: [ app_begin ] --START--
INFO: Run Behavior\ReadHtmlCache [ RunTime:0.000566s ]
INFO: [ app_begin ] --END-- [ RunTime:0.000758s ]
SQL: SHOW COLUMNS FROM `ms_config` [ RunTime:0.033525s ]
SQL: SELECT `type`,`name`,`value` FROM `ms_config` WHERE ( `status` = 1 )  [ RunTime:0.000462s ]
SQL: SHOW COLUMNS FROM `ms_painting` [ RunTime:0.002675s ]
SQL: SELECT COUNT(*) AS tp_count FROM `ms_painting` WHERE ( `status` = 1 ) AND ( `category` = 1 ) LIMIT 1   [ RunTime:0.000348s ]
SQL: SELECT `uid`,`content`,`category`,`date`,`pic_url`,`video_url`,`comment_id` FROM `ms_painting` WHERE ( `status` = 1 ) AND ( `category` = 1 ) LIMIT 0,10   [ RunTime:0.000462s ]

[ 2016-08-09T11:55:10+08:00 ] ::1 /ms/index.php?s=/Home/Painting/paintingList/p/1/category/1
INFO: [ app_init ] --START--
INFO: Run Common\Behavior\InitHook [ RunTime:0.005544s ]
INFO: [ app_init ] --END-- [ RunTime:0.006957s ]
INFO: [ app_begin ] --START--
INFO: Run Behavior\ReadHtmlCache [ RunTime:0.000746s ]
INFO: [ app_begin ] --END-- [ RunTime:0.000990s ]
SQL: SHOW COLUMNS FROM `ms_config` [ RunTime:0.029833s ]
SQL: SELECT `type`,`name`,`value` FROM `ms_config` WHERE ( `status` = 1 )  [ RunTime:0.000575s ]
SQL: SHOW COLUMNS FROM `ms_painting` [ RunTime:0.003150s ]
SQL: SELECT COUNT(*) AS tp_count FROM `ms_painting` WHERE ( `status` = 1 ) AND ( `category` = 1 ) LIMIT 1   [ RunTime:0.000436s ]
SQL: SELECT `uid`,`content`,`category`,`date`,`pic_url`,`video_url`,`comment_id` FROM `ms_painting` WHERE ( `status` = 1 ) AND ( `category` = 1 ) LIMIT 0,10   [ RunTime:0.000400s ]

[ 2016-08-09T11:55:18+08:00 ] ::1 /ms/index.php?s=/Home/Painting/paintingList/p/1/category/2
INFO: [ app_init ] --START--
INFO: Run Common\Behavior\InitHook [ RunTime:0.003260s ]
INFO: [ app_init ] --END-- [ RunTime:0.004546s ]
INFO: [ app_begin ] --START--
INFO: Run Behavior\ReadHtmlCache [ RunTime:0.000857s ]
INFO: [ app_begin ] --END-- [ RunTime:0.001127s ]
SQL: SHOW COLUMNS FROM `ms_config` [ RunTime:0.056574s ]
SQL: SELECT `type`,`name`,`value` FROM `ms_config` WHERE ( `status` = 1 )  [ RunTime:0.000600s ]
SQL: SHOW COLUMNS FROM `ms_painting` [ RunTime:0.004338s ]
SQL: SELECT COUNT(*) AS tp_count FROM `ms_painting` WHERE ( `status` = 1 ) AND ( `category` = 2 ) LIMIT 1   [ RunTime:0.000605s ]
SQL: SELECT `uid`,`content`,`category`,`date`,`pic_url`,`video_url`,`comment_id` FROM `ms_painting` WHERE ( `status` = 1 ) AND ( `category` = 2 ) LIMIT 0,10   [ RunTime:0.000546s ]

[ 2016-08-09T11:55:29+08:00 ] ::1 /ms/index.php?s=/Home/Painting/paintingList/p/1/category/0
INFO: [ app_init ] --START--
INFO: Run Common\Behavior\InitHook [ RunTime:0.006336s ]
INFO: [ app_init ] --END-- [ RunTime:0.008195s ]
INFO: [ app_begin ] --START--
INFO: Run Behavior\ReadHtmlCache [ RunTime:0.001551s ]
INFO: [ app_begin ] --END-- [ RunTime:0.002195s ]
SQL: SHOW COLUMNS FROM `ms_config` [ RunTime:0.004598s ]
SQL: SELECT `type`,`name`,`value` FROM `ms_config` WHERE ( `status` = 1 )  [ RunTime:0.000605s ]
SQL: SHOW COLUMNS FROM `ms_painting` [ RunTime:0.003508s ]
SQL: SELECT COUNT(*) AS tp_count FROM `ms_painting` WHERE ( `status` = 1 ) LIMIT 1   [ RunTime:0.000523s ]
SQL: SELECT `uid`,`content`,`category`,`date`,`pic_url`,`video_url`,`comment_id` FROM `ms_painting` WHERE ( `status` = 1 ) LIMIT 0,10   [ RunTime:0.000622s ]
SQL: SHOW COLUMNS FROM `ms_painting_comment` [ RunTime:0.004018s ]
SQL: SELECT * FROM `ms_painting_comment` WHERE ( `id` IN (3,4,7,8) ) LIMIT 2   [ RunTime:0.000415s ]

[ 2016-08-09T11:55:36+08:00 ] ::1 /ms/index.php?s=/Home/Painting/paintingList/p/1/category/2
INFO: [ app_init ] --START--
INFO: Run Common\Behavior\InitHook [ RunTime:0.002692s ]
INFO: [ app_init ] --END-- [ RunTime:0.003785s ]
INFO: [ app_begin ] --START--
INFO: Run Behavior\ReadHtmlCache [ RunTime:0.000679s ]
INFO: [ app_begin ] --END-- [ RunTime:0.000913s ]
SQL: SHOW COLUMNS FROM `ms_config` [ RunTime:0.003207s ]
SQL: SELECT `type`,`name`,`value` FROM `ms_config` WHERE ( `status` = 1 )  [ RunTime:0.000487s ]
SQL: SHOW COLUMNS FROM `ms_painting` [ RunTime:0.002958s ]
SQL: SELECT COUNT(*) AS tp_count FROM `ms_painting` WHERE ( `status` = 1 ) AND ( `category` = 2 ) LIMIT 1   [ RunTime:0.000491s ]
SQL: SELECT `uid`,`content`,`category`,`date`,`pic_url`,`video_url`,`comment_id` FROM `ms_painting` WHERE ( `status` = 1 ) AND ( `category` = 2 ) LIMIT 0,10   [ RunTime:0.000499s ]

[ 2016-08-09T11:55:43+08:00 ] ::1 /ms/index.php?s=/Home/Painting/paintingList/p/1/category/0
INFO: [ app_init ] --START--
INFO: Run Common\Behavior\InitHook [ RunTime:0.001987s ]
INFO: [ app_init ] --END-- [ RunTime:0.002569s ]
INFO: [ app_begin ] --START--
INFO: Run Behavior\ReadHtmlCache [ RunTime:0.000551s ]
INFO: [ app_begin ] --END-- [ RunTime:0.000765s ]
SQL: SHOW COLUMNS FROM `ms_config` [ RunTime:0.037442s ]
SQL: SELECT `type`,`name`,`value` FROM `ms_config` WHERE ( `status` = 1 )  [ RunTime:0.000697s ]
SQL: SHOW COLUMNS FROM `ms_painting` [ RunTime:0.002851s ]
SQL: SELECT COUNT(*) AS tp_count FROM `ms_painting` WHERE ( `status` = 1 ) LIMIT 1   [ RunTime:0.000360s ]
SQL: SELECT `uid`,`content`,`category`,`date`,`pic_url`,`video_url`,`comment_id` FROM `ms_painting` WHERE ( `status` = 1 ) LIMIT 0,10   [ RunTime:0.000346s ]
SQL: SHOW COLUMNS FROM `ms_painting_comment` [ RunTime:0.002874s ]
SQL: SELECT * FROM `ms_painting_comment` WHERE ( `id` IN (3,4,7,8) ) LIMIT 2   [ RunTime:0.000588s ]

[ 2016-08-09T11:58:23+08:00 ] ::1 /ms/index.php?s=/Home/Painting/getCategory
INFO: [ app_init ] --START--
INFO: Run Common\Behavior\InitHook [ RunTime:0.004667s ]
INFO: [ app_init ] --END-- [ RunTime:0.005680s ]
INFO: [ app_begin ] --START--
INFO: Run Behavior\ReadHtmlCache [ RunTime:0.001215s ]
INFO: [ app_begin ] --END-- [ RunTime:0.001677s ]
SQL: SHOW COLUMNS FROM `ms_config` [ RunTime:0.030287s ]
SQL: SELECT `type`,`name`,`value` FROM `ms_config` WHERE ( `status` = 1 )  [ RunTime:0.001218s ]
SQL: SHOW COLUMNS FROM `ms_video_category` [ RunTime:0.007465s ]
SQL: SELECT `id`,`title` FROM `ms_video_category` WHERE ( `pid` = 0 )  [ RunTime:0.000830s ]

[ 2016-08-09T12:00:13+08:00 ] ::1 /ms/index.php?s=/Home/Painting/getCategory
INFO: [ app_init ] --START--
INFO: Run Common\Behavior\InitHook [ RunTime:0.005025s ]
INFO: [ app_init ] --END-- [ RunTime:0.006422s ]
INFO: [ app_begin ] --START--
INFO: Run Behavior\ReadHtmlCache [ RunTime:0.001013s ]
INFO: [ app_begin ] --END-- [ RunTime:0.001587s ]
SQL: SHOW COLUMNS FROM `ms_config` [ RunTime:0.004125s ]
SQL: SELECT `type`,`name`,`value` FROM `ms_config` WHERE ( `status` = 1 )  [ RunTime:0.000521s ]
SQL: SHOW COLUMNS FROM `ms_video_category` [ RunTime:0.003049s ]
SQL: SELECT `id`,`title` FROM `ms_video_category` WHERE ( `pid` = 0 )  [ RunTime:0.000483s ]
NOTIC: [2] Missing argument 1 for Think\Model::query(), called in D:\xampp\htdocs\ms\Application\Home\Controller\PaintingController.class.php on line 105 and defined D:\xampp\htdocs\ms\ThinkPHP\Library\Think\Model.class.php 第 1187 行.
NOTIC: [8] Undefined variable: sql D:\xampp\htdocs\ms\ThinkPHP\Library\Think\Model.class.php 第 1192 行.
NOTIC: [2] mysqli::query(): Empty query D:\xampp\htdocs\ms\ThinkPHP\Library\Think\Db\Driver\Mysqli.class.php 第 86 行.
SQL:  [ RunTime:0.013602s ]
ERR: 0:

[ 2016-08-09T12:00:25+08:00 ] ::1 /ms/index.php?s=/Home/Painting/getCategory
INFO: [ app_init ] --START--
INFO: Run Common\Behavior\InitHook [ RunTime:0.003556s ]
INFO: [ app_init ] --END-- [ RunTime:0.004383s ]
INFO: [ app_begin ] --START--
INFO: Run Behavior\ReadHtmlCache [ RunTime:0.000878s ]
INFO: [ app_begin ] --END-- [ RunTime:0.001140s ]
SQL: SHOW COLUMNS FROM `ms_config` [ RunTime:0.004487s ]
SQL: SELECT `type`,`name`,`value` FROM `ms_config` WHERE ( `status` = 1 )  [ RunTime:0.000646s ]
SQL: SHOW COLUMNS FROM `ms_video_category` [ RunTime:0.002701s ]
SQL: SELECT `id`,`title` FROM `ms_video_category` WHERE ( `pid` = 0 )  [ RunTime:0.000353s ]
SQL: select id as cate_id, title from video_vategory where pid = 0   [ RunTime:0.000279s ]
ERR: 1146:Table 'ms.video_vategory' doesn't exist
 [ SQL语句 ] : select id as cate_id, title from video_vategory where pid = 0  

[ 2016-08-09T12:00:33+08:00 ] ::1 /ms/index.php?s=/Home/Painting/getCategory
INFO: [ app_init ] --START--
INFO: Run Common\Behavior\InitHook [ RunTime:0.003024s ]
INFO: [ app_init ] --END-- [ RunTime:0.003985s ]
INFO: [ app_begin ] --START--
INFO: Run Behavior\ReadHtmlCache [ RunTime:0.000839s ]
INFO: [ app_begin ] --END-- [ RunTime:0.001138s ]
SQL: SHOW COLUMNS FROM `ms_config` [ RunTime:0.015209s ]
SQL: SELECT `type`,`name`,`value` FROM `ms_config` WHERE ( `status` = 1 )  [ RunTime:0.000760s ]
SQL: SHOW COLUMNS FROM `ms_video_category` [ RunTime:0.003787s ]
SQL: SELECT `id`,`title` FROM `ms_video_category` WHERE ( `pid` = 0 )  [ RunTime:0.000511s ]
SQL: select id as cate_id, title from video_vategory where pid = 0   [ RunTime:0.000396s ]
ERR: 1146:Table 'ms.video_vategory' doesn't exist
 [ SQL语句 ] : select id as cate_id, title from video_vategory where pid = 0  

[ 2016-08-09T12:00:44+08:00 ] ::1 /ms/index.php?s=/Home/Painting/getCategory
INFO: [ app_init ] --START--
INFO: Run Common\Behavior\InitHook [ RunTime:0.005786s ]
INFO: [ app_init ] --END-- [ RunTime:0.007613s ]
INFO: [ app_begin ] --START--
INFO: Run Behavior\ReadHtmlCache [ RunTime:0.000937s ]
INFO: [ app_begin ] --END-- [ RunTime:0.001215s ]
SQL: SHOW COLUMNS FROM `ms_config` [ RunTime:0.007218s ]
SQL: SELECT `type`,`name`,`value` FROM `ms_config` WHERE ( `status` = 1 )  [ RunTime:0.001121s ]
SQL: SHOW COLUMNS FROM `ms_video_category` [ RunTime:0.007021s ]
SQL: SELECT `id`,`title` FROM `ms_video_category` WHERE ( `pid` = 0 )  [ RunTime:0.000982s ]

