[ 2016-07-28T14:40:46+08:00 ] ::1 /ms/index.php?s=/Home/Video/getVideoComment
INFO: [ app_init ] --START--
INFO: Run Common\Behavior\InitHook [ RunTime:0.095839s ]
INFO: [ app_init ] --END-- [ RunTime:0.110366s ]
INFO: [ app_begin ] --START--
INFO: Run Behavior\ReadHtmlCache [ RunTime:0.024877s ]
INFO: [ app_begin ] --END-- [ RunTime:0.025191s ]
SQL: SHOW COLUMNS FROM `ms_config` [ RunTime:0.041999s ]
SQL: SELECT `type`,`name`,`value` FROM `ms_config` WHERE ( `status` = 1 )  [ RunTime:0.001033s ]
SQL: SHOW COLUMNS FROM `ms_video_comment` [ RunTime:0.007337s ]
SQL: SELECT * FROM `ms_video_comment` WHERE ( `video_id` = 0 )  [ RunTime:0.000780s ]
INFO: [ app_end ] --START--
INFO: Run Behavior\ShowPageTrace [ RunTime:0.024515s ]
INFO: [ app_end ] --END-- [ RunTime:0.024662s ]

[ 2016-07-28T14:40:54+08:00 ] ::1 /ms/index.php?s=/Home/Video/getVideoComment/id/1
INFO: [ app_init ] --START--
INFO: Run Common\Behavior\InitHook [ RunTime:0.009317s ]
INFO: [ app_init ] --END-- [ RunTime:0.010779s ]
INFO: [ app_begin ] --START--
INFO: Run Behavior\ReadHtmlCache [ RunTime:0.003628s ]
INFO: [ app_begin ] --END-- [ RunTime:0.003873s ]
SQL: SHOW COLUMNS FROM `ms_config` [ RunTime:0.009662s ]
SQL: SELECT `type`,`name`,`value` FROM `ms_config` WHERE ( `status` = 1 )  [ RunTime:0.000977s ]
SQL: SHOW COLUMNS FROM `ms_video_comment` [ RunTime:0.006951s ]
SQL: SELECT * FROM `ms_video_comment` WHERE ( `video_id` = 0 )  [ RunTime:0.000735s ]
INFO: [ app_end ] --START--
INFO: Run Behavior\ShowPageTrace [ RunTime:0.003157s ]
INFO: [ app_end ] --END-- [ RunTime:0.003337s ]

[ 2016-07-28T14:41:06+08:00 ] ::1 /ms/index.php?s=/Home/Video/getVideoComment/video_id/1
INFO: [ app_init ] --START--
INFO: Run Common\Behavior\InitHook [ RunTime:0.009069s ]
INFO: [ app_init ] --END-- [ RunTime:0.010628s ]
INFO: [ app_begin ] --START--
INFO: Run Behavior\ReadHtmlCache [ RunTime:0.003063s ]
INFO: [ app_begin ] --END-- [ RunTime:0.003311s ]
SQL: SHOW COLUMNS FROM `ms_config` [ RunTime:0.009235s ]
SQL: SELECT `type`,`name`,`value` FROM `ms_config` WHERE ( `status` = 1 )  [ RunTime:0.000994s ]
SQL: SHOW COLUMNS FROM `ms_video_comment` [ RunTime:0.007209s ]
SQL: SELECT * FROM `ms_video_comment` WHERE ( `video_id` = 1 )  [ RunTime:0.000729s ]
INFO: [ app_end ] --START--
INFO: Run Behavior\ShowPageTrace [ RunTime:0.002836s ]
INFO: [ app_end ] --END-- [ RunTime:0.002971s ]

[ 2016-07-28T14:41:29+08:00 ] ::1 /ms/index.php?s=/Home/Video/getVideoComment/video_id/1
INFO: [ app_init ] --START--
INFO: Run Common\Behavior\InitHook [ RunTime:0.006615s ]
INFO: [ app_init ] --END-- [ RunTime:0.008093s ]
INFO: [ app_begin ] --START--
INFO: Run Behavior\ReadHtmlCache [ RunTime:0.001937s ]
INFO: [ app_begin ] --END-- [ RunTime:0.002189s ]
SQL: SHOW COLUMNS FROM `ms_config` [ RunTime:0.032834s ]
SQL: SELECT `type`,`name`,`value` FROM `ms_config` WHERE ( `status` = 1 )  [ RunTime:0.000839s ]
SQL: SHOW COLUMNS FROM `ms_video_comment` [ RunTime:0.008297s ]
SQL: SELECT * FROM `ms_video_comment` WHERE ( `video_id` = 1 )  [ RunTime:0.000612s ]
INFO: [ app_end ] --START--
INFO: Run Behavior\ShowPageTrace [ RunTime:0.001417s ]
INFO: [ app_end ] --END-- [ RunTime:0.001560s ]

[ 2016-07-28T14:41:57+08:00 ] ::1 /ms/index.php?s=/Home/Video/getVideoComment/video_id/1
INFO: [ app_init ] --START--
INFO: Run Common\Behavior\InitHook [ RunTime:0.006544s ]
INFO: [ app_init ] --END-- [ RunTime:0.007772s ]
INFO: [ app_begin ] --START--
INFO: Run Behavior\ReadHtmlCache [ RunTime:0.001551s ]
INFO: [ app_begin ] --END-- [ RunTime:0.001771s ]
SQL: SHOW COLUMNS FROM `ms_config` [ RunTime:0.009978s ]
SQL: SELECT `type`,`name`,`value` FROM `ms_config` WHERE ( `status` = 1 )  [ RunTime:0.000966s ]
SQL: SHOW COLUMNS FROM `ms_video_comment` [ RunTime:0.007230s ]
SQL: SELECT * FROM `ms_video_comment` WHERE ( `video_id` = 1 )  [ RunTime:0.000767s ]
INFO: [ app_end ] --START--
INFO: Run Behavior\ShowPageTrace [ RunTime:0.001749s ]
INFO: [ app_end ] --END-- [ RunTime:0.001914s ]

[ 2016-07-28T14:42:16+08:00 ] ::1 /ms/index.php?s=/Home/Video/getVideoComment/video_id/1
INFO: [ app_init ] --START--
INFO: Run Common\Behavior\InitHook [ RunTime:0.004517s ]
INFO: [ app_init ] --END-- [ RunTime:0.005621s ]
INFO: [ app_begin ] --START--
INFO: Run Behavior\ReadHtmlCache [ RunTime:0.001287s ]
INFO: [ app_begin ] --END-- [ RunTime:0.001462s ]
SQL: SHOW COLUMNS FROM `ms_config` [ RunTime:0.009493s ]
SQL: SELECT `type`,`name`,`value` FROM `ms_config` WHERE ( `status` = 1 )  [ RunTime:0.001258s ]
SQL: SHOW COLUMNS FROM `ms_video_comment` [ RunTime:0.007152s ]
SQL: SELECT * FROM `ms_video_comment` WHERE ( `video_id` = 1 )  [ RunTime:0.000753s ]
INFO: [ app_end ] --START--
INFO: Run Behavior\ShowPageTrace [ RunTime:0.001495s ]
INFO: [ app_end ] --END-- [ RunTime:0.001667s ]

[ 2016-07-28T14:43:14+08:00 ] ::1 /ms/index.php?s=/Home/Video/getVideoComment/video_id/1
INFO: [ app_init ] --START--
INFO: Run Common\Behavior\InitHook [ RunTime:0.006037s ]
INFO: [ app_init ] --END-- [ RunTime:0.007245s ]
INFO: [ app_begin ] --START--
INFO: Run Behavior\ReadHtmlCache [ RunTime:0.001525s ]
INFO: [ app_begin ] --END-- [ RunTime:0.001731s ]
SQL: SHOW COLUMNS FROM `ms_config` [ RunTime:0.009307s ]
SQL: SELECT `type`,`name`,`value` FROM `ms_config` WHERE ( `status` = 1 )  [ RunTime:0.001007s ]
SQL: SHOW COLUMNS FROM `ms_video_comment` [ RunTime:0.007337s ]
SQL: SELECT * FROM `ms_video_comment` WHERE ( `video_id` = 1 )  [ RunTime:0.000795s ]
INFO: [ app_end ] --START--
INFO: Run Behavior\ShowPageTrace [ RunTime:0.001794s ]
INFO: [ app_end ] --END-- [ RunTime:0.001934s ]

[ 2016-07-28T14:43:15+08:00 ] ::1 /ms/index.php?s=/Home/Video/getVideoComment/video_id/1
INFO: [ app_init ] --START--
INFO: Run Common\Behavior\InitHook [ RunTime:0.004374s ]
INFO: [ app_init ] --END-- [ RunTime:0.005543s ]
INFO: [ app_begin ] --START--
INFO: Run Behavior\ReadHtmlCache [ RunTime:0.001266s ]
INFO: [ app_begin ] --END-- [ RunTime:0.001440s ]
SQL: SHOW COLUMNS FROM `ms_config` [ RunTime:0.009084s ]
SQL: SELECT `type`,`name`,`value` FROM `ms_config` WHERE ( `status` = 1 )  [ RunTime:0.000974s ]
SQL: SHOW COLUMNS FROM `ms_video_comment` [ RunTime:0.007511s ]
SQL: SELECT * FROM `ms_video_comment` WHERE ( `video_id` = 1 )  [ RunTime:0.000875s ]
INFO: [ app_end ] --START--
INFO: Run Behavior\ShowPageTrace [ RunTime:0.001583s ]
INFO: [ app_end ] --END-- [ RunTime:0.001738s ]

[ 2016-07-28T14:43:30+08:00 ] ::1 /ms/index.php?s=/Home/Video/getVideoComment/video_id/1
INFO: [ app_init ] --START--
INFO: Run Common\Behavior\InitHook [ RunTime:0.004659s ]
INFO: [ app_init ] --END-- [ RunTime:0.005898s ]
INFO: [ app_begin ] --START--
INFO: Run Behavior\ReadHtmlCache [ RunTime:0.001225s ]
INFO: [ app_begin ] --END-- [ RunTime:0.001396s ]
SQL: SHOW COLUMNS FROM `ms_config` [ RunTime:0.009314s ]
SQL: SELECT `type`,`name`,`value` FROM `ms_config` WHERE ( `status` = 1 )  [ RunTime:0.001002s ]
SQL: SHOW COLUMNS FROM `ms_video_comment` [ RunTime:0.007874s ]
SQL: SELECT * FROM `ms_video_comment` WHERE ( `video_id` = 1 )  [ RunTime:0.000922s ]
INFO: [ app_end ] --START--
INFO: Run Behavior\ShowPageTrace [ RunTime:0.001685s ]
INFO: [ app_end ] --END-- [ RunTime:0.001853s ]

[ 2016-07-28T14:43:42+08:00 ] ::1 /ms/index.php?s=/Home/Video/getVideoComment/video_id/1
INFO: [ app_init ] --START--
INFO: Run Common\Behavior\InitHook [ RunTime:0.004839s ]
INFO: [ app_init ] --END-- [ RunTime:0.005756s ]
INFO: [ app_begin ] --START--
INFO: Run Behavior\ReadHtmlCache [ RunTime:0.001136s ]
INFO: [ app_begin ] --END-- [ RunTime:0.001348s ]
SQL: SHOW COLUMNS FROM `ms_config` [ RunTime:0.007878s ]
SQL: SELECT `type`,`name`,`value` FROM `ms_config` WHERE ( `status` = 1 )  [ RunTime:0.001342s ]
SQL: SHOW COLUMNS FROM `ms_video_comment` [ RunTime:0.007794s ]
SQL: SELECT * FROM `ms_video_comment` WHERE ( `video_id` = 1 )  [ RunTime:0.000784s ]
INFO: [ app_end ] --START--
INFO: Run Behavior\ShowPageTrace [ RunTime:0.001458s ]
INFO: [ app_end ] --END-- [ RunTime:0.001591s ]

[ 2016-07-28T14:43:46+08:00 ] ::1 /ms/index.php?s=/Home/Video/getVideoComment/123/1
INFO: [ app_init ] --START--
INFO: Run Common\Behavior\InitHook [ RunTime:0.005355s ]
INFO: [ app_init ] --END-- [ RunTime:0.006439s ]
INFO: [ app_begin ] --START--
INFO: Run Behavior\ReadHtmlCache [ RunTime:0.001278s ]
INFO: [ app_begin ] --END-- [ RunTime:0.001474s ]
SQL: SHOW COLUMNS FROM `ms_config` [ RunTime:0.009007s ]
SQL: SELECT `type`,`name`,`value` FROM `ms_config` WHERE ( `status` = 1 )  [ RunTime:0.000990s ]
SQL: SHOW COLUMNS FROM `ms_video_comment` [ RunTime:0.007122s ]
SQL: SELECT * FROM `ms_video_comment` WHERE ( `video_id` = 0 )  [ RunTime:0.000746s ]
INFO: [ app_end ] --START--
INFO: Run Behavior\ShowPageTrace [ RunTime:0.001531s ]
INFO: [ app_end ] --END-- [ RunTime:0.001661s ]

[ 2016-07-28T14:43:49+08:00 ] ::1 /ms/index.php?s=/Home/Video/getVideoComment
INFO: [ app_init ] --START--
INFO: Run Common\Behavior\InitHook [ RunTime:0.003727s ]
INFO: [ app_init ] --END-- [ RunTime:0.004679s ]
INFO: [ app_begin ] --START--
INFO: Run Behavior\ReadHtmlCache [ RunTime:0.001170s ]
INFO: [ app_begin ] --END-- [ RunTime:0.001335s ]
SQL: SHOW COLUMNS FROM `ms_config` [ RunTime:0.010991s ]
SQL: SELECT `type`,`name`,`value` FROM `ms_config` WHERE ( `status` = 1 )  [ RunTime:0.000992s ]
SQL: SHOW COLUMNS FROM `ms_video_comment` [ RunTime:0.007828s ]
SQL: SELECT * FROM `ms_video_comment` WHERE ( `video_id` = 0 )  [ RunTime:0.000782s ]
INFO: [ app_end ] --START--
INFO: Run Behavior\ShowPageTrace [ RunTime:0.001440s ]
INFO: [ app_end ] --END-- [ RunTime:0.001574s ]

[ 2016-07-28T14:43:56+08:00 ] ::1 /ms/index.php?s=/Home/Video/getVideoComment/video_id/1
INFO: [ app_init ] --START--
INFO: Run Common\Behavior\InitHook [ RunTime:0.005399s ]
INFO: [ app_init ] --END-- [ RunTime:0.006497s ]
INFO: [ app_begin ] --START--
INFO: Run Behavior\ReadHtmlCache [ RunTime:0.001371s ]
INFO: [ app_begin ] --END-- [ RunTime:0.001603s ]
SQL: SHOW COLUMNS FROM `ms_config` [ RunTime:0.009842s ]
SQL: SELECT `type`,`name`,`value` FROM `ms_config` WHERE ( `status` = 1 )  [ RunTime:0.001017s ]
SQL: SHOW COLUMNS FROM `ms_video_comment` [ RunTime:0.007350s ]
SQL: SELECT * FROM `ms_video_comment` WHERE ( `video_id` = 1 )  [ RunTime:0.000786s ]
INFO: [ app_end ] --START--
INFO: Run Behavior\ShowPageTrace [ RunTime:0.001457s ]
INFO: [ app_end ] --END-- [ RunTime:0.001587s ]

[ 2016-07-28T14:44:10+08:00 ] ::1 /ms/index.php?s=/Home/Video/getVideoComment/video_id/1
INFO: [ app_init ] --START--
INFO: Run Common\Behavior\InitHook [ RunTime:0.004528s ]
INFO: [ app_init ] --END-- [ RunTime:0.005599s ]
INFO: [ app_begin ] --START--
INFO: Run Behavior\ReadHtmlCache [ RunTime:0.001287s ]
INFO: [ app_begin ] --END-- [ RunTime:0.001481s ]
SQL: SHOW COLUMNS FROM `ms_config` [ RunTime:0.008908s ]
SQL: SELECT `type`,`name`,`value` FROM `ms_config` WHERE ( `status` = 1 )  [ RunTime:0.001064s ]
SQL: SHOW COLUMNS FROM `ms_video_comment` [ RunTime:0.008048s ]
SQL: SELECT * FROM `ms_video_comment` WHERE ( `video_id` = 1 )  [ RunTime:0.000749s ]
INFO: [ app_end ] --START--
INFO: Run Behavior\ShowPageTrace [ RunTime:0.001478s ]
INFO: [ app_end ] --END-- [ RunTime:0.001610s ]

[ 2016-07-28T14:47:47+08:00 ] ::1 /ms/index.php?s=/Home/Video/getVideoComment/video_id/1
INFO: [ app_init ] --START--
INFO: Run Common\Behavior\InitHook [ RunTime:0.005818s ]
INFO: [ app_init ] --END-- [ RunTime:0.007001s ]
INFO: [ app_begin ] --START--
INFO: Run Behavior\ReadHtmlCache [ RunTime:0.001983s ]
INFO: [ app_begin ] --END-- [ RunTime:0.002187s ]
SQL: SHOW COLUMNS FROM `ms_config` [ RunTime:0.009245s ]
SQL: SELECT `type`,`name`,`value` FROM `ms_config` WHERE ( `status` = 1 )  [ RunTime:0.000997s ]
SQL: SHOW COLUMNS FROM `ms_video_comment` [ RunTime:0.007191s ]
SQL: SELECT * FROM `ms_video_comment` INNER JOIN ms_member on ms_video_comment . uid = ms_member . uid AND ms_video_comment . video_id = 1   [ RunTime:0.024542s ]
INFO: [ app_end ] --START--
INFO: Run Behavior\ShowPageTrace [ RunTime:0.001656s ]
INFO: [ app_end ] --END-- [ RunTime:0.001790s ]

[ 2016-07-28T14:49:30+08:00 ] ::1 /ms/index.php?s=/Home/Video/getVideoComment/video_id/1
INFO: [ app_init ] --START--
INFO: Run Common\Behavior\InitHook [ RunTime:0.003684s ]
INFO: [ app_init ] --END-- [ RunTime:0.004536s ]
INFO: [ app_begin ] --START--
INFO: Run Behavior\ReadHtmlCache [ RunTime:0.000965s ]
INFO: [ app_begin ] --END-- [ RunTime:0.001103s ]
SQL: SHOW COLUMNS FROM `ms_config` [ RunTime:0.008625s ]
SQL: SELECT `type`,`name`,`value` FROM `ms_config` WHERE ( `status` = 1 )  [ RunTime:0.000829s ]
SQL: SHOW COLUMNS FROM `ms_video_comment` [ RunTime:0.006780s ]
SQL: SELECT `content`,`uid`,`nickname` FROM `ms_video_comment` INNER JOIN ms_member on ms_video_comment . uid = ms_member . uid AND ms_video_comment . video_id = 1   [ RunTime:0.000498s ]
ERR: 1052:Column 'uid' in field list is ambiguous
 [ SQL语句 ] : SELECT `content`,`uid`,`nickname` FROM `ms_video_comment` INNER JOIN ms_member on ms_video_comment . uid = ms_member . uid AND ms_video_comment . video_id = 1  
INFO: [ app_end ] --START--
INFO: Run Behavior\ShowPageTrace [ RunTime:0.001216s ]
INFO: [ app_end ] --END-- [ RunTime:0.001325s ]

[ 2016-07-28T14:49:34+08:00 ] ::1 /ms/index.php?s=/Home/Video/getVideoComment/video_id/1
INFO: [ app_init ] --START--
INFO: Run Common\Behavior\InitHook [ RunTime:0.004542s ]
INFO: [ app_init ] --END-- [ RunTime:0.005645s ]
INFO: [ app_begin ] --START--
INFO: Run Behavior\ReadHtmlCache [ RunTime:0.001279s ]
INFO: [ app_begin ] --END-- [ RunTime:0.001467s ]
SQL: SHOW COLUMNS FROM `ms_config` [ RunTime:0.010401s ]
SQL: SELECT `type`,`name`,`value` FROM `ms_config` WHERE ( `status` = 1 )  [ RunTime:0.000972s ]
SQL: SHOW COLUMNS FROM `ms_video_comment` [ RunTime:0.009853s ]
SQL: SELECT `content`,`nickname` FROM `ms_video_comment` INNER JOIN ms_member on ms_video_comment . uid = ms_member . uid AND ms_video_comment . video_id = 1   [ RunTime:0.000990s ]
INFO: [ app_end ] --START--
INFO: Run Behavior\ShowPageTrace [ RunTime:0.002013s ]
INFO: [ app_end ] --END-- [ RunTime:0.002287s ]

[ 2016-07-28T14:49:46+08:00 ] ::1 /ms/index.php?s=/Home/Video/getVideoComment/video_id/1
INFO: [ app_init ] --START--
INFO: Run Common\Behavior\InitHook [ RunTime:0.004674s ]
INFO: [ app_init ] --END-- [ RunTime:0.005716s ]
INFO: [ app_begin ] --START--
INFO: Run Behavior\ReadHtmlCache [ RunTime:0.001277s ]
INFO: [ app_begin ] --END-- [ RunTime:0.001453s ]
SQL: SHOW COLUMNS FROM `ms_config` [ RunTime:0.010161s ]
SQL: SELECT `type`,`name`,`value` FROM `ms_config` WHERE ( `status` = 1 )  [ RunTime:0.001134s ]
SQL: SHOW COLUMNS FROM `ms_video_comment` [ RunTime:0.007736s ]
SQL: SELECT * FROM `ms_video_comment` INNER JOIN ms_member on ms_video_comment . uid = ms_member . uid AND ms_video_comment . video_id = 1   [ RunTime:0.001021s ]
INFO: [ app_end ] --START--
INFO: Run Behavior\ShowPageTrace [ RunTime:0.001472s ]
INFO: [ app_end ] --END-- [ RunTime:0.001622s ]

[ 2016-07-28T14:51:18+08:00 ] ::1 /ms/index.php?s=/Home/Video/getVideoComment/video_id/1
INFO: [ app_init ] --START--
INFO: Run Common\Behavior\InitHook [ RunTime:0.006144s ]
INFO: [ app_init ] --END-- [ RunTime:0.007370s ]
INFO: [ app_begin ] --START--
INFO: Run Behavior\ReadHtmlCache [ RunTime:0.001518s ]
INFO: [ app_begin ] --END-- [ RunTime:0.001705s ]
SQL: SHOW COLUMNS FROM `ms_config` [ RunTime:0.009430s ]
SQL: SELECT `type`,`name`,`value` FROM `ms_config` WHERE ( `status` = 1 )  [ RunTime:0.001176s ]
SQL: SHOW COLUMNS FROM `ms_video_comment` [ RunTime:0.007159s ]
SQL: SELECT `id`,`content`,`nickname`,`date`,`head_pic` FROM `ms_video_comment` INNER JOIN ms_member on ms_video_comment . uid = ms_member . uid AND ms_video_comment . video_id = 1   [ RunTime:0.000943s ]
INFO: [ app_end ] --START--
INFO: Run Behavior\ShowPageTrace [ RunTime:0.001655s ]
INFO: [ app_end ] --END-- [ RunTime:0.001790s ]

[ 2016-07-28T15:01:42+08:00 ] ::1 /ms/index.php?s=/Home/Video/getVideoComment/video_id/1
INFO: [ app_init ] --START--
INFO: Run Common\Behavior\InitHook [ RunTime:0.006278s ]
INFO: [ app_init ] --END-- [ RunTime:0.007445s ]
INFO: [ app_begin ] --START--
INFO: Run Behavior\ReadHtmlCache [ RunTime:0.001543s ]
INFO: [ app_begin ] --END-- [ RunTime:0.001736s ]
SQL: SHOW COLUMNS FROM `ms_config` [ RunTime:0.009545s ]
SQL: SELECT `type`,`name`,`value` FROM `ms_config` WHERE ( `status` = 1 )  [ RunTime:0.001012s ]
SQL: SHOW COLUMNS FROM `ms_video_comment` [ RunTime:0.007000s ]
SQL: SELECT `id`,`content`,`nickname`,`date`,`head_pic` FROM `ms_video_comment` INNER JOIN ms_member on ms_video_comment . uid = ms_member . uid AND ms_video_comment . video_id = 1   [ RunTime:0.000984s ]

[ 2016-07-28T15:02:40+08:00 ] ::1 /ms/index.php?s=/Home/Video/putVideoComment
INFO: [ app_init ] --START--
INFO: Run Common\Behavior\InitHook [ RunTime:0.004543s ]
INFO: [ app_init ] --END-- [ RunTime:0.005647s ]
INFO: [ app_begin ] --START--
INFO: Run Behavior\ReadHtmlCache [ RunTime:0.001317s ]
INFO: [ app_begin ] --END-- [ RunTime:0.001528s ]
SQL: SHOW COLUMNS FROM `ms_config` [ RunTime:0.009107s ]
SQL: SELECT `type`,`name`,`value` FROM `ms_config` WHERE ( `status` = 1 )  [ RunTime:0.001176s ]

[ 2016-07-28T15:27:12+08:00 ] ::1 /ms/index.php?s=/Home/Video/searchVideo/word
INFO: [ app_init ] --START--
INFO: Run Common\Behavior\InitHook [ RunTime:0.005912s ]
INFO: [ app_init ] --END-- [ RunTime:0.007240s ]
INFO: [ app_begin ] --START--
INFO: Run Behavior\ReadHtmlCache [ RunTime:0.001563s ]
INFO: [ app_begin ] --END-- [ RunTime:0.001738s ]
SQL: SHOW COLUMNS FROM `ms_config` [ RunTime:0.009935s ]
SQL: SELECT `type`,`name`,`value` FROM `ms_config` WHERE ( `status` = 1 )  [ RunTime:0.001353s ]
INFO: [ app_end ] --START--
INFO: Run Behavior\ShowPageTrace [ RunTime:0.001786s ]
INFO: [ app_end ] --END-- [ RunTime:0.001944s ]

[ 2016-07-28T15:27:17+08:00 ] ::1 /ms/index.php?s=/Home/Video/searchVideo/word/1
INFO: [ app_init ] --START--
INFO: Run Common\Behavior\InitHook [ RunTime:0.004599s ]
INFO: [ app_init ] --END-- [ RunTime:0.005761s ]
INFO: [ app_begin ] --START--
INFO: Run Behavior\ReadHtmlCache [ RunTime:0.001294s ]
INFO: [ app_begin ] --END-- [ RunTime:0.001477s ]
SQL: SHOW COLUMNS FROM `ms_config` [ RunTime:0.009170s ]
SQL: SELECT `type`,`name`,`value` FROM `ms_config` WHERE ( `status` = 1 )  [ RunTime:0.000986s ]
SQL: SHOW COLUMNS FROM `ms_video` [ RunTime:0.007472s ]
SQL: SELECT * FROM `ms_video` WHERE ( `title` LIKE '%1%' )  [ RunTime:0.020739s ]
INFO: [ app_end ] --START--
INFO: Run Behavior\ShowPageTrace [ RunTime:0.001517s ]
INFO: [ app_end ] --END-- [ RunTime:0.001660s ]

[ 2016-07-28T15:27:28+08:00 ] ::1 /ms/index.php?s=/Home/Video/searchVideo/word/%E7%94%B7
INFO: [ app_init ] --START--
INFO: Run Common\Behavior\InitHook [ RunTime:0.004840s ]
INFO: [ app_init ] --END-- [ RunTime:0.006135s ]
INFO: [ app_begin ] --START--
INFO: Run Behavior\ReadHtmlCache [ RunTime:0.001588s ]
INFO: [ app_begin ] --END-- [ RunTime:0.001823s ]
SQL: SHOW COLUMNS FROM `ms_config` [ RunTime:0.032877s ]
SQL: SELECT `type`,`name`,`value` FROM `ms_config` WHERE ( `status` = 1 )  [ RunTime:0.000995s ]
SQL: SHOW COLUMNS FROM `ms_video` [ RunTime:0.007300s ]
SQL: SELECT * FROM `ms_video` WHERE ( `title` LIKE '%男%' )  [ RunTime:0.000819s ]
INFO: [ app_end ] --START--
INFO: Run Behavior\ShowPageTrace [ RunTime:0.001404s ]
INFO: [ app_end ] --END-- [ RunTime:0.001537s ]

[ 2016-07-28T15:29:13+08:00 ] ::1 /ms/index.php?s=/Home/Video/searchVideo/word/%E7%94%B7
INFO: [ app_init ] --START--
INFO: Run Common\Behavior\InitHook [ RunTime:0.006213s ]
INFO: [ app_init ] --END-- [ RunTime:0.007358s ]
INFO: [ app_begin ] --START--
INFO: Run Behavior\ReadHtmlCache [ RunTime:0.001571s ]
INFO: [ app_begin ] --END-- [ RunTime:0.001748s ]
SQL: SHOW COLUMNS FROM `ms_config` [ RunTime:0.019850s ]
SQL: SELECT `type`,`name`,`value` FROM `ms_config` WHERE ( `status` = 1 )  [ RunTime:0.001069s ]
SQL: SHOW COLUMNS FROM `ms_video` [ RunTime:0.007312s ]
SQL: SELECT `id`,`title`,`pid` FROM `ms_video` WHERE ( `title` LIKE '%男%' )  [ RunTime:0.000816s ]

[ 2016-07-28T15:29:21+08:00 ] ::1 /ms/index.php?s=/Home/Video/searchVideo/word/%E7%94%B7
INFO: [ app_init ] --START--
INFO: Run Common\Behavior\InitHook [ RunTime:0.006285s ]
INFO: [ app_init ] --END-- [ RunTime:0.007801s ]
INFO: [ app_begin ] --START--
INFO: Run Behavior\ReadHtmlCache [ RunTime:0.001623s ]
INFO: [ app_begin ] --END-- [ RunTime:0.001859s ]
SQL: SHOW COLUMNS FROM `ms_config` [ RunTime:0.009307s ]
SQL: SELECT `type`,`name`,`value` FROM `ms_config` WHERE ( `status` = 1 )  [ RunTime:0.000989s ]
SQL: SHOW COLUMNS FROM `ms_video` [ RunTime:0.007186s ]
SQL: SELECT `id`,`title`,`pid` FROM `ms_video` WHERE ( `title` LIKE '%男%' )  [ RunTime:0.000758s ]

[ 2016-07-28T15:30:18+08:00 ] ::1 /ms/index.php?s=/Home/Video/searchVideo/word/%E7%94%B7
INFO: [ app_init ] --START--
INFO: Run Common\Behavior\InitHook [ RunTime:0.005287s ]
INFO: [ app_init ] --END-- [ RunTime:0.006662s ]
INFO: [ app_begin ] --START--
INFO: Run Behavior\ReadHtmlCache [ RunTime:0.001288s ]
INFO: [ app_begin ] --END-- [ RunTime:0.001470s ]
SQL: SHOW COLUMNS FROM `ms_config` [ RunTime:0.009675s ]
SQL: SELECT `type`,`name`,`value` FROM `ms_config` WHERE ( `status` = 1 )  [ RunTime:0.000988s ]
SQL: SHOW COLUMNS FROM `ms_video` [ RunTime:0.007186s ]
SQL: SELECT `id`,`title`,`pid` FROM `ms_video` WHERE ( `title` LIKE '%男%' )  [ RunTime:0.000867s ]

[ 2016-07-28T17:00:01+08:00 ] ::1 /ms/
INFO: [ app_init ] --START--
INFO: Run Common\Behavior\InitHook [ RunTime:0.062486s ]
INFO: [ app_init ] --END-- [ RunTime:0.076849s ]
INFO: [ app_begin ] --START--
INFO: Run Behavior\ReadHtmlCache [ RunTime:0.014964s ]
INFO: [ app_begin ] --END-- [ RunTime:0.015290s ]
SQL: SHOW COLUMNS FROM `ms_config` [ RunTime:0.010858s ]
SQL: SELECT `type`,`name`,`value` FROM `ms_config` WHERE ( `status` = 1 )  [ RunTime:0.001193s ]
INFO: [ app_end ] --START--
INFO: Run Behavior\ShowPageTrace [ RunTime:0.014322s ]
INFO: [ app_end ] --END-- [ RunTime:0.014483s ]

[ 2016-07-28T17:00:34+08:00 ] ::1 /ms/index.php?s=/Admin/License/index.html
INFO: [ app_init ] --START--
INFO: Run Common\Behavior\InitHook [ RunTime:0.005965s ]
INFO: [ app_init ] --END-- [ RunTime:0.007163s ]
INFO: [ app_begin ] --START--
INFO: Run Behavior\ReadHtmlCache [ RunTime:0.001627s ]
INFO: [ app_begin ] --END-- [ RunTime:0.001837s ]

[ 2016-07-28T17:00:34+08:00 ] ::1 /ms/index.php?s=/Admin/Public/login.html
INFO: [ app_init ] --START--
INFO: Run Common\Behavior\InitHook [ RunTime:0.004504s ]
INFO: [ app_init ] --END-- [ RunTime:0.005934s ]
INFO: [ app_begin ] --START--
INFO: Run Behavior\ReadHtmlCache [ RunTime:0.001284s ]
INFO: [ app_begin ] --END-- [ RunTime:0.001466s ]
INFO: [ view_parse ] --START--
INFO: [ template_filter ] --START--
INFO: Run Behavior\ContentReplace [ RunTime:0.000171s ]
INFO: [ template_filter ] --END-- [ RunTime:0.000315s ]
INFO: Run Behavior\ParseTemplate [ RunTime:0.080881s ]
INFO: [ view_parse ] --END-- [ RunTime:0.081054s ]
INFO: [ view_filter ] --START--
INFO: Run Behavior\WriteHtmlCache [ RunTime:0.020609s ]
INFO: [ view_filter ] --END-- [ RunTime:0.020769s ]
INFO: [ app_end ] --START--
INFO: Run Behavior\ShowPageTrace [ RunTime:0.002009s ]
INFO: [ app_end ] --END-- [ RunTime:0.002217s ]

[ 2016-07-28T17:00:35+08:00 ] ::1 /ms/index.php?s=/Admin/Public/verify.html
INFO: [ app_init ] --START--
INFO: Run Common\Behavior\InitHook [ RunTime:0.003795s ]
INFO: [ app_init ] --END-- [ RunTime:0.004732s ]
INFO: [ app_begin ] --START--
INFO: Run Behavior\ReadHtmlCache [ RunTime:0.001061s ]
INFO: [ app_begin ] --END-- [ RunTime:0.001220s ]
INFO: [ app_end ] --START--
INFO: Run Behavior\ShowPageTrace [ RunTime:0.001459s ]
INFO: [ app_end ] --END-- [ RunTime:0.001701s ]

[ 2016-07-28T17:00:38+08:00 ] ::1 /ms/index.php?s=/Admin/Public/login.html
INFO: [ app_init ] --START--
INFO: Run Common\Behavior\InitHook [ RunTime:0.004558s ]
INFO: [ app_init ] --END-- [ RunTime:0.005640s ]
INFO: [ app_begin ] --START--
INFO: Run Behavior\ReadHtmlCache [ RunTime:0.001287s ]
INFO: [ app_begin ] --END-- [ RunTime:0.001466s ]
SQL: SHOW COLUMNS FROM `ms_ucenter_member` [ RunTime:0.008007s ]
SQL: SELECT * FROM `ms_ucenter_member` WHERE ( `username` = 'admin' ) LIMIT 1   [ RunTime:0.001352s ]

[ 2016-07-28T17:00:38+08:00 ] ::1 /ms/index.php?s=/Admin/Public/login.html
INFO: [ app_init ] --START--
INFO: Run Common\Behavior\InitHook [ RunTime:0.004644s ]
INFO: [ app_init ] --END-- [ RunTime:0.005801s ]
INFO: [ app_begin ] --START--
INFO: Run Behavior\ReadHtmlCache [ RunTime:0.001290s ]
INFO: [ app_begin ] --END-- [ RunTime:0.001464s ]
INFO: [ view_parse ] --START--
INFO: [ template_filter ] --START--
INFO: Run Behavior\ContentReplace [ RunTime:0.000168s ]
INFO: [ template_filter ] --END-- [ RunTime:0.000305s ]
INFO: Run Behavior\ParseTemplate [ RunTime:0.014295s ]
INFO: [ view_parse ] --END-- [ RunTime:0.014472s ]
INFO: [ view_filter ] --START--
INFO: Run Behavior\WriteHtmlCache [ RunTime:0.000847s ]
INFO: [ view_filter ] --END-- [ RunTime:0.000966s ]
INFO: [ app_end ] --START--
INFO: Run Behavior\ShowPageTrace [ RunTime:0.001305s ]
INFO: [ app_end ] --END-- [ RunTime:0.001429s ]

[ 2016-07-28T17:00:38+08:00 ] ::1 /ms/index.php?s=/Admin/Public/verify.html
INFO: [ app_init ] --START--
INFO: Run Common\Behavior\InitHook [ RunTime:0.003895s ]
INFO: [ app_init ] --END-- [ RunTime:0.005055s ]
INFO: [ app_begin ] --START--
INFO: Run Behavior\ReadHtmlCache [ RunTime:0.001631s ]
INFO: [ app_begin ] --END-- [ RunTime:0.001938s ]
INFO: [ app_end ] --START--
INFO: Run Behavior\ShowPageTrace [ RunTime:0.002329s ]
INFO: [ app_end ] --END-- [ RunTime:0.002600s ]

[ 2016-07-28T17:00:45+08:00 ] ::1 /ms/index.php?s=/Admin/Public/login.html
INFO: [ app_init ] --START--
INFO: Run Common\Behavior\InitHook [ RunTime:0.008363s ]
INFO: [ app_init ] --END-- [ RunTime:0.009663s ]
INFO: [ app_begin ] --START--
INFO: Run Behavior\ReadHtmlCache [ RunTime:0.001843s ]
INFO: [ app_begin ] --END-- [ RunTime:0.002012s ]
SQL: SHOW COLUMNS FROM `ms_ucenter_member` [ RunTime:0.009112s ]
SQL: SELECT * FROM `ms_ucenter_member` WHERE ( `username` = 'admin' ) LIMIT 1   [ RunTime:0.000885s ]
SQL: UPDATE `ms_ucenter_member` SET `last_login_time`=1469696445,`last_login_ip`=0 WHERE ( `id` = 1 ) [ RunTime:0.026122s ]
SQL: SHOW COLUMNS FROM `ms_member` [ RunTime:0.007623s ]
SQL: SELECT `uid`,`nickname`,`sex`,`birthday`,`qq`,`score`,`login`,`reg_ip`,`reg_time`,`last_login_ip`,`last_login_time`,`status`,`location`,`school`,`grade`,`head_pic` FROM `ms_member` WHERE ( `uid` = 1 ) LIMIT 1   [ RunTime:0.001055s ]
SQL: SHOW COLUMNS FROM `ms_action` [ RunTime:0.037250s ]
SQL: SELECT * FROM `ms_action` WHERE ( `name` = 'user_login' ) LIMIT 1   [ RunTime:0.001202s ]
SQL: SHOW COLUMNS FROM `ms_action_log` [ RunTime:0.117872s ]
SQL: INSERT INTO `ms_action_log` (`action_id`,`user_id`,`action_ip`,`model`,`record_id`,`create_time`,`remark`) VALUES (1,1,0,'member',1,1469696445,'admin在2016-07-28 17:00登录了后台') [ RunTime:0.013418s ]
SQL: SELECT * FROM `ms_action` WHERE ( `name` = 'user_login' ) LIMIT 1   [ RunTime:0.000832s ]
NOTIC: [8] Undefined offset: 1 D:\xampp\htdocs\ms\Application\Common\Common\function.php 第 666 行.
NOTIC: [2] array_key_exists() expects parameter 2 to be array, null given D:\xampp\htdocs\ms\Application\Common\Common\function.php 第 666 行.
SQL: SELECT COUNT(*) AS tp_count FROM `ms_action_log` WHERE ( `action_id` = 1 ) AND ( `user_id` = 1 ) AND ( `create_time` > 1469610045 ) LIMIT 1   [ RunTime:0.149194s ]
SQL: SHOW COLUMNS FROM `ms_member` [ RunTime:0.007460s ]
SQL: UPDATE `ms_member` SET `score`=score+10 WHERE ( uid=1 AND status>-1 ) [ RunTime:0.009944s ]
SQL: UPDATE `ms_member` SET `login`=`login`+1,`last_login_time`=1469696445,`last_login_ip`=0 WHERE ( `uid` = 1 ) [ RunTime:0.000820s ]

[ 2016-07-28T17:00:46+08:00 ] ::1 /ms/index.php?s=/Admin/Index/index.html
INFO: [ app_init ] --START--
INFO: Run Common\Behavior\InitHook [ RunTime:0.006619s ]
INFO: [ app_init ] --END-- [ RunTime:0.007805s ]
INFO: [ app_begin ] --START--
INFO: Run Behavior\ReadHtmlCache [ RunTime:0.001968s ]
INFO: [ app_begin ] --END-- [ RunTime:0.002159s ]
SQL: SHOW COLUMNS FROM `ms_menu` [ RunTime:0.026628s ]
SQL: SELECT * FROM `ms_menu` WHERE ( `pid` = 0 ) AND ( `hide` = 0 ) ORDER BY sort asc  [ RunTime:0.008819s ]
SQL: SELECT `id` FROM `ms_menu` WHERE ( url like '%Index/index%' ) LIMIT 1   [ RunTime:0.000806s ]
SQL: SHOW COLUMNS FROM `ms_menu` [ RunTime:0.007628s ]
SQL: SELECT `id`,`pid`,`title` FROM `ms_menu` WHERE ( id=1 ) LIMIT 1   [ RunTime:0.000808s ]
SQL: SELECT DISTINCT  `group` FROM `ms_menu` WHERE ( pid = 1 )  [ RunTime:0.028568s ]
SQL: SELECT `id`,`url` FROM `ms_menu` WHERE ( `pid` = 1 ) AND ( `hide` = 0 )  [ RunTime:0.000806s ]
INFO: [ view_parse ] --START--
INFO: [ template_filter ] --START--
INFO: Run Behavior\ContentReplace [ RunTime:0.000277s ]
INFO: [ template_filter ] --END-- [ RunTime:0.000409s ]
INFO: [ AdminIndex ] --START--
SQL: SHOW COLUMNS FROM `ms_addons` [ RunTime:0.024938s ]
SQL: SELECT `config` FROM `ms_addons` WHERE ( `name` = 'SiteStat' ) AND ( `status` = 1 ) LIMIT 1   [ RunTime:0.001453s ]
SQL: SHOW COLUMNS FROM `ms_member` [ RunTime:0.007988s ]
SQL: SELECT COUNT(*) AS tp_count FROM `ms_member` LIMIT 1   [ RunTime:0.000619s ]
SQL: SHOW COLUMNS FROM `ms_action_log` [ RunTime:0.007522s ]
SQL: SELECT COUNT(*) AS tp_count FROM `ms_action_log` LIMIT 1   [ RunTime:0.000608s ]
SQL: SHOW COLUMNS FROM `ms_document` [ RunTime:0.025900s ]
SQL: SELECT COUNT(*) AS tp_count FROM `ms_document` LIMIT 1   [ RunTime:0.000608s ]
SQL: SHOW COLUMNS FROM `ms_category` [ RunTime:0.017424s ]
SQL: SELECT COUNT(*) AS tp_count FROM `ms_category` LIMIT 1   [ RunTime:0.000630s ]
SQL: SHOW COLUMNS FROM `ms_model` [ RunTime:0.026100s ]
SQL: SELECT COUNT(*) AS tp_count FROM `ms_model` LIMIT 1   [ RunTime:0.000613s ]
INFO: [ view_parse ] --START--
INFO: [ template_filter ] --START--
INFO: Run Behavior\ContentReplace [ RunTime:0.000091s ]
INFO: [ template_filter ] --END-- [ RunTime:-0.193292s ]
INFO: Run Behavior\ParseTemplate [ RunTime:0.027520s ]
INFO: [ view_parse ] --END-- [ RunTime:0.027680s ]
INFO: [ view_filter ] --START--
INFO: Run Behavior\WriteHtmlCache [ RunTime:0.001534s ]
INFO: [ view_filter ] --END-- [ RunTime:0.001693s ]
INFO: Run SiteStat [ RunTime:0.184410s ]
SQL: SELECT `config` FROM `ms_addons` WHERE ( `name` = 'SystemInfo' ) AND ( `status` = 1 ) LIMIT 1   [ RunTime:0.000967s ]
INFO: [ view_parse ] --START--
INFO: [ template_filter ] --START--
INFO: Run Behavior\ContentReplace [ RunTime:0.000097s ]
INFO: [ template_filter ] --END-- [ RunTime:-0.440318s ]
SQL: select version() as v; [ RunTime:0.009237s ]
INFO: Run Behavior\ParseTemplate [ RunTime:0.024370s ]
INFO: [ view_parse ] --END-- [ RunTime:-0.218676s ]
INFO: [ view_filter ] --START--
INFO: Run Behavior\WriteHtmlCache [ RunTime:0.000035s ]
INFO: [ view_filter ] --END-- [ RunTime:-0.241472s ]
INFO: Run SystemInfo [ RunTime:0.241582s ]
SQL: SELECT `config` FROM `ms_addons` WHERE ( `name` = 'DevTeam' ) AND ( `status` = 1 ) LIMIT 1   [ RunTime:0.000932s ]
INFO: [ view_parse ] --START--
INFO: [ template_filter ] --START--
INFO: Run Behavior\ContentReplace [ RunTime:0.000089s ]
INFO: [ template_filter ] --END-- [ RunTime:-0.483465s ]
INFO: Run Behavior\ParseTemplate [ RunTime:0.030937s ]
INFO: [ view_parse ] --END-- [ RunTime:-0.262657s ]
INFO: [ view_filter ] --START--
INFO: Run Behavior\WriteHtmlCache [ RunTime:0.000032s ]
INFO: [ view_filter ] --END-- [ RunTime:-0.292081s ]
INFO: Run DevTeam [ RunTime:0.050551s ]
INFO: [ AdminIndex ] --END-- [ RunTime:0.476761s ]
INFO: Run Behavior\ParseTemplate [ RunTime:0.031520s ]
INFO: [ view_parse ] --END-- [ RunTime:-0.262657s ]
INFO: [ view_filter ] --START--
INFO: Run Behavior\WriteHtmlCache [ RunTime:0.000022s ]
INFO: [ view_filter ] --END-- [ RunTime:-0.292550s ]
INFO: [ app_end ] --START--
INFO: Run Behavior\ShowPageTrace [ RunTime:0.002144s ]
INFO: [ app_end ] --END-- [ RunTime:0.002357s ]

[ 2016-07-28T17:00:51+08:00 ] ::1 /ms/index.php?s=/Admin/Article/mydocument.html
INFO: [ app_init ] --START--
INFO: Run Common\Behavior\InitHook [ RunTime:0.006990s ]
INFO: [ app_init ] --END-- [ RunTime:0.008456s ]
INFO: [ app_begin ] --START--
INFO: Run Behavior\ReadHtmlCache [ RunTime:0.001853s ]
INFO: [ app_begin ] --END-- [ RunTime:0.002027s ]
SQL: SHOW COLUMNS FROM `ms_menu` [ RunTime:0.008233s ]
SQL: SELECT * FROM `ms_menu` WHERE ( `pid` = 0 ) AND ( `hide` = 0 ) ORDER BY sort asc  [ RunTime:0.001229s ]
SQL: SELECT `id` FROM `ms_menu` WHERE ( url like '%Article/mydocument%' ) LIMIT 1   [ RunTime:0.000714s ]
SQL: SHOW COLUMNS FROM `ms_menu` [ RunTime:0.007198s ]
SQL: SELECT `id`,`pid`,`title` FROM `ms_menu` WHERE ( id=2 ) LIMIT 1   [ RunTime:0.000780s ]
SQL: SELECT DISTINCT  `group` FROM `ms_menu` WHERE ( pid = 2 )  [ RunTime:0.001013s ]
SQL: SELECT `id`,`url` FROM `ms_menu` WHERE ( `pid` = 2 ) AND ( `hide` = 0 )  [ RunTime:0.000757s ]
SQL: SELECT `id`,`pid`,`title`,`url`,`tip` FROM `ms_menu` WHERE ( `group` = '内容' ) AND ( `pid` = 2 ) AND ( `hide` = 0 ) ORDER BY sort asc  [ RunTime:0.000861s ]
SQL: SHOW COLUMNS FROM `ms_auth_group_access` [ RunTime:0.022707s ]
SQL: SELECT `extend_id` FROM ms_auth_group_access g INNER JOIN ms_auth_extend c on g.group_id=c.group_id  WHERE ( g.uid='1' and c.type='1' and !isnull(extend_id) )  [ RunTime:0.003513s ]
SQL: SHOW COLUMNS FROM `ms_category` [ RunTime:0.008076s ]
SQL: SELECT `id`,`title`,`pid`,`allow_publish` FROM `ms_category` WHERE ( `status` = 1 ) ORDER BY pid,sort  [ RunTime:0.001004s ]
SQL: SHOW COLUMNS FROM `ms_document` [ RunTime:0.008142s ]
SQL: SELECT COUNT(*) AS tp_count FROM `ms_document` WHERE ( `status` IN ('0','1','2') ) AND ( `uid` = 1 ) AND ( `pid` = 0 ) LIMIT 1   [ RunTime:0.065189s ]
SQL: SELECT `id`,`uid`,`name`,`title`,`category_id`,`description`,`root`,`pid`,`model_id`,`type`,`position`,`link_id`,`cover_id`,`display`,`deadline`,`attach`,`view`,`comment`,`extend`,`level`,`create_time`,`update_time`,`status` FROM `ms_document` WHERE ( `status` IN ('0','1','2') ) AND ( `uid` = 1 ) AND ( `pid` = 0 ) ORDER BY update_time desc LIMIT 0,10   [ RunTime:0.028623s ]
INFO: [ view_parse ] --START--
INFO: [ template_filter ] --START--
INFO: Run Behavior\ContentReplace [ RunTime:0.000866s ]
INFO: [ template_filter ] --END-- [ RunTime:0.001696s ]
SQL: SHOW COLUMNS FROM `ms_document` [ RunTime:0.009001s ]
SQL: SELECT COUNT(*) AS tp_count FROM `ms_document` WHERE ( pid=16 ) LIMIT 1   [ RunTime:0.000739s ]
SQL: SELECT `title` FROM `ms_category` WHERE ( id=42 ) LIMIT 1   [ RunTime:0.000691s ]
SQL: SELECT COUNT(*) AS tp_count FROM `ms_document` WHERE ( pid=2 ) LIMIT 1   [ RunTime:0.000789s ]
SQL: SELECT `title` FROM `ms_category` WHERE ( id=2 ) LIMIT 1   [ RunTime:0.000854s ]
SQL: SELECT COUNT(*) AS tp_count FROM `ms_document` WHERE ( pid=11 ) LIMIT 1   [ RunTime:0.000684s ]
SQL: SELECT `title` FROM `ms_category` WHERE ( id=2 ) LIMIT 1   [ RunTime:0.000686s ]
SQL: SELECT COUNT(*) AS tp_count FROM `ms_document` WHERE ( pid=9 ) LIMIT 1   [ RunTime:0.000671s ]
SQL: SELECT `title` FROM `ms_category` WHERE ( id=42 ) LIMIT 1   [ RunTime:0.000642s ]
SQL: SELECT COUNT(*) AS tp_count FROM `ms_document` WHERE ( pid=1 ) LIMIT 1   [ RunTime:0.000602s ]
SQL: SELECT `title` FROM `ms_category` WHERE ( id=2 ) LIMIT 1   [ RunTime:0.000667s ]
INFO: Run Behavior\ParseTemplate [ RunTime:0.132249s ]
INFO: [ view_parse ] --END-- [ RunTime:0.132435s ]
INFO: [ view_filter ] --START--
INFO: Run Behavior\WriteHtmlCache [ RunTime:0.001590s ]
INFO: [ view_filter ] --END-- [ RunTime:0.001729s ]
INFO: [ app_end ] --START--
INFO: Run Behavior\ShowPageTrace [ RunTime:0.002108s ]
INFO: [ app_end ] --END-- [ RunTime:0.002291s ]

[ 2016-07-28T17:00:52+08:00 ] ::1 /ms/index.php?s=/Admin/article/draftbox.html
INFO: [ app_init ] --START--
INFO: Run Common\Behavior\InitHook [ RunTime:0.003362s ]
INFO: [ app_init ] --END-- [ RunTime:0.004187s ]
INFO: [ app_begin ] --START--
INFO: Run Behavior\ReadHtmlCache [ RunTime:0.000990s ]
INFO: [ app_begin ] --END-- [ RunTime:0.001136s ]
SQL: SHOW COLUMNS FROM `ms_menu` [ RunTime:0.049744s ]
SQL: SELECT * FROM `ms_menu` WHERE ( `pid` = 0 ) AND ( `hide` = 0 ) ORDER BY sort asc  [ RunTime:0.001078s ]
SQL: SELECT `id` FROM `ms_menu` WHERE ( url like '%Article/draftbox%' ) LIMIT 1   [ RunTime:0.000803s ]
SQL: SHOW COLUMNS FROM `ms_auth_group_access` [ RunTime:0.006524s ]
SQL: SELECT `extend_id` FROM ms_auth_group_access g INNER JOIN ms_auth_extend c on g.group_id=c.group_id  WHERE ( g.uid='1' and c.type='1' and !isnull(extend_id) )  [ RunTime:0.000665s ]
SQL: SHOW COLUMNS FROM `ms_category` [ RunTime:0.006716s ]
SQL: SELECT `id`,`title`,`pid`,`allow_publish` FROM `ms_category` WHERE ( `status` = 1 ) ORDER BY pid,sort  [ RunTime:0.000754s ]
SQL: SHOW COLUMNS FROM `ms_document` [ RunTime:0.007513s ]
SQL: SELECT COUNT(*) AS tp_count FROM `ms_document` WHERE ( `status` = 3 ) AND ( `uid` = 1 ) LIMIT 1   [ RunTime:0.000804s ]
SQL: SELECT `id`,`uid`,`name`,`title`,`category_id`,`description`,`root`,`pid`,`model_id`,`type`,`position`,`link_id`,`cover_id`,`display`,`deadline`,`attach`,`view`,`comment`,`extend`,`level`,`create_time`,`update_time`,`status` FROM `ms_document` WHERE ( `status` = 3 ) AND ( `uid` = 1 ) ORDER BY id desc LIMIT 0,10   [ RunTime:0.001007s ]
INFO: [ view_parse ] --START--
INFO: [ template_filter ] --START--
INFO: Run Behavior\ContentReplace [ RunTime:0.000541s ]
INFO: [ template_filter ] --END-- [ RunTime:0.000679s ]
SQL: SELECT `title` FROM `ms_category` WHERE ( id=42 ) LIMIT 1   [ RunTime:0.000886s ]
SQL: SELECT `title` FROM `ms_category` WHERE ( id=42 ) LIMIT 1   [ RunTime:0.000696s ]
INFO: Run Behavior\ParseTemplate [ RunTime:0.085359s ]
INFO: [ view_parse ] --END-- [ RunTime:0.085515s ]
INFO: [ view_filter ] --START--
INFO: Run Behavior\WriteHtmlCache [ RunTime:0.000843s ]
INFO: [ view_filter ] --END-- [ RunTime:0.000957s ]
INFO: [ app_end ] --START--
INFO: Run Behavior\ShowPageTrace [ RunTime:0.001750s ]
INFO: [ app_end ] --END-- [ RunTime:0.001960s ]

[ 2016-07-28T17:00:54+08:00 ] ::1 /ms/index.php?s=/Admin/article/examine.html
INFO: [ app_init ] --START--
INFO: Run Common\Behavior\InitHook [ RunTime:0.004784s ]
INFO: [ app_init ] --END-- [ RunTime:0.005887s ]
INFO: [ app_begin ] --START--
INFO: Run Behavior\ReadHtmlCache [ RunTime:0.001289s ]
INFO: [ app_begin ] --END-- [ RunTime:0.001465s ]
SQL: SHOW COLUMNS FROM `ms_menu` [ RunTime:0.007313s ]
SQL: SELECT * FROM `ms_menu` WHERE ( `pid` = 0 ) AND ( `hide` = 0 ) ORDER BY sort asc  [ RunTime:0.001446s ]
SQL: SELECT `id` FROM `ms_menu` WHERE ( url like '%Article/examine%' ) LIMIT 1   [ RunTime:0.001016s ]
SQL: SHOW COLUMNS FROM `ms_auth_group_access` [ RunTime:0.008100s ]
SQL: SELECT `extend_id` FROM ms_auth_group_access g INNER JOIN ms_auth_extend c on g.group_id=c.group_id  WHERE ( g.uid='1' and c.type='1' and !isnull(extend_id) )  [ RunTime:0.000768s ]
SQL: SHOW COLUMNS FROM `ms_category` [ RunTime:0.007641s ]
SQL: SELECT `id`,`title`,`pid`,`allow_publish` FROM `ms_category` WHERE ( `status` = 1 ) ORDER BY pid,sort  [ RunTime:0.000852s ]
SQL: SHOW COLUMNS FROM `ms_document` [ RunTime:0.008442s ]
SQL: SELECT COUNT(*) AS tp_count FROM `ms_document` WHERE ( `status` = 2 ) LIMIT 1   [ RunTime:0.000763s ]
SQL: SELECT `id`,`uid`,`name`,`title`,`category_id`,`description`,`root`,`pid`,`model_id`,`type`,`position`,`link_id`,`cover_id`,`display`,`deadline`,`attach`,`view`,`comment`,`extend`,`level`,`create_time`,`update_time`,`status` FROM `ms_document` WHERE ( `status` = 2 ) ORDER BY update_time desc LIMIT 0,10   [ RunTime:0.001101s ]
INFO: [ view_parse ] --START--
INFO: [ template_filter ] --START--
INFO: Run Behavior\ContentReplace [ RunTime:0.000786s ]
INFO: [ template_filter ] --END-- [ RunTime:0.001017s ]
INFO: Run Behavior\ParseTemplate [ RunTime:0.071259s ]
INFO: [ view_parse ] --END-- [ RunTime:0.071413s ]
INFO: [ view_filter ] --START--
INFO: Run Behavior\WriteHtmlCache [ RunTime:0.000871s ]
INFO: [ view_filter ] --END-- [ RunTime:0.000990s ]
INFO: [ app_end ] --START--
INFO: Run Behavior\ShowPageTrace [ RunTime:0.001677s ]
INFO: [ app_end ] --END-- [ RunTime:0.001890s ]

[ 2016-07-28T17:00:56+08:00 ] ::1 /ms/index.php?s=/Admin/article/draftbox.html
INFO: [ app_init ] --START--
INFO: Run Common\Behavior\InitHook [ RunTime:0.005048s ]
INFO: [ app_init ] --END-- [ RunTime:0.006087s ]
INFO: [ app_begin ] --START--
INFO: Run Behavior\ReadHtmlCache [ RunTime:0.001280s ]
INFO: [ app_begin ] --END-- [ RunTime:0.001474s ]
SQL: SHOW COLUMNS FROM `ms_menu` [ RunTime:0.056001s ]
SQL: SELECT * FROM `ms_menu` WHERE ( `pid` = 0 ) AND ( `hide` = 0 ) ORDER BY sort asc  [ RunTime:0.001211s ]
SQL: SELECT `id` FROM `ms_menu` WHERE ( url like '%Article/draftbox%' ) LIMIT 1   [ RunTime:0.000930s ]
SQL: SHOW COLUMNS FROM `ms_auth_group_access` [ RunTime:0.007089s ]
SQL: SELECT `extend_id` FROM ms_auth_group_access g INNER JOIN ms_auth_extend c on g.group_id=c.group_id  WHERE ( g.uid='1' and c.type='1' and !isnull(extend_id) )  [ RunTime:0.000761s ]
SQL: SHOW COLUMNS FROM `ms_category` [ RunTime:0.008501s ]
SQL: SELECT `id`,`title`,`pid`,`allow_publish` FROM `ms_category` WHERE ( `status` = 1 ) ORDER BY pid,sort  [ RunTime:0.001015s ]
SQL: SHOW COLUMNS FROM `ms_document` [ RunTime:0.007912s ]
SQL: SELECT COUNT(*) AS tp_count FROM `ms_document` WHERE ( `status` = 3 ) AND ( `uid` = 1 ) LIMIT 1   [ RunTime:0.000810s ]
SQL: SELECT `id`,`uid`,`name`,`title`,`category_id`,`description`,`root`,`pid`,`model_id`,`type`,`position`,`link_id`,`cover_id`,`display`,`deadline`,`attach`,`view`,`comment`,`extend`,`level`,`create_time`,`update_time`,`status` FROM `ms_document` WHERE ( `status` = 3 ) AND ( `uid` = 1 ) ORDER BY id desc LIMIT 0,10   [ RunTime:0.001150s ]
INFO: [ view_parse ] --START--
INFO: [ template_filter ] --START--
INFO: Run Behavior\ContentReplace [ RunTime:0.000602s ]
INFO: [ template_filter ] --END-- [ RunTime:0.000744s ]
SQL: SELECT `title` FROM `ms_category` WHERE ( id=42 ) LIMIT 1   [ RunTime:0.000816s ]
SQL: SELECT `title` FROM `ms_category` WHERE ( id=42 ) LIMIT 1   [ RunTime:0.000676s ]
INFO: Run Behavior\ParseTemplate [ RunTime:0.060802s ]
INFO: [ view_parse ] --END-- [ RunTime:0.061012s ]
INFO: [ view_filter ] --START--
INFO: Run Behavior\WriteHtmlCache [ RunTime:0.001361s ]
INFO: [ view_filter ] --END-- [ RunTime:0.001554s ]
INFO: [ app_end ] --START--
INFO: Run Behavior\ShowPageTrace [ RunTime:0.001505s ]
INFO: [ app_end ] --END-- [ RunTime:0.001690s ]

[ 2016-07-28T17:00:58+08:00 ] ::1 /ms/index.php?s=/Admin/Article/index/cate_id/2.html
INFO: [ app_init ] --START--
INFO: Run Common\Behavior\InitHook [ RunTime:0.004421s ]
INFO: [ app_init ] --END-- [ RunTime:0.005527s ]
INFO: [ app_begin ] --START--
INFO: Run Behavior\ReadHtmlCache [ RunTime:0.001279s ]
INFO: [ app_begin ] --END-- [ RunTime:0.001426s ]
SQL: SHOW COLUMNS FROM `ms_menu` [ RunTime:0.016126s ]
SQL: SELECT * FROM `ms_menu` WHERE ( `pid` = 0 ) AND ( `hide` = 0 ) ORDER BY sort asc  [ RunTime:0.001223s ]
SQL: SELECT `id` FROM `ms_menu` WHERE ( url like '%Article/index%' ) LIMIT 1   [ RunTime:0.000688s ]
SQL: SHOW COLUMNS FROM `ms_menu` [ RunTime:0.008098s ]
SQL: SELECT `id`,`pid`,`title` FROM `ms_menu` WHERE ( id=3 ) LIMIT 1   [ RunTime:0.000779s ]
SQL: SELECT `id`,`pid`,`title` FROM `ms_menu` WHERE ( id=2 ) LIMIT 1   [ RunTime:0.000689s ]
SQL: SELECT DISTINCT  `group` FROM `ms_menu` WHERE ( pid = 2 )  [ RunTime:0.000903s ]
SQL: SELECT `id`,`url` FROM `ms_menu` WHERE ( `pid` = 2 ) AND ( `hide` = 0 )  [ RunTime:0.000762s ]
SQL: SELECT `id`,`pid`,`title`,`url`,`tip` FROM `ms_menu` WHERE ( `group` = '内容' ) AND ( `pid` = 2 ) AND ( `hide` = 0 ) ORDER BY sort asc  [ RunTime:0.000850s ]
SQL: SHOW COLUMNS FROM `ms_auth_group_access` [ RunTime:0.007892s ]
SQL: SELECT `extend_id` FROM ms_auth_group_access g INNER JOIN ms_auth_extend c on g.group_id=c.group_id  WHERE ( g.uid='1' and c.type='1' and !isnull(extend_id) )  [ RunTime:0.000790s ]
SQL: SHOW COLUMNS FROM `ms_category` [ RunTime:0.007557s ]
SQL: SELECT `id`,`title`,`pid`,`allow_publish` FROM `ms_category` WHERE ( `status` = 1 ) ORDER BY pid,sort  [ RunTime:0.000883s ]
SQL: SELECT `id`,`title`,`pid` FROM `ms_category` WHERE ( `status` = 1 ) ORDER BY sort  [ RunTime:0.000772s ]
SQL: SHOW COLUMNS FROM `ms_model` [ RunTime:0.007871s ]
SQL: SELECT * FROM `ms_model` WHERE ( `name` = 'document' ) LIMIT 1   [ RunTime:0.018993s ]
SQL: SHOW COLUMNS FROM `ms_document` [ RunTime:0.007876s ]
SQL: SELECT COUNT(*) AS tp_count FROM `ms_document` WHERE ( `status` IN ('0','1','2') ) AND ( `pid` = 0 ) AND ( `category_id` = 2 ) LIMIT 1   [ RunTime:0.000916s ]
SQL: SELECT `id`,`uid`,`name`,`title`,`category_id`,`description`,`root`,`pid`,`model_id`,`type`,`position`,`link_id`,`cover_id`,`display`,`deadline`,`attach`,`view`,`comment`,`extend`,`level`,`create_time`,`update_time`,`status` FROM `ms_document` WHERE ( `status` IN ('0','1','2') ) AND ( `pid` = 0 ) AND ( `category_id` = 2 ) ORDER BY level DESC,id DESC LIMIT 0,10   [ RunTime:0.001090s ]
INFO: [ view_parse ] --START--
INFO: [ template_filter ] --START--
INFO: Run Behavior\ContentReplace [ RunTime:0.000923s ]
INFO: [ template_filter ] --END-- [ RunTime:0.001174s ]
INFO: Run Behavior\ParseTemplate [ RunTime:0.092570s ]
INFO: [ view_parse ] --END-- [ RunTime:0.092745s ]
INFO: [ view_filter ] --START--
INFO: Run Behavior\WriteHtmlCache [ RunTime:0.000959s ]
INFO: [ view_filter ] --END-- [ RunTime:0.001085s ]
INFO: [ app_end ] --START--
INFO: Run Behavior\ShowPageTrace [ RunTime:0.002053s ]
INFO: [ app_end ] --END-- [ RunTime:0.002245s ]

[ 2016-07-28T17:01:00+08:00 ] ::1 /ms/index.php?s=/Admin/User/index.html
INFO: [ app_init ] --START--
INFO: Run Common\Behavior\InitHook [ RunTime:0.004625s ]
INFO: [ app_init ] --END-- [ RunTime:0.005722s ]
INFO: [ app_begin ] --START--
INFO: Run Behavior\ReadHtmlCache [ RunTime:0.001267s ]
INFO: [ app_begin ] --END-- [ RunTime:0.001446s ]
SQL: SHOW COLUMNS FROM `ms_menu` [ RunTime:0.009366s ]
SQL: SELECT * FROM `ms_menu` WHERE ( `pid` = 0 ) AND ( `hide` = 0 ) ORDER BY sort asc  [ RunTime:0.001162s ]
SQL: SELECT `id` FROM `ms_menu` WHERE ( url like '%User/index%' ) LIMIT 1   [ RunTime:0.000618s ]
SQL: SHOW COLUMNS FROM `ms_menu` [ RunTime:0.008600s ]
SQL: SELECT `id`,`pid`,`title` FROM `ms_menu` WHERE ( id=16 ) LIMIT 1   [ RunTime:0.000702s ]
SQL: SELECT DISTINCT  `group` FROM `ms_menu` WHERE ( pid = 16 )  [ RunTime:0.000981s ]
SQL: SELECT `id`,`url` FROM `ms_menu` WHERE ( `pid` = 16 ) AND ( `hide` = 0 )  [ RunTime:0.000845s ]
SQL: SELECT `id`,`pid`,`title`,`url`,`tip` FROM `ms_menu` WHERE ( `group` = '用户管理' ) AND ( `pid` = 16 ) AND ( `hide` = 0 ) ORDER BY sort asc  [ RunTime:0.000977s ]
SQL: SELECT `id`,`pid`,`title`,`url`,`tip` FROM `ms_menu` WHERE ( `group` = '行为管理' ) AND ( `pid` = 16 ) AND ( `hide` = 0 ) ORDER BY sort asc  [ RunTime:0.000928s ]
SQL: SELECT `id`,`pid`,`title`,`url`,`tip` FROM `ms_menu` WHERE ( `group` = '' ) AND ( `pid` = 16 ) AND ( `hide` = 0 ) ORDER BY sort asc  [ RunTime:0.000910s ]
SQL: SHOW COLUMNS FROM `ms_member` [ RunTime:0.008547s ]
SQL: SELECT COUNT(*) AS tp_count FROM `ms_member` WHERE ( `status` >= 0 ) AND ( `nickname` LIKE '%%' ) LIMIT 1   [ RunTime:0.000799s ]
SQL: SELECT `uid`,`nickname`,`sex`,`birthday`,`qq`,`score`,`login`,`reg_ip`,`reg_time`,`last_login_ip`,`last_login_time`,`status`,`location`,`school`,`grade`,`head_pic` FROM `ms_member` WHERE ( `status` >= 0 ) AND ( `nickname` LIKE '%%' ) ORDER BY uid desc LIMIT 0,10   [ RunTime:0.001109s ]
INFO: [ view_parse ] --START--
INFO: [ template_filter ] --START--
INFO: Run Behavior\ContentReplace [ RunTime:0.000397s ]
INFO: [ template_filter ] --END-- [ RunTime:0.000531s ]
INFO: Run Behavior\ParseTemplate [ RunTime:0.057720s ]
INFO: [ view_parse ] --END-- [ RunTime:0.057925s ]
INFO: [ view_filter ] --START--
INFO: Run Behavior\WriteHtmlCache [ RunTime:0.001112s ]
INFO: [ view_filter ] --END-- [ RunTime:0.001253s ]
INFO: [ app_end ] --START--
INFO: Run Behavior\ShowPageTrace [ RunTime:0.002129s ]
INFO: [ app_end ] --END-- [ RunTime:0.002319s ]

[ 2016-07-28T17:01:02+08:00 ] ::1 /ms/index.php?s=/Admin/Config/group.html
INFO: [ app_init ] --START--
INFO: Run Common\Behavior\InitHook [ RunTime:0.004608s ]
INFO: [ app_init ] --END-- [ RunTime:0.005675s ]
INFO: [ app_begin ] --START--
INFO: Run Behavior\ReadHtmlCache [ RunTime:0.001462s ]
INFO: [ app_begin ] --END-- [ RunTime:0.001783s ]
SQL: SHOW COLUMNS FROM `ms_menu` [ RunTime:0.007288s ]
SQL: SELECT * FROM `ms_menu` WHERE ( `pid` = 0 ) AND ( `hide` = 0 ) ORDER BY sort asc  [ RunTime:0.001569s ]
SQL: SELECT `id` FROM `ms_menu` WHERE ( url like '%Config/group%' ) LIMIT 1   [ RunTime:0.000975s ]
SQL: SHOW COLUMNS FROM `ms_menu` [ RunTime:0.007501s ]
SQL: SELECT `id`,`pid`,`title` FROM `ms_menu` WHERE ( id=68 ) LIMIT 1   [ RunTime:0.000785s ]
SQL: SELECT DISTINCT  `group` FROM `ms_menu` WHERE ( pid = 68 )  [ RunTime:0.001016s ]
SQL: SELECT `id`,`url` FROM `ms_menu` WHERE ( `pid` = 68 ) AND ( `hide` = 0 )  [ RunTime:0.000905s ]
SQL: SELECT `id`,`pid`,`title`,`url`,`tip` FROM `ms_menu` WHERE ( `group` = '系统设置' ) AND ( `pid` = 68 ) AND ( `hide` = 0 ) ORDER BY sort asc  [ RunTime:0.001244s ]
SQL: SELECT `id`,`pid`,`title`,`url`,`tip` FROM `ms_menu` WHERE ( `group` = '' ) AND ( `pid` = 68 ) AND ( `hide` = 0 ) ORDER BY sort asc  [ RunTime:0.000961s ]
SQL: SELECT `id`,`pid`,`title`,`url`,`tip` FROM `ms_menu` WHERE ( `group` = '数据备份' ) AND ( `pid` = 68 ) AND ( `hide` = 0 ) ORDER BY sort asc  [ RunTime:0.000980s ]
SQL: SHOW COLUMNS FROM `ms_config` [ RunTime:0.008199s ]
SQL: SELECT `id`,`name`,`title`,`extra`,`value`,`remark`,`type` FROM `ms_config` WHERE ( `status` = 1 ) AND ( `group` = 1 ) ORDER BY sort  [ RunTime:0.001168s ]
INFO: [ view_parse ] --START--
INFO: [ template_filter ] --START--
INFO: Run Behavior\ContentReplace [ RunTime:0.000390s ]
INFO: [ template_filter ] --END-- [ RunTime:0.000528s ]
INFO: Run Behavior\ParseTemplate [ RunTime:0.051485s ]
INFO: [ view_parse ] --END-- [ RunTime:0.051669s ]
INFO: [ view_filter ] --START--
INFO: Run Behavior\WriteHtmlCache [ RunTime:0.000972s ]
INFO: [ view_filter ] --END-- [ RunTime:0.001091s ]
INFO: [ app_end ] --START--
INFO: Run Behavior\ShowPageTrace [ RunTime:0.001314s ]
INFO: [ app_end ] --END-- [ RunTime:0.001451s ]

[ 2016-07-28T17:01:03+08:00 ] ::1 /ms/index.php?s=/Admin/Addons/index.html
INFO: [ app_init ] --START--
INFO: Run Common\Behavior\InitHook [ RunTime:0.003852s ]
INFO: [ app_init ] --END-- [ RunTime:0.004865s ]
INFO: [ app_begin ] --START--
INFO: Run Behavior\ReadHtmlCache [ RunTime:0.001318s ]
INFO: [ app_begin ] --END-- [ RunTime:0.001497s ]
SQL: SHOW COLUMNS FROM `ms_addons` [ RunTime:0.007441s ]
SQL: SELECT `title`,`name` FROM `ms_addons` WHERE ( status=1 AND has_adminlist=1 )  [ RunTime:0.000808s ]
SQL: SHOW COLUMNS FROM `ms_menu` [ RunTime:0.007291s ]
SQL: SELECT * FROM `ms_menu` WHERE ( `pid` = 0 ) AND ( `hide` = 0 ) ORDER BY sort asc  [ RunTime:0.001242s ]
SQL: SELECT `id` FROM `ms_menu` WHERE ( url like '%Addons/index%' ) LIMIT 1   [ RunTime:0.000804s ]
SQL: SHOW COLUMNS FROM `ms_menu` [ RunTime:0.008143s ]
SQL: SELECT `id`,`pid`,`title` FROM `ms_menu` WHERE ( id=43 ) LIMIT 1   [ RunTime:0.000762s ]
SQL: SELECT DISTINCT  `group` FROM `ms_menu` WHERE ( pid = 43 )  [ RunTime:0.000879s ]
SQL: SELECT `id`,`url` FROM `ms_menu` WHERE ( `pid` = 43 ) AND ( `hide` = 0 )  [ RunTime:0.000774s ]
SQL: SELECT `id`,`pid`,`title`,`url`,`tip` FROM `ms_menu` WHERE ( `group` = '扩展' ) AND ( `pid` = 43 ) AND ( `hide` = 0 ) ORDER BY sort asc  [ RunTime:0.001104s ]
SQL: SELECT `id`,`name`,`title`,`description`,`status`,`config`,`author`,`version`,`create_time`,`has_adminlist` FROM `ms_addons` WHERE ( `name` IN ('Attachment','DevTeam','Editor','EditorForAdmin','SiteStat','SocialComment','SystemInfo') )  [ RunTime:0.001016s ]
INFO: [ view_parse ] --START--
INFO: [ template_filter ] --START--
INFO: Run Behavior\ContentReplace [ RunTime:0.000385s ]
INFO: [ template_filter ] --END-- [ RunTime:0.000519s ]
SQL: SHOW COLUMNS FROM `ms_addons` [ RunTime:0.008126s ]
SQL: SELECT `config` FROM `ms_addons` WHERE ( `name` = 'Attachment' ) AND ( `status` = 1 ) LIMIT 1   [ RunTime:0.000822s ]
SQL: SELECT `config` FROM `ms_addons` WHERE ( `name` = 'SocialComment' ) AND ( `status` = 1 ) LIMIT 1   [ RunTime:0.000875s ]
SQL: SELECT `config` FROM `ms_addons` WHERE ( `name` = 'Editor' ) AND ( `status` = 1 ) LIMIT 1   [ RunTime:0.000911s ]
SQL: SELECT `config` FROM `ms_addons` WHERE ( `name` = 'SystemInfo' ) AND ( `status` = 1 ) LIMIT 1   [ RunTime:0.000884s ]
SQL: SELECT `config` FROM `ms_addons` WHERE ( `name` = 'SiteStat' ) AND ( `status` = 1 ) LIMIT 1   [ RunTime:0.000784s ]
SQL: SELECT `config` FROM `ms_addons` WHERE ( `name` = 'DevTeam' ) AND ( `status` = 1 ) LIMIT 1   [ RunTime:0.000871s ]
SQL: SELECT `config` FROM `ms_addons` WHERE ( `name` = 'EditorForAdmin' ) AND ( `status` = 1 ) LIMIT 1   [ RunTime:0.000907s ]
INFO: Run Behavior\ParseTemplate [ RunTime:0.142108s ]
INFO: [ view_parse ] --END-- [ RunTime:0.142257s ]
INFO: [ view_filter ] --START--
INFO: Run Behavior\WriteHtmlCache [ RunTime:0.000957s ]
INFO: [ view_filter ] --END-- [ RunTime:0.001080s ]
INFO: [ app_end ] --START--
INFO: Run Behavior\ShowPageTrace [ RunTime:0.001469s ]
INFO: [ app_end ] --END-- [ RunTime:0.001648s ]

[ 2016-07-28T17:01:05+08:00 ] ::1 /ms/index.php?s=/Admin/License/index.html
INFO: [ app_init ] --START--
INFO: Run Common\Behavior\InitHook [ RunTime:0.004648s ]
INFO: [ app_init ] --END-- [ RunTime:0.005853s ]
INFO: [ app_begin ] --START--
INFO: Run Behavior\ReadHtmlCache [ RunTime:0.001292s ]
INFO: [ app_begin ] --END-- [ RunTime:0.001474s ]
SQL: SHOW COLUMNS FROM `ms_menu` [ RunTime:0.010004s ]
SQL: SELECT * FROM `ms_menu` WHERE ( `pid` = 0 ) AND ( `hide` = 0 ) ORDER BY sort asc  [ RunTime:0.001289s ]
SQL: SELECT `id` FROM `ms_menu` WHERE ( url like '%License/index%' ) LIMIT 1   [ RunTime:0.000920s ]
SQL: SHOW COLUMNS FROM `ms_menu` [ RunTime:0.008164s ]
SQL: SELECT `id`,`pid`,`title` FROM `ms_menu` WHERE ( id=122 ) LIMIT 1   [ RunTime:0.000803s ]
SQL: SELECT DISTINCT  `group` FROM `ms_menu` WHERE ( pid = 122 )  [ RunTime:0.000755s ]
SQL: SELECT `id`,`url` FROM `ms_menu` WHERE ( `pid` = 122 ) AND ( `hide` = 0 )  [ RunTime:0.000705s ]
SQL: SHOW COLUMNS FROM `ms_license` [ RunTime:0.030165s ]
SQL: SELECT * FROM `ms_license`  [ RunTime:0.001196s ]
INFO: [ view_parse ] --START--
INFO: [ template_filter ] --START--
INFO: Run Behavior\ContentReplace [ RunTime:0.000270s ]
INFO: [ template_filter ] --END-- [ RunTime:0.000401s ]
INFO: Run Behavior\ParseTemplate [ RunTime:0.038909s ]
INFO: [ view_parse ] --END-- [ RunTime:0.039057s ]
INFO: [ view_filter ] --START--
INFO: Run Behavior\WriteHtmlCache [ RunTime:0.000854s ]
INFO: [ view_filter ] --END-- [ RunTime:0.000973s ]
INFO: [ app_end ] --START--
INFO: Run Behavior\ShowPageTrace [ RunTime:0.001495s ]
INFO: [ app_end ] --END-- [ RunTime:0.001681s ]

[ 2016-07-28T17:01:08+08:00 ] ::1 /ms/index.php?s=/Admin/App/app_index.html
INFO: [ app_init ] --START--
INFO: Run Common\Behavior\InitHook [ RunTime:0.004634s ]
INFO: [ app_init ] --END-- [ RunTime:0.005740s ]
INFO: [ app_begin ] --START--
INFO: Run Behavior\ReadHtmlCache [ RunTime:0.001303s ]
INFO: [ app_begin ] --END-- [ RunTime:0.001476s ]
SQL: SHOW COLUMNS FROM `ms_menu` [ RunTime:0.008552s ]
SQL: SELECT * FROM `ms_menu` WHERE ( `pid` = 0 ) AND ( `hide` = 0 ) ORDER BY sort asc  [ RunTime:0.001247s ]
SQL: SELECT `id` FROM `ms_menu` WHERE ( url like '%App/app_index%' ) LIMIT 1   [ RunTime:0.000954s ]
SQL: SHOW COLUMNS FROM `ms_menu` [ RunTime:0.007462s ]
SQL: SELECT `id`,`pid`,`title` FROM `ms_menu` WHERE ( id=123 ) LIMIT 1   [ RunTime:0.000841s ]
SQL: SELECT DISTINCT  `group` FROM `ms_menu` WHERE ( pid = 123 )  [ RunTime:0.000911s ]
SQL: SELECT `id`,`url` FROM `ms_menu` WHERE ( `pid` = 123 ) AND ( `hide` = 0 )  [ RunTime:0.000882s ]
SQL: SELECT `id`,`pid`,`title`,`url`,`tip` FROM `ms_menu` WHERE ( `group` = '排版' ) AND ( `pid` = 123 ) AND ( `hide` = 0 ) ORDER BY sort asc  [ RunTime:0.000951s ]
SQL: SELECT `id`,`pid`,`title`,`url`,`tip` FROM `ms_menu` WHERE ( `group` = '' ) AND ( `pid` = 123 ) AND ( `hide` = 0 ) ORDER BY sort asc  [ RunTime:0.000888s ]
SQL: SHOW COLUMNS FROM `ms_app` [ RunTime:0.018577s ]
SQL: SELECT * FROM `ms_app` WHERE ( `pid` = 1 )  [ RunTime:0.000991s ]
SQL: SHOW COLUMNS FROM `ms_document` [ RunTime:0.008450s ]
SQL: SELECT `title`,`description`,`view` FROM `ms_document` WHERE ( `id` = 2 ) LIMIT 1   [ RunTime:0.000791s ]
SQL: SELECT `title`,`description`,`view` FROM `ms_document` WHERE ( `id` = 4 ) LIMIT 1   [ RunTime:0.000633s ]
SQL: SELECT `title`,`description`,`view` FROM `ms_document` WHERE ( `id` = 1 ) LIMIT 1   [ RunTime:0.000651s ]
SQL: SELECT `title`,`description`,`view` FROM `ms_document` WHERE ( `id` = 9 ) LIMIT 1   [ RunTime:0.000668s ]
SQL: SELECT `title`,`description`,`view` FROM `ms_document` WHERE ( `id` = 12 ) LIMIT 1   [ RunTime:0.000601s ]
SQL: SELECT `title`,`description`,`view` FROM `ms_document` WHERE ( `id` = 12 ) LIMIT 1   [ RunTime:0.000694s ]
SQL: SELECT `title`,`description`,`view` FROM `ms_document` WHERE ( `id` = 12 ) LIMIT 1   [ RunTime:0.000801s ]
SQL: SELECT `title`,`description`,`view` FROM `ms_document` WHERE ( `id` = 12 ) LIMIT 1   [ RunTime:0.000685s ]
SQL: SELECT `title`,`description`,`view` FROM `ms_document` WHERE ( `id` = 12 ) LIMIT 1   [ RunTime:0.000645s ]
SQL: SELECT `title`,`description`,`view` FROM `ms_document` WHERE ( `id` = 12 ) LIMIT 1   [ RunTime:0.000621s ]
SQL: SELECT `title`,`description`,`view` FROM `ms_document` WHERE ( `id` = 1 ) LIMIT 1   [ RunTime:0.000759s ]
SQL: SELECT `title`,`description`,`view` FROM `ms_document` WHERE ( `id` = 2 ) LIMIT 1   [ RunTime:0.000710s ]
SQL: SELECT `title`,`description`,`view` FROM `ms_document` WHERE ( `id` = 4 ) LIMIT 1   [ RunTime:0.000624s ]
SQL: SELECT `title`,`description`,`view` FROM `ms_document` WHERE ( `id` = 4 ) LIMIT 1   [ RunTime:0.000623s ]
INFO: [ view_parse ] --START--
INFO: [ template_filter ] --START--
INFO: Run Behavior\ContentReplace [ RunTime:0.000329s ]
INFO: [ template_filter ] --END-- [ RunTime:0.000459s ]
INFO: Run Behavior\ParseTemplate [ RunTime:0.039759s ]
INFO: [ view_parse ] --END-- [ RunTime:0.039962s ]
INFO: [ view_filter ] --START--
INFO: Run Behavior\WriteHtmlCache [ RunTime:0.000892s ]
INFO: [ view_filter ] --END-- [ RunTime:0.001013s ]
INFO: [ app_end ] --START--
INFO: Run Behavior\ShowPageTrace [ RunTime:0.001640s ]
INFO: [ app_end ] --END-- [ RunTime:0.001882s ]

[ 2016-07-28T17:01:10+08:00 ] ::1 /ms/index.php?s=/Admin/App/app_index.html
INFO: [ app_init ] --START--
INFO: Run Common\Behavior\InitHook [ RunTime:0.005393s ]
INFO: [ app_init ] --END-- [ RunTime:0.006471s ]
INFO: [ app_begin ] --START--
INFO: Run Behavior\ReadHtmlCache [ RunTime:0.001294s ]
INFO: [ app_begin ] --END-- [ RunTime:0.001473s ]
SQL: SHOW COLUMNS FROM `ms_menu` [ RunTime:0.038068s ]
SQL: SELECT * FROM `ms_menu` WHERE ( `pid` = 0 ) AND ( `hide` = 0 ) ORDER BY sort asc  [ RunTime:0.001215s ]
SQL: SELECT `id` FROM `ms_menu` WHERE ( url like '%App/app_index%' ) LIMIT 1   [ RunTime:0.000910s ]
SQL: SHOW COLUMNS FROM `ms_menu` [ RunTime:0.007409s ]
SQL: SELECT `id`,`pid`,`title` FROM `ms_menu` WHERE ( id=123 ) LIMIT 1   [ RunTime:0.000767s ]
SQL: SELECT DISTINCT  `group` FROM `ms_menu` WHERE ( pid = 123 )  [ RunTime:0.000887s ]
SQL: SELECT `id`,`url` FROM `ms_menu` WHERE ( `pid` = 123 ) AND ( `hide` = 0 )  [ RunTime:0.000789s ]
SQL: SELECT `id`,`pid`,`title`,`url`,`tip` FROM `ms_menu` WHERE ( `group` = '排版' ) AND ( `pid` = 123 ) AND ( `hide` = 0 ) ORDER BY sort asc  [ RunTime:0.001060s ]
SQL: SELECT `id`,`pid`,`title`,`url`,`tip` FROM `ms_menu` WHERE ( `group` = '' ) AND ( `pid` = 123 ) AND ( `hide` = 0 ) ORDER BY sort asc  [ RunTime:0.000894s ]
SQL: SHOW COLUMNS FROM `ms_app` [ RunTime:0.007333s ]
SQL: SELECT * FROM `ms_app` WHERE ( `pid` = 1 )  [ RunTime:0.000847s ]
SQL: SHOW COLUMNS FROM `ms_document` [ RunTime:0.009297s ]
SQL: SELECT `title`,`description`,`view` FROM `ms_document` WHERE ( `id` = 2 ) LIMIT 1   [ RunTime:0.000787s ]
SQL: SELECT `title`,`description`,`view` FROM `ms_document` WHERE ( `id` = 4 ) LIMIT 1   [ RunTime:0.000626s ]
SQL: SELECT `title`,`description`,`view` FROM `ms_document` WHERE ( `id` = 1 ) LIMIT 1   [ RunTime:0.000651s ]
SQL: SELECT `title`,`description`,`view` FROM `ms_document` WHERE ( `id` = 9 ) LIMIT 1   [ RunTime:0.000672s ]
SQL: SELECT `title`,`description`,`view` FROM `ms_document` WHERE ( `id` = 12 ) LIMIT 1   [ RunTime:0.000610s ]
SQL: SELECT `title`,`description`,`view` FROM `ms_document` WHERE ( `id` = 12 ) LIMIT 1   [ RunTime:0.000619s ]
SQL: SELECT `title`,`description`,`view` FROM `ms_document` WHERE ( `id` = 12 ) LIMIT 1   [ RunTime:0.000622s ]
SQL: SELECT `title`,`description`,`view` FROM `ms_document` WHERE ( `id` = 12 ) LIMIT 1   [ RunTime:0.000608s ]
SQL: SELECT `title`,`description`,`view` FROM `ms_document` WHERE ( `id` = 12 ) LIMIT 1   [ RunTime:0.000644s ]
SQL: SELECT `title`,`description`,`view` FROM `ms_document` WHERE ( `id` = 12 ) LIMIT 1   [ RunTime:0.000634s ]
SQL: SELECT `title`,`description`,`view` FROM `ms_document` WHERE ( `id` = 1 ) LIMIT 1   [ RunTime:0.000783s ]
SQL: SELECT `title`,`description`,`view` FROM `ms_document` WHERE ( `id` = 2 ) LIMIT 1   [ RunTime:0.000699s ]
SQL: SELECT `title`,`description`,`view` FROM `ms_document` WHERE ( `id` = 4 ) LIMIT 1   [ RunTime:0.000594s ]
SQL: SELECT `title`,`description`,`view` FROM `ms_document` WHERE ( `id` = 4 ) LIMIT 1   [ RunTime:0.000595s ]
INFO: [ view_parse ] --START--
INFO: [ template_filter ] --START--
INFO: Run Behavior\ContentReplace [ RunTime:0.000333s ]
INFO: [ template_filter ] --END-- [ RunTime:0.000463s ]
INFO: Run Behavior\ParseTemplate [ RunTime:0.030882s ]
INFO: [ view_parse ] --END-- [ RunTime:0.031031s ]
INFO: [ view_filter ] --START--
INFO: Run Behavior\WriteHtmlCache [ RunTime:0.000844s ]
INFO: [ view_filter ] --END-- [ RunTime:0.000962s ]
INFO: [ app_end ] --START--
INFO: Run Behavior\ShowPageTrace [ RunTime:0.001663s ]
INFO: [ app_end ] --END-- [ RunTime:0.001864s ]

[ 2016-07-28T17:01:11+08:00 ] ::1 /ms/index.php?s=/Admin/App/app_review.html
INFO: [ app_init ] --START--
INFO: Run Common\Behavior\InitHook [ RunTime:0.004700s ]
INFO: [ app_init ] --END-- [ RunTime:0.005803s ]
INFO: [ app_begin ] --START--
INFO: Run Behavior\ReadHtmlCache [ RunTime:0.001151s ]
INFO: [ app_begin ] --END-- [ RunTime:0.001324s ]
SQL: SHOW COLUMNS FROM `ms_menu` [ RunTime:0.007853s ]
SQL: SELECT * FROM `ms_menu` WHERE ( `pid` = 0 ) AND ( `hide` = 0 ) ORDER BY sort asc  [ RunTime:0.001227s ]
SQL: SELECT `id` FROM `ms_menu` WHERE ( url like '%App/app_review%' ) LIMIT 1   [ RunTime:0.000930s ]
SQL: SHOW COLUMNS FROM `ms_menu` [ RunTime:0.008012s ]
SQL: SELECT `id`,`pid`,`title` FROM `ms_menu` WHERE ( id=125 ) LIMIT 1   [ RunTime:0.000890s ]
SQL: SELECT `id`,`pid`,`title` FROM `ms_menu` WHERE ( id=123 ) LIMIT 1   [ RunTime:0.000750s ]
SQL: SELECT DISTINCT  `group` FROM `ms_menu` WHERE ( pid = 123 )  [ RunTime:0.000903s ]
SQL: SELECT `id`,`url` FROM `ms_menu` WHERE ( `pid` = 123 ) AND ( `hide` = 0 )  [ RunTime:0.000798s ]
SQL: SELECT `id`,`pid`,`title`,`url`,`tip` FROM `ms_menu` WHERE ( `group` = '排版' ) AND ( `pid` = 123 ) AND ( `hide` = 0 ) ORDER BY sort asc  [ RunTime:0.000920s ]
SQL: SELECT `id`,`pid`,`title`,`url`,`tip` FROM `ms_menu` WHERE ( `group` = '' ) AND ( `pid` = 123 ) AND ( `hide` = 0 ) ORDER BY sort asc  [ RunTime:0.000925s ]
INFO: [ app_end ] --START--
INFO: Run Behavior\ShowPageTrace [ RunTime:0.001382s ]
INFO: [ app_end ] --END-- [ RunTime:0.001522s ]

