[ 2016-09-21T15:55:44+08:00 ] ::1 /ms/
INFO: [ app_init ] --START--
INFO: Run Common\Behavior\InitHook [ RunTime:0.007047s ]
INFO: [ app_init ] --END-- [ RunTime:0.016420s ]
INFO: [ app_begin ] --START--
INFO: Run Behavior\ReadHtmlCache [ RunTime:0.002053s ]
INFO: [ app_begin ] --END-- [ RunTime:0.002599s ]
SQL: SHOW COLUMNS FROM `ms_config` [ RunTime:0.260645s ]
SQL: SELECT `type`,`name`,`value` FROM `ms_config` WHERE ( `status` = 1 )  [ RunTime:0.140200s ]
INFO: [ app_end ] --START--
INFO: Run Behavior\ShowPageTrace [ RunTime:0.001955s ]
INFO: [ app_end ] --END-- [ RunTime:0.002489s ]

[ 2016-09-21T15:55:54+08:00 ] ::1 /ms/index.php?s=/Home/User/login
INFO: [ app_init ] --START--
INFO: Run Common\Behavior\InitHook [ RunTime:0.003301s ]
INFO: [ app_init ] --END-- [ RunTime:0.003998s ]
INFO: [ app_begin ] --START--
INFO: Run Behavior\ReadHtmlCache [ RunTime:0.001076s ]
INFO: [ app_begin ] --END-- [ RunTime:0.001508s ]
SQL: SHOW COLUMNS FROM `ms_config` [ RunTime:0.010541s ]
SQL: SELECT `type`,`name`,`value` FROM `ms_config` WHERE ( `status` = 1 )  [ RunTime:0.000719s ]
INFO: [ view_parse ] --START--
INFO: [ template_filter ] --START--
INFO: Run Behavior\ContentReplace [ RunTime:0.000162s ]
INFO: [ template_filter ] --END-- [ RunTime:0.000371s ]
SQL: SHOW COLUMNS FROM `ms_channel` [ RunTime:0.016113s ]
SQL: SELECT `id`,`pid`,`title`,`url`,`sort`,`create_time`,`update_time`,`status`,`target` FROM `ms_channel` WHERE ( status=1 ) ORDER BY sort  [ RunTime:0.015324s ]
INFO: Run Behavior\ParseTemplate [ RunTime:0.265265s ]
INFO: [ view_parse ] --END-- [ RunTime:0.265487s ]
INFO: [ view_filter ] --START--
INFO: Run Behavior\WriteHtmlCache [ RunTime:0.018887s ]
INFO: [ view_filter ] --END-- [ RunTime:0.019103s ]
INFO: [ app_end ] --START--
INFO: Run Behavior\ShowPageTrace [ RunTime:0.000948s ]
INFO: [ app_end ] --END-- [ RunTime:0.001157s ]

[ 2016-09-21T15:55:56+08:00 ] ::1 /ms/index.php?s=/Home/User/verify.html
INFO: [ app_init ] --START--
INFO: Run Common\Behavior\InitHook [ RunTime:0.002380s ]
INFO: [ app_init ] --END-- [ RunTime:0.003007s ]
INFO: [ app_begin ] --START--
INFO: Run Behavior\ReadHtmlCache [ RunTime:0.000653s ]
INFO: [ app_begin ] --END-- [ RunTime:0.000859s ]
SQL: SHOW COLUMNS FROM `ms_config` [ RunTime:0.006314s ]
SQL: SELECT `type`,`name`,`value` FROM `ms_config` WHERE ( `status` = 1 )  [ RunTime:0.001128s ]
INFO: [ app_end ] --START--
INFO: Run Behavior\ShowPageTrace [ RunTime:0.002117s ]
INFO: [ app_end ] --END-- [ RunTime:0.002664s ]

[ 2016-09-21T15:55:59+08:00 ] ::1 /ms/index.php?s=/Home/User/verify.html&random=0.2725390670089416
INFO: [ app_init ] --START--
INFO: Run Common\Behavior\InitHook [ RunTime:0.003693s ]
INFO: [ app_init ] --END-- [ RunTime:0.004773s ]
INFO: [ app_begin ] --START--
INFO: Run Behavior\ReadHtmlCache [ RunTime:0.001124s ]
INFO: [ app_begin ] --END-- [ RunTime:0.001460s ]
SQL: SHOW COLUMNS FROM `ms_config` [ RunTime:0.005048s ]
SQL: SELECT `type`,`name`,`value` FROM `ms_config` WHERE ( `status` = 1 )  [ RunTime:0.000709s ]
INFO: [ app_end ] --START--
INFO: Run Behavior\ShowPageTrace [ RunTime:0.001269s ]
INFO: [ app_end ] --END-- [ RunTime:0.001616s ]

[ 2016-09-21T15:56:01+08:00 ] ::1 /ms/index.php?s=/Home/User/verify.html&random=0.12911325134379115
INFO: [ app_init ] --START--
INFO: Run Common\Behavior\InitHook [ RunTime:0.003350s ]
INFO: [ app_init ] --END-- [ RunTime:0.004385s ]
INFO: [ app_begin ] --START--
INFO: Run Behavior\ReadHtmlCache [ RunTime:0.000948s ]
INFO: [ app_begin ] --END-- [ RunTime:0.001264s ]
SQL: SHOW COLUMNS FROM `ms_config` [ RunTime:0.005147s ]
SQL: SELECT `type`,`name`,`value` FROM `ms_config` WHERE ( `status` = 1 )  [ RunTime:0.000718s ]
INFO: [ app_end ] --START--
INFO: Run Behavior\ShowPageTrace [ RunTime:0.001327s ]
INFO: [ app_end ] --END-- [ RunTime:0.001668s ]

