[ 2016-09-05T16:41:10+08:00 ] ::1 /ms/
INFO: [ app_init ] --START--
INFO: Run Common\Behavior\InitHook [ RunTime:0.096527s ]
INFO: [ app_init ] --END-- [ RunTime:0.113886s ]
INFO: [ app_begin ] --START--
INFO: Run Behavior\ReadHtmlCache [ RunTime:0.025489s ]
INFO: [ app_begin ] --END-- [ RunTime:0.025746s ]
SQL: SHOW COLUMNS FROM `ms_config` [ RunTime:0.271210s ]
SQL: SELECT `type`,`name`,`value` FROM `ms_config` WHERE ( `status` = 1 )  [ RunTime:0.084084s ]
INFO: [ app_end ] --START--
INFO: Run Behavior\ShowPageTrace [ RunTime:0.026129s ]
INFO: [ app_end ] --END-- [ RunTime:0.026366s ]

[ 2016-09-05T16:41:14+08:00 ] ::1 /ms/admin
INFO: [ app_init ] --START--
INFO: Run Common\Behavior\InitHook [ RunTime:0.003162s ]
INFO: [ app_init ] --END-- [ RunTime:0.003953s ]
INFO: [ app_begin ] --START--
INFO: Run Behavior\ReadHtmlCache [ RunTime:0.001048s ]
INFO: [ app_begin ] --END-- [ RunTime:0.001461s ]

[ 2016-09-05T16:41:15+08:00 ] ::1 /ms/index.php?s=/Admin/Public/login.html
INFO: [ app_init ] --START--
INFO: Run Common\Behavior\InitHook [ RunTime:0.002596s ]
INFO: [ app_init ] --END-- [ RunTime:0.003342s ]
INFO: [ app_begin ] --START--
INFO: Run Behavior\ReadHtmlCache [ RunTime:0.000796s ]
INFO: [ app_begin ] --END-- [ RunTime:0.001085s ]
INFO: [ view_parse ] --START--
INFO: [ template_filter ] --START--
INFO: Run Behavior\ContentReplace [ RunTime:0.000127s ]
INFO: [ template_filter ] --END-- [ RunTime:0.000329s ]
INFO: Run Behavior\ParseTemplate [ RunTime:0.080244s ]
INFO: [ view_parse ] --END-- [ RunTime:0.080468s ]
INFO: [ view_filter ] --START--
INFO: Run Behavior\WriteHtmlCache [ RunTime:0.021449s ]
INFO: [ view_filter ] --END-- [ RunTime:0.021796s ]
INFO: [ app_end ] --START--
INFO: Run Behavior\ShowPageTrace [ RunTime:0.000945s ]
INFO: [ app_end ] --END-- [ RunTime:0.001383s ]

[ 2016-09-05T16:41:15+08:00 ] ::1 /ms/admin
INFO: [ app_init ] --START--
INFO: Run Common\Behavior\InitHook [ RunTime:0.003407s ]
INFO: [ app_init ] --END-- [ RunTime:0.004341s ]
INFO: [ app_begin ] --START--
INFO: Run Behavior\ReadHtmlCache [ RunTime:0.001193s ]
INFO: [ app_begin ] --END-- [ RunTime:0.001671s ]

[ 2016-09-05T16:41:16+08:00 ] ::1 /ms/index.php?s=/Admin/Public/login.html
INFO: [ app_init ] --START--
INFO: Run Common\Behavior\InitHook [ RunTime:0.004003s ]
INFO: [ app_init ] --END-- [ RunTime:0.005085s ]
INFO: [ app_begin ] --START--
INFO: Run Behavior\ReadHtmlCache [ RunTime:0.001060s ]
INFO: [ app_begin ] --END-- [ RunTime:0.001503s ]
INFO: [ view_parse ] --START--
INFO: [ template_filter ] --START--
INFO: Run Behavior\ContentReplace [ RunTime:0.000216s ]
INFO: [ template_filter ] --END-- [ RunTime:0.000582s ]
INFO: Run Behavior\ParseTemplate [ RunTime:0.014296s ]
INFO: [ view_parse ] --END-- [ RunTime:0.014718s ]
INFO: [ view_filter ] --START--
INFO: Run Behavior\WriteHtmlCache [ RunTime:0.000893s ]
INFO: [ view_filter ] --END-- [ RunTime:0.001371s ]
INFO: [ app_end ] --START--
INFO: Run Behavior\ShowPageTrace [ RunTime:0.001554s ]
INFO: [ app_end ] --END-- [ RunTime:0.001931s ]

[ 2016-09-05T16:41:17+08:00 ] ::1 /ms/index.php?s=/Admin/Public/verify.html
INFO: [ app_init ] --START--
INFO: Run Common\Behavior\InitHook [ RunTime:0.001865s ]
INFO: [ app_init ] --END-- [ RunTime:0.002390s ]
INFO: [ app_begin ] --START--
INFO: Run Behavior\ReadHtmlCache [ RunTime:0.000548s ]
INFO: [ app_begin ] --END-- [ RunTime:0.000758s ]
INFO: [ app_end ] --START--
INFO: Run Behavior\ShowPageTrace [ RunTime:0.001855s ]
INFO: [ app_end ] --END-- [ RunTime:0.002419s ]

[ 2016-09-05T16:41:21+08:00 ] ::1 /ms/index.php?s=/Admin/Public/login.html
INFO: [ app_init ] --START--
INFO: Run Common\Behavior\InitHook [ RunTime:0.002539s ]
INFO: [ app_init ] --END-- [ RunTime:0.003340s ]
INFO: [ app_begin ] --START--
INFO: Run Behavior\ReadHtmlCache [ RunTime:0.000834s ]
INFO: [ app_begin ] --END-- [ RunTime:0.001115s ]
SQL: SHOW COLUMNS FROM `ms_ucenter_member` [ RunTime:0.114239s ]
SQL: SELECT * FROM `ms_ucenter_member` WHERE ( `username` = 'admin' ) LIMIT 1   [ RunTime:0.000874s ]
SQL: UPDATE `ms_ucenter_member` SET `last_login_time`=1473064880,`last_login_ip`=0 WHERE ( `id` = 1 ) [ RunTime:0.009873s ]
SQL: SHOW COLUMNS FROM `ms_member` [ RunTime:0.036858s ]
SQL: SELECT `uid`,`nickname`,`sex`,`birthday`,`qq`,`score`,`login`,`reg_ip`,`reg_time`,`last_login_ip`,`last_login_time`,`status`,`location`,`school`,`grade`,`head_pic` FROM `ms_member` WHERE ( `uid` = 1 ) LIMIT 1   [ RunTime:0.000503s ]
SQL: SHOW COLUMNS FROM `ms_action` [ RunTime:0.039996s ]
SQL: SELECT * FROM `ms_action` WHERE ( `name` = 'user_login' ) LIMIT 1   [ RunTime:0.000686s ]
SQL: SHOW COLUMNS FROM `ms_action_log` [ RunTime:0.153783s ]
SQL: INSERT INTO `ms_action_log` (`action_id`,`user_id`,`action_ip`,`model`,`record_id`,`create_time`,`remark`) VALUES (1,1,0,'member',1,1473064880,'admin在2016-09-05 16:41登录了后台') [ RunTime:0.022118s ]
SQL: SELECT * FROM `ms_action` WHERE ( `name` = 'user_login' ) LIMIT 1   [ RunTime:0.000969s ]
NOTIC: [8] Undefined offset: 1 D:\xampp\htdocs\ms\Application\Common\Common\function.php 第 666 行.
NOTIC: [2] array_key_exists() expects parameter 2 to be array, null given D:\xampp\htdocs\ms\Application\Common\Common\function.php 第 666 行.
SQL: SELECT COUNT(*) AS tp_count FROM `ms_action_log` WHERE ( `action_id` = 1 ) AND ( `user_id` = 1 ) AND ( `create_time` > 1472978480 ) LIMIT 1   [ RunTime:0.082215s ]
SQL: SHOW COLUMNS FROM `ms_member` [ RunTime:0.004490s ]
SQL: UPDATE `ms_member` SET `score`=score+10 WHERE ( uid=1 AND status>-1 ) [ RunTime:0.007729s ]
SQL: UPDATE `ms_member` SET `login`=`login`+1,`last_login_time`=1473064880,`last_login_ip`=0 WHERE ( `uid` = 1 ) [ RunTime:0.000394s ]

[ 2016-09-05T16:41:22+08:00 ] ::1 /ms/index.php?s=/Admin/Index/index.html
INFO: [ app_init ] --START--
INFO: Run Common\Behavior\InitHook [ RunTime:0.003390s ]
INFO: [ app_init ] --END-- [ RunTime:0.004467s ]
INFO: [ app_begin ] --START--
INFO: Run Behavior\ReadHtmlCache [ RunTime:0.000908s ]
INFO: [ app_begin ] --END-- [ RunTime:0.001232s ]
SQL: SHOW COLUMNS FROM `ms_menu` [ RunTime:0.052193s ]
SQL: SELECT * FROM `ms_menu` WHERE ( `pid` = 0 ) AND ( `hide` = 0 ) ORDER BY sort asc  [ RunTime:0.026079s ]
SQL: SELECT `id` FROM `ms_menu` WHERE ( url like '%Index/index%' ) LIMIT 1   [ RunTime:0.013505s ]
SQL: SHOW COLUMNS FROM `ms_menu` [ RunTime:0.004958s ]
SQL: SELECT `id`,`pid`,`title` FROM `ms_menu` WHERE ( id=1 ) LIMIT 1   [ RunTime:0.000583s ]
SQL: SELECT DISTINCT  `group` FROM `ms_menu` WHERE ( pid = 1 )  [ RunTime:0.022631s ]
SQL: SELECT `id`,`url` FROM `ms_menu` WHERE ( `pid` = 1 ) AND ( `hide` = 0 )  [ RunTime:0.000642s ]
INFO: [ view_parse ] --START--
INFO: [ template_filter ] --START--
INFO: Run Behavior\ContentReplace [ RunTime:0.000637s ]
INFO: [ template_filter ] --END-- [ RunTime:0.001401s ]
INFO: [ AdminIndex ] --START--
SQL: SHOW COLUMNS FROM `ms_addons` [ RunTime:0.021913s ]
SQL: SELECT `config` FROM `ms_addons` WHERE ( `name` = 'SiteStat' ) AND ( `status` = 1 ) LIMIT 1   [ RunTime:0.000704s ]
SQL: SHOW COLUMNS FROM `ms_member` [ RunTime:0.003945s ]
SQL: SELECT COUNT(*) AS tp_count FROM `ms_member` LIMIT 1   [ RunTime:0.000462s ]
SQL: SHOW COLUMNS FROM `ms_action_log` [ RunTime:0.004141s ]
SQL: SELECT COUNT(*) AS tp_count FROM `ms_action_log` LIMIT 1   [ RunTime:0.000407s ]
SQL: SHOW COLUMNS FROM `ms_document` [ RunTime:0.025536s ]
SQL: SELECT COUNT(*) AS tp_count FROM `ms_document` LIMIT 1   [ RunTime:0.000311s ]
SQL: SHOW COLUMNS FROM `ms_category` [ RunTime:0.017034s ]
SQL: SELECT COUNT(*) AS tp_count FROM `ms_category` LIMIT 1   [ RunTime:0.000331s ]
SQL: SHOW COLUMNS FROM `ms_model` [ RunTime:0.014961s ]
SQL: SELECT COUNT(*) AS tp_count FROM `ms_model` LIMIT 1   [ RunTime:0.000378s ]
INFO: [ view_parse ] --START--
INFO: [ template_filter ] --START--
INFO: Run Behavior\ContentReplace [ RunTime:0.000097s ]
INFO: [ template_filter ] --END-- [ RunTime:-0.185437s ]
INFO: Run Behavior\ParseTemplate [ RunTime:0.014215s ]
INFO: [ view_parse ] --END-- [ RunTime:0.014429s ]
INFO: [ view_filter ] --START--
INFO: Run Behavior\WriteHtmlCache [ RunTime:0.000500s ]
INFO: [ view_filter ] --END-- [ RunTime:0.000700s ]
INFO: Run SiteStat [ RunTime:0.149065s ]
SQL: SELECT `config` FROM `ms_addons` WHERE ( `name` = 'SystemInfo' ) AND ( `status` = 1 ) LIMIT 1   [ RunTime:0.000477s ]
INFO: [ view_parse ] --START--
INFO: [ template_filter ] --START--
INFO: Run Behavior\ContentReplace [ RunTime:0.000142s ]
INFO: [ template_filter ] --END-- [ RunTime:-0.399959s ]
SQL: select version() as v; [ RunTime:0.016938s ]
INFO: Run Behavior\ParseTemplate [ RunTime:0.036239s ]
INFO: [ view_parse ] --END-- [ RunTime:-0.196635s ]
INFO: [ view_filter ] --START--
INFO: Run Behavior\WriteHtmlCache [ RunTime:0.000052s ]
INFO: [ view_filter ] --END-- [ RunTime:-0.232564s ]
INFO: Run SystemInfo [ RunTime:0.232757s ]
SQL: SELECT `config` FROM `ms_addons` WHERE ( `name` = 'DevTeam' ) AND ( `status` = 1 ) LIMIT 1   [ RunTime:0.000523s ]
INFO: [ view_parse ] --START--
INFO: [ template_filter ] --START--
INFO: Run Behavior\ContentReplace [ RunTime:0.000125s ]
INFO: [ template_filter ] --END-- [ RunTime:-0.454561s ]
INFO: Run Behavior\ParseTemplate [ RunTime:0.012964s ]
INFO: [ view_parse ] --END-- [ RunTime:-0.256146s ]
INFO: [ view_filter ] --START--
INFO: Run Behavior\WriteHtmlCache [ RunTime:0.000100s ]
INFO: [ view_filter ] --END-- [ RunTime:-0.268790s ]
INFO: Run DevTeam [ RunTime:0.036267s ]
INFO: [ AdminIndex ] --END-- [ RunTime:0.418559s ]
INFO: Run Behavior\ParseTemplate [ RunTime:0.014168s ]
INFO: [ view_parse ] --END-- [ RunTime:-0.256146s ]
INFO: [ view_filter ] --START--
INFO: Run Behavior\WriteHtmlCache [ RunTime:0.000049s ]
INFO: [ view_filter ] --END-- [ RunTime:-0.269976s ]
INFO: [ app_end ] --START--
INFO: Run Behavior\ShowPageTrace [ RunTime:0.000867s ]
INFO: [ app_end ] --END-- [ RunTime:0.001157s ]

[ 2016-09-05T16:41:26+08:00 ] ::1 /ms/index.php?s=/Admin/License/index.html
INFO: [ app_init ] --START--
INFO: Run Common\Behavior\InitHook [ RunTime:0.002939s ]
INFO: [ app_init ] --END-- [ RunTime:0.003663s ]
INFO: [ app_begin ] --START--
INFO: Run Behavior\ReadHtmlCache [ RunTime:0.000808s ]
INFO: [ app_begin ] --END-- [ RunTime:0.001049s ]
SQL: SHOW COLUMNS FROM `ms_menu` [ RunTime:0.009434s ]
SQL: SELECT * FROM `ms_menu` WHERE ( `pid` = 0 ) AND ( `hide` = 0 ) ORDER BY sort asc  [ RunTime:0.001586s ]
SQL: SELECT `id` FROM `ms_menu` WHERE ( url like '%License/index%' ) LIMIT 1   [ RunTime:0.001139s ]
SQL: SHOW COLUMNS FROM `ms_menu` [ RunTime:0.008962s ]
SQL: SELECT `id`,`pid`,`title` FROM `ms_menu` WHERE ( id=122 ) LIMIT 1   [ RunTime:0.001005s ]
SQL: SELECT DISTINCT  `group` FROM `ms_menu` WHERE ( pid = 122 )  [ RunTime:0.001092s ]
SQL: SELECT `id`,`url` FROM `ms_menu` WHERE ( `pid` = 122 ) AND ( `hide` = 0 )  [ RunTime:0.000807s ]
SQL: SHOW COLUMNS FROM `ms_license` [ RunTime:0.026881s ]
SQL: SELECT * FROM `ms_license`  [ RunTime:0.001133s ]
INFO: [ view_parse ] --START--
INFO: [ template_filter ] --START--
INFO: Run Behavior\ContentReplace [ RunTime:0.000183s ]
INFO: [ template_filter ] --END-- [ RunTime:0.000400s ]
INFO: Run Behavior\ParseTemplate [ RunTime:0.042864s ]
INFO: [ view_parse ] --END-- [ RunTime:0.043147s ]
INFO: [ view_filter ] --START--
INFO: Run Behavior\WriteHtmlCache [ RunTime:0.000549s ]
INFO: [ view_filter ] --END-- [ RunTime:0.000738s ]
INFO: [ app_end ] --START--
INFO: Run Behavior\ShowPageTrace [ RunTime:0.000779s ]
INFO: [ app_end ] --END-- [ RunTime:0.001089s ]

[ 2016-09-05T16:42:32+08:00 ] ::1 /ms/index.php?s=/Admin/App/app_index.html
INFO: [ app_init ] --START--
INFO: Run Common\Behavior\InitHook [ RunTime:0.002061s ]
INFO: [ app_init ] --END-- [ RunTime:0.002665s ]
INFO: [ app_begin ] --START--
INFO: Run Behavior\ReadHtmlCache [ RunTime:0.000660s ]
INFO: [ app_begin ] --END-- [ RunTime:0.000870s ]
SQL: SHOW COLUMNS FROM `ms_menu` [ RunTime:0.003680s ]
SQL: SELECT * FROM `ms_menu` WHERE ( `pid` = 0 ) AND ( `hide` = 0 ) ORDER BY sort asc  [ RunTime:0.000630s ]
SQL: SELECT `id` FROM `ms_menu` WHERE ( url like '%App/app_index%' ) LIMIT 1   [ RunTime:0.000493s ]
SQL: SHOW COLUMNS FROM `ms_menu` [ RunTime:0.004732s ]
SQL: SELECT `id`,`pid`,`title` FROM `ms_menu` WHERE ( id=123 ) LIMIT 1   [ RunTime:0.000399s ]
SQL: SELECT DISTINCT  `group` FROM `ms_menu` WHERE ( pid = 123 )  [ RunTime:0.000429s ]
SQL: SELECT `id`,`url` FROM `ms_menu` WHERE ( `pid` = 123 ) AND ( `hide` = 0 )  [ RunTime:0.000329s ]
SQL: SELECT `id`,`pid`,`title`,`url`,`tip` FROM `ms_menu` WHERE ( `group` = '排版' ) AND ( `pid` = 123 ) AND ( `hide` = 0 ) ORDER BY sort asc  [ RunTime:0.000411s ]
SQL: SELECT `id`,`pid`,`title`,`url`,`tip` FROM `ms_menu` WHERE ( `group` = '' ) AND ( `pid` = 123 ) AND ( `hide` = 0 ) ORDER BY sort asc  [ RunTime:0.000366s ]
SQL: SHOW COLUMNS FROM `ms_app` [ RunTime:0.014288s ]
SQL: SELECT * FROM `ms_app` WHERE ( `pid` = 1 )  [ RunTime:0.000426s ]
SQL: SHOW COLUMNS FROM `ms_document` [ RunTime:0.004046s ]
SQL: SELECT `title`,`description`,`view` FROM `ms_document` WHERE ( `id` = 2 ) LIMIT 1   [ RunTime:0.009707s ]
SQL: SELECT `title`,`description`,`view` FROM `ms_document` WHERE ( `id` = 4 ) LIMIT 1   [ RunTime:0.000318s ]
SQL: SELECT `title`,`description`,`view` FROM `ms_document` WHERE ( `id` = 1 ) LIMIT 1   [ RunTime:0.000275s ]
SQL: SELECT `title`,`description`,`view` FROM `ms_document` WHERE ( `id` = 9 ) LIMIT 1   [ RunTime:0.009069s ]
SQL: SELECT `title`,`description`,`view` FROM `ms_document` WHERE ( `id` = 12 ) LIMIT 1   [ RunTime:0.000328s ]
SQL: SELECT `title`,`description`,`view` FROM `ms_document` WHERE ( `id` = 12 ) LIMIT 1   [ RunTime:0.000261s ]
SQL: SELECT `title`,`description`,`view` FROM `ms_document` WHERE ( `id` = 12 ) LIMIT 1   [ RunTime:0.000254s ]
SQL: SELECT `title`,`description`,`view` FROM `ms_document` WHERE ( `id` = 12 ) LIMIT 1   [ RunTime:0.000270s ]
SQL: SELECT `title`,`description`,`view` FROM `ms_document` WHERE ( `id` = 12 ) LIMIT 1   [ RunTime:0.000237s ]
SQL: SELECT `title`,`description`,`view` FROM `ms_document` WHERE ( `id` = 12 ) LIMIT 1   [ RunTime:0.000226s ]
SQL: SELECT `title`,`description`,`view` FROM `ms_document` WHERE ( `id` = 1 ) LIMIT 1   [ RunTime:0.000294s ]
SQL: SELECT `title`,`description`,`view` FROM `ms_document` WHERE ( `id` = 2 ) LIMIT 1   [ RunTime:0.000471s ]
SQL: SELECT `title`,`description`,`view` FROM `ms_document` WHERE ( `id` = 4 ) LIMIT 1   [ RunTime:0.000379s ]
SQL: SELECT `title`,`description`,`view` FROM `ms_document` WHERE ( `id` = 4 ) LIMIT 1   [ RunTime:0.000316s ]
INFO: [ view_parse ] --START--
INFO: [ template_filter ] --START--
INFO: Run Behavior\ContentReplace [ RunTime:0.000233s ]
INFO: [ template_filter ] --END-- [ RunTime:0.000451s ]
INFO: Run Behavior\ParseTemplate [ RunTime:0.062418s ]
INFO: [ view_parse ] --END-- [ RunTime:0.062658s ]
INFO: [ view_filter ] --START--
INFO: Run Behavior\WriteHtmlCache [ RunTime:0.000572s ]
INFO: [ view_filter ] --END-- [ RunTime:0.000776s ]
INFO: [ app_end ] --START--
INFO: Run Behavior\ShowPageTrace [ RunTime:0.000810s ]
INFO: [ app_end ] --END-- [ RunTime:0.001105s ]

[ 2016-09-05T16:42:34+08:00 ] ::1 /ms/index.php?s=/Admin/App/app_review.html
INFO: [ app_init ] --START--
INFO: Run Common\Behavior\InitHook [ RunTime:0.002031s ]
INFO: [ app_init ] --END-- [ RunTime:0.002613s ]
INFO: [ app_begin ] --START--
INFO: Run Behavior\ReadHtmlCache [ RunTime:0.000593s ]
INFO: [ app_begin ] --END-- [ RunTime:0.000835s ]
SQL: SHOW COLUMNS FROM `ms_menu` [ RunTime:0.014939s ]
SQL: SELECT * FROM `ms_menu` WHERE ( `pid` = 0 ) AND ( `hide` = 0 ) ORDER BY sort asc  [ RunTime:0.000711s ]
SQL: SELECT `id` FROM `ms_menu` WHERE ( url like '%App/app_review%' ) LIMIT 1   [ RunTime:0.000402s ]
SQL: SHOW COLUMNS FROM `ms_menu` [ RunTime:0.003311s ]
SQL: SELECT `id`,`pid`,`title` FROM `ms_menu` WHERE ( id=125 ) LIMIT 1   [ RunTime:0.000365s ]
SQL: SELECT `id`,`pid`,`title` FROM `ms_menu` WHERE ( id=123 ) LIMIT 1   [ RunTime:0.000275s ]
SQL: SELECT DISTINCT  `group` FROM `ms_menu` WHERE ( pid = 123 )  [ RunTime:0.000384s ]
SQL: SELECT `id`,`url` FROM `ms_menu` WHERE ( `pid` = 123 ) AND ( `hide` = 0 )  [ RunTime:0.000491s ]
SQL: SELECT `id`,`pid`,`title`,`url`,`tip` FROM `ms_menu` WHERE ( `group` = '排版' ) AND ( `pid` = 123 ) AND ( `hide` = 0 ) ORDER BY sort asc  [ RunTime:0.000520s ]
SQL: SELECT `id`,`pid`,`title`,`url`,`tip` FROM `ms_menu` WHERE ( `group` = '' ) AND ( `pid` = 123 ) AND ( `hide` = 0 ) ORDER BY sort asc  [ RunTime:0.000364s ]
INFO: [ app_end ] --START--
INFO: Run Behavior\ShowPageTrace [ RunTime:0.000714s ]
INFO: [ app_end ] --END-- [ RunTime:0.000963s ]

[ 2016-09-05T16:42:39+08:00 ] ::1 /ms/index.php?s=/Admin/VideoCategory/index.html
INFO: [ app_init ] --START--
INFO: Run Common\Behavior\InitHook [ RunTime:0.003464s ]
INFO: [ app_init ] --END-- [ RunTime:0.004332s ]
INFO: [ app_begin ] --START--
INFO: Run Behavior\ReadHtmlCache [ RunTime:0.000693s ]
INFO: [ app_begin ] --END-- [ RunTime:0.000940s ]
SQL: SHOW COLUMNS FROM `ms_menu` [ RunTime:0.004179s ]
SQL: SELECT * FROM `ms_menu` WHERE ( `pid` = 0 ) AND ( `hide` = 0 ) ORDER BY sort asc  [ RunTime:0.000698s ]
SQL: SELECT `id` FROM `ms_menu` WHERE ( url like '%VideoCategory/index%' ) LIMIT 1   [ RunTime:0.000543s ]
SQL: SHOW COLUMNS FROM `ms_menu` [ RunTime:0.004389s ]
SQL: SELECT `id`,`pid`,`title` FROM `ms_menu` WHERE ( id=126 ) LIMIT 1   [ RunTime:0.000480s ]
SQL: SELECT DISTINCT  `group` FROM `ms_menu` WHERE ( pid = 126 )  [ RunTime:0.000605s ]
SQL: SELECT `id`,`url` FROM `ms_menu` WHERE ( `pid` = 126 ) AND ( `hide` = 0 )  [ RunTime:0.000636s ]
SQL: SELECT `id`,`pid`,`title`,`url`,`tip` FROM `ms_menu` WHERE ( `group` = '' ) AND ( `pid` = 126 ) AND ( `hide` = 0 ) ORDER BY sort asc  [ RunTime:0.000674s ]
SQL: SHOW COLUMNS FROM `ms_video_category` [ RunTime:0.023708s ]
SQL: SELECT `id`,`title`,`pid`,`sort` FROM `ms_video_category` WHERE ( `pid` = 0 ) AND ( `title` LIKE '%%' ) ORDER BY sort asc,id asc  [ RunTime:0.000587s ]
INFO: [ view_parse ] --START--
INFO: [ template_filter ] --START--
INFO: Run Behavior\ContentReplace [ RunTime:0.000233s ]
INFO: [ template_filter ] --END-- [ RunTime:0.000441s ]
INFO: Run Behavior\ParseTemplate [ RunTime:0.054815s ]
INFO: [ view_parse ] --END-- [ RunTime:0.055055s ]
INFO: [ view_filter ] --START--
INFO: Run Behavior\WriteHtmlCache [ RunTime:0.000486s ]
INFO: [ view_filter ] --END-- [ RunTime:0.000816s ]
INFO: [ app_end ] --START--
INFO: Run Behavior\ShowPageTrace [ RunTime:0.000779s ]
INFO: [ app_end ] --END-- [ RunTime:0.001095s ]

[ 2016-09-05T16:42:40+08:00 ] ::1 /ms/index.php?s=/Admin/App/app_index.html
INFO: [ app_init ] --START--
INFO: Run Common\Behavior\InitHook [ RunTime:0.003942s ]
INFO: [ app_init ] --END-- [ RunTime:0.005439s ]
INFO: [ app_begin ] --START--
INFO: Run Behavior\ReadHtmlCache [ RunTime:0.000580s ]
INFO: [ app_begin ] --END-- [ RunTime:0.000784s ]
SQL: SHOW COLUMNS FROM `ms_menu` [ RunTime:0.004996s ]
SQL: SELECT * FROM `ms_menu` WHERE ( `pid` = 0 ) AND ( `hide` = 0 ) ORDER BY sort asc  [ RunTime:0.000599s ]
SQL: SELECT `id` FROM `ms_menu` WHERE ( url like '%App/app_index%' ) LIMIT 1   [ RunTime:0.000388s ]
SQL: SHOW COLUMNS FROM `ms_menu` [ RunTime:0.003476s ]
SQL: SELECT `id`,`pid`,`title` FROM `ms_menu` WHERE ( id=123 ) LIMIT 1   [ RunTime:0.000386s ]
SQL: SELECT DISTINCT  `group` FROM `ms_menu` WHERE ( pid = 123 )  [ RunTime:0.000402s ]
SQL: SELECT `id`,`url` FROM `ms_menu` WHERE ( `pid` = 123 ) AND ( `hide` = 0 )  [ RunTime:0.000316s ]
SQL: SELECT `id`,`pid`,`title`,`url`,`tip` FROM `ms_menu` WHERE ( `group` = '排版' ) AND ( `pid` = 123 ) AND ( `hide` = 0 ) ORDER BY sort asc  [ RunTime:0.000392s ]
SQL: SELECT `id`,`pid`,`title`,`url`,`tip` FROM `ms_menu` WHERE ( `group` = '' ) AND ( `pid` = 123 ) AND ( `hide` = 0 ) ORDER BY sort asc  [ RunTime:0.000352s ]
SQL: SHOW COLUMNS FROM `ms_app` [ RunTime:0.002923s ]
SQL: SELECT * FROM `ms_app` WHERE ( `pid` = 1 )  [ RunTime:0.000435s ]
SQL: SHOW COLUMNS FROM `ms_document` [ RunTime:0.003205s ]
SQL: SELECT `title`,`description`,`view` FROM `ms_document` WHERE ( `id` = 2 ) LIMIT 1   [ RunTime:0.000418s ]
SQL: SELECT `title`,`description`,`view` FROM `ms_document` WHERE ( `id` = 4 ) LIMIT 1   [ RunTime:0.000289s ]
SQL: SELECT `title`,`description`,`view` FROM `ms_document` WHERE ( `id` = 1 ) LIMIT 1   [ RunTime:0.000271s ]
SQL: SELECT `title`,`description`,`view` FROM `ms_document` WHERE ( `id` = 9 ) LIMIT 1   [ RunTime:0.000287s ]
SQL: SELECT `title`,`description`,`view` FROM `ms_document` WHERE ( `id` = 12 ) LIMIT 1   [ RunTime:0.000246s ]
SQL: SELECT `title`,`description`,`view` FROM `ms_document` WHERE ( `id` = 12 ) LIMIT 1   [ RunTime:0.000263s ]
SQL: SELECT `title`,`description`,`view` FROM `ms_document` WHERE ( `id` = 12 ) LIMIT 1   [ RunTime:0.000409s ]
SQL: SELECT `title`,`description`,`view` FROM `ms_document` WHERE ( `id` = 12 ) LIMIT 1   [ RunTime:0.000259s ]
SQL: SELECT `title`,`description`,`view` FROM `ms_document` WHERE ( `id` = 12 ) LIMIT 1   [ RunTime:0.000249s ]
SQL: SELECT `title`,`description`,`view` FROM `ms_document` WHERE ( `id` = 12 ) LIMIT 1   [ RunTime:0.000248s ]
SQL: SELECT `title`,`description`,`view` FROM `ms_document` WHERE ( `id` = 1 ) LIMIT 1   [ RunTime:0.000278s ]
SQL: SELECT `title`,`description`,`view` FROM `ms_document` WHERE ( `id` = 2 ) LIMIT 1   [ RunTime:0.000267s ]
SQL: SELECT `title`,`description`,`view` FROM `ms_document` WHERE ( `id` = 4 ) LIMIT 1   [ RunTime:0.000274s ]
SQL: SELECT `title`,`description`,`view` FROM `ms_document` WHERE ( `id` = 4 ) LIMIT 1   [ RunTime:0.000254s ]
INFO: [ view_parse ] --START--
INFO: [ template_filter ] --START--
INFO: Run Behavior\ContentReplace [ RunTime:0.000206s ]
INFO: [ template_filter ] --END-- [ RunTime:0.000419s ]
INFO: Run Behavior\ParseTemplate [ RunTime:0.029629s ]
INFO: [ view_parse ] --END-- [ RunTime:0.029844s ]
INFO: [ view_filter ] --START--
INFO: Run Behavior\WriteHtmlCache [ RunTime:0.000394s ]
INFO: [ view_filter ] --END-- [ RunTime:0.000583s ]
INFO: [ app_end ] --START--
INFO: Run Behavior\ShowPageTrace [ RunTime:0.000979s ]
INFO: [ app_end ] --END-- [ RunTime:0.001309s ]

[ 2016-09-05T16:43:01+08:00 ] ::1 /ms/index.php?s=/Home/Article/detail/id/1.html
INFO: [ app_init ] --START--
INFO: Run Common\Behavior\InitHook [ RunTime:0.002053s ]
INFO: [ app_init ] --END-- [ RunTime:0.002617s ]
INFO: [ app_begin ] --START--
INFO: Run Behavior\ReadHtmlCache [ RunTime:0.000554s ]
INFO: [ app_begin ] --END-- [ RunTime:0.000759s ]
SQL: SHOW COLUMNS FROM `ms_config` [ RunTime:0.003840s ]
SQL: SELECT `type`,`name`,`value` FROM `ms_config` WHERE ( `status` = 1 )  [ RunTime:0.000497s ]
SQL: SHOW COLUMNS FROM `ms_document` [ RunTime:0.003965s ]
SQL: SELECT `id`,`uid`,`name`,`title`,`category_id`,`description`,`root`,`pid`,`model_id`,`type`,`position`,`link_id`,`cover_id`,`display`,`deadline`,`attach`,`view`,`comment`,`extend`,`level`,`create_time`,`update_time`,`status` FROM `ms_document` WHERE ( `id` = 1 ) LIMIT 1   [ RunTime:0.000499s ]
SQL: SHOW COLUMNS FROM `ms_document_article` [ RunTime:0.037750s ]
SQL: SELECT `id`,`parse`,`content`,`template`,`bookmark` FROM `ms_document_article` WHERE ( `id` = 1 ) LIMIT 1   [ RunTime:0.001338s ]
SQL: SHOW COLUMNS FROM `ms_category` [ RunTime:0.011140s ]
SQL: SELECT `id`,`name`,`title`,`pid`,`sort`,`list_row`,`meta_title`,`keywords`,`description`,`template_index`,`template_lists`,`template_detail`,`template_edit`,`model`,`type`,`link_id`,`allow_publish`,`display`,`reply`,`check`,`reply_model`,`extend`,`create_time`,`update_time`,`status`,`icon` FROM `ms_category` WHERE ( `id` = 2 ) LIMIT 1   [ RunTime:0.000783s ]
SQL: UPDATE `ms_document` SET `view`=view+1 WHERE ( `id` = 1 ) [ RunTime:0.000572s ]
INFO: [ view_parse ] --START--
INFO: [ template_filter ] --START--
INFO: Run Behavior\ContentReplace [ RunTime:0.000353s ]
INFO: [ template_filter ] --END-- [ RunTime:0.000929s ]
SQL: SHOW COLUMNS FROM `ms_channel` [ RunTime:0.017494s ]
SQL: SELECT `id`,`pid`,`title`,`url`,`sort`,`create_time`,`update_time`,`status`,`target` FROM `ms_channel` WHERE ( status=1 ) ORDER BY sort  [ RunTime:0.001213s ]
SQL: SELECT `id`,`uid`,`name`,`title`,`category_id`,`description`,`root`,`pid`,`model_id`,`type`,`position`,`link_id`,`cover_id`,`display`,`deadline`,`attach`,`view`,`comment`,`extend`,`level`,`create_time`,`update_time`,`status` FROM `ms_document` WHERE ( `id` < '1' ) AND ( `pid` = 0 ) AND ( `category_id` = 2 ) AND ( `status` = 1 ) ORDER BY id DESC LIMIT 1   [ RunTime:0.012288s ]
SQL: SELECT `id`,`uid`,`name`,`title`,`category_id`,`description`,`root`,`pid`,`model_id`,`type`,`position`,`link_id`,`cover_id`,`display`,`deadline`,`attach`,`view`,`comment`,`extend`,`level`,`create_time`,`update_time`,`status` FROM `ms_document` WHERE ( `id` > '1' ) AND ( `pid` = 0 ) AND ( `category_id` = 2 ) AND ( `status` = 1 ) ORDER BY id LIMIT 1   [ RunTime:0.000738s ]
INFO: [ documentDetailAfter ] --START--
SQL: SHOW COLUMNS FROM `ms_attachment` [ RunTime:0.031263s ]
SQL: SELECT `id`,`uid`,`title`,`type`,`source`,`record_id`,`download`,`size`,`dir`,`sort`,`create_time`,`update_time`,`status` FROM `ms_attachment` WHERE ( `record_id` = 1 ) AND ( `status` = 1 )  [ RunTime:0.000581s ]
INFO: Run Attachment [ RunTime:0.076582s ]
INFO: [ documentDetailAfter ] --END-- [ RunTime:0.077005s ]
INFO: Run Behavior\ParseTemplate [ RunTime:0.221026s ]
INFO: [ view_parse ] --END-- [ RunTime:0.221343s ]
INFO: [ view_filter ] --START--
INFO: Run Behavior\WriteHtmlCache [ RunTime:0.000985s ]
INFO: [ view_filter ] --END-- [ RunTime:0.001270s ]
INFO: [ app_end ] --START--
INFO: Run Behavior\ShowPageTrace [ RunTime:0.000872s ]
INFO: [ app_end ] --END-- [ RunTime:0.001171s ]

[ 2016-09-05T16:43:48+08:00 ] ::1 /ms/index.php?s=/Admin/VideoCategory/index.html
INFO: [ app_init ] --START--
INFO: Run Common\Behavior\InitHook [ RunTime:0.003188s ]
INFO: [ app_init ] --END-- [ RunTime:0.003968s ]
INFO: [ app_begin ] --START--
INFO: Run Behavior\ReadHtmlCache [ RunTime:0.000724s ]
INFO: [ app_begin ] --END-- [ RunTime:0.000928s ]
SQL: SHOW COLUMNS FROM `ms_menu` [ RunTime:0.004645s ]
SQL: SELECT * FROM `ms_menu` WHERE ( `pid` = 0 ) AND ( `hide` = 0 ) ORDER BY sort asc  [ RunTime:0.000614s ]
SQL: SELECT `id` FROM `ms_menu` WHERE ( url like '%VideoCategory/index%' ) LIMIT 1   [ RunTime:0.000474s ]
SQL: SHOW COLUMNS FROM `ms_menu` [ RunTime:0.003554s ]
SQL: SELECT `id`,`pid`,`title` FROM `ms_menu` WHERE ( id=126 ) LIMIT 1   [ RunTime:0.000378s ]
SQL: SELECT DISTINCT  `group` FROM `ms_menu` WHERE ( pid = 126 )  [ RunTime:0.000413s ]
SQL: SELECT `id`,`url` FROM `ms_menu` WHERE ( `pid` = 126 ) AND ( `hide` = 0 )  [ RunTime:0.000345s ]
SQL: SELECT `id`,`pid`,`title`,`url`,`tip` FROM `ms_menu` WHERE ( `group` = '' ) AND ( `pid` = 126 ) AND ( `hide` = 0 ) ORDER BY sort asc  [ RunTime:0.000408s ]
SQL: SHOW COLUMNS FROM `ms_video_category` [ RunTime:0.003393s ]
SQL: SELECT `id`,`title`,`pid`,`sort` FROM `ms_video_category` WHERE ( `pid` = 0 ) AND ( `title` LIKE '%%' ) ORDER BY sort asc,id asc  [ RunTime:0.000483s ]
INFO: [ view_parse ] --START--
INFO: [ template_filter ] --START--
INFO: Run Behavior\ContentReplace [ RunTime:0.000224s ]
INFO: [ template_filter ] --END-- [ RunTime:0.000423s ]
INFO: Run Behavior\ParseTemplate [ RunTime:0.034748s ]
INFO: [ view_parse ] --END-- [ RunTime:0.035014s ]
INFO: [ view_filter ] --START--
INFO: Run Behavior\WriteHtmlCache [ RunTime:0.000733s ]
INFO: [ view_filter ] --END-- [ RunTime:0.000931s ]
INFO: [ app_end ] --START--
INFO: Run Behavior\ShowPageTrace [ RunTime:0.000943s ]
INFO: [ app_end ] --END-- [ RunTime:0.001270s ]

[ 2016-09-05T16:45:47+08:00 ] ::1 /ms/index.php?s=/Admin/Live/retrieve.html
INFO: [ app_init ] --START--
INFO: Run Common\Behavior\InitHook [ RunTime:0.003164s ]
INFO: [ app_init ] --END-- [ RunTime:0.004146s ]
INFO: [ app_begin ] --START--
INFO: Run Behavior\ReadHtmlCache [ RunTime:0.000606s ]
INFO: [ app_begin ] --END-- [ RunTime:0.000847s ]
NOTIC: [2048] Declaration of Admin\Controller\LiveClassController::delete() should be compatible with Admin\Controller\AdminController::delete($model, $where = Array, $msg = Array) D:\xampp\htdocs\ms\Application\Admin\Controller\LiveClassController.class.php 第 13 行.
SQL: SHOW COLUMNS FROM `ms_menu` [ RunTime:0.005132s ]
SQL: SELECT * FROM `ms_menu` WHERE ( `pid` = 0 ) AND ( `hide` = 0 ) ORDER BY sort asc  [ RunTime:0.000853s ]
SQL: SELECT `id` FROM `ms_menu` WHERE ( url like '%Live/retrieve%' ) LIMIT 1   [ RunTime:0.000675s ]
SQL: SHOW COLUMNS FROM `ms_menu` [ RunTime:0.003475s ]
SQL: SELECT `id`,`pid`,`title` FROM `ms_menu` WHERE ( id=131 ) LIMIT 1   [ RunTime:0.000398s ]
SQL: SELECT DISTINCT  `group` FROM `ms_menu` WHERE ( pid = 131 )  [ RunTime:0.000415s ]
SQL: SELECT `id`,`url` FROM `ms_menu` WHERE ( `pid` = 131 ) AND ( `hide` = 0 )  [ RunTime:0.000482s ]
SQL: SELECT `id`,`pid`,`title`,`url`,`tip` FROM `ms_menu` WHERE ( `group` = '' ) AND ( `pid` = 131 ) AND ( `hide` = 0 ) ORDER BY sort asc  [ RunTime:0.000422s ]
INFO: [ view_parse ] --START--
INFO: [ template_filter ] --START--
INFO: Run Behavior\ContentReplace [ RunTime:0.000549s ]
INFO: [ template_filter ] --END-- [ RunTime:0.001059s ]
NOTIC: [8] Undefined variable: meta_title D:\xampp\htdocs\ms\Runtime\Cache\Admin\c632dad43b4c0a441ef4b77d3de9971d.php 第 5 行.
NOTIC: [8] Undefined index: uid D:\xampp\htdocs\ms\Runtime\Cache\Admin\c632dad43b4c0a441ef4b77d3de9971d.php 第 124 行.
NOTIC: [8] Undefined index: uid D:\xampp\htdocs\ms\Runtime\Cache\Admin\c632dad43b4c0a441ef4b77d3de9971d.php 第 124 行.
NOTIC: [8] Undefined index: uid D:\xampp\htdocs\ms\Runtime\Cache\Admin\c632dad43b4c0a441ef4b77d3de9971d.php 第 124 行.
NOTIC: [8] Undefined index: uid D:\xampp\htdocs\ms\Runtime\Cache\Admin\c632dad43b4c0a441ef4b77d3de9971d.php 第 124 行.
NOTIC: [8] Undefined index: uid D:\xampp\htdocs\ms\Runtime\Cache\Admin\c632dad43b4c0a441ef4b77d3de9971d.php 第 124 行.
NOTIC: [8] Undefined index: uid D:\xampp\htdocs\ms\Runtime\Cache\Admin\c632dad43b4c0a441ef4b77d3de9971d.php 第 124 行.
NOTIC: [8] Undefined index: uid D:\xampp\htdocs\ms\Runtime\Cache\Admin\c632dad43b4c0a441ef4b77d3de9971d.php 第 124 行.
NOTIC: [8] Undefined index: uid D:\xampp\htdocs\ms\Runtime\Cache\Admin\c632dad43b4c0a441ef4b77d3de9971d.php 第 124 行.
NOTIC: [8] Undefined index: uid D:\xampp\htdocs\ms\Runtime\Cache\Admin\c632dad43b4c0a441ef4b77d3de9971d.php 第 124 行.
NOTIC: [8] Undefined index: uid D:\xampp\htdocs\ms\Runtime\Cache\Admin\c632dad43b4c0a441ef4b77d3de9971d.php 第 124 行.
INFO: Run Behavior\ParseTemplate [ RunTime:0.100724s ]
INFO: [ view_parse ] --END-- [ RunTime:0.101578s ]
INFO: [ view_filter ] --START--
INFO: Run Behavior\WriteHtmlCache [ RunTime:0.001073s ]
INFO: [ view_filter ] --END-- [ RunTime:0.001667s ]
INFO: [ app_end ] --START--
INFO: Run Behavior\ShowPageTrace [ RunTime:0.001868s ]
INFO: [ app_end ] --END-- [ RunTime:0.002499s ]

[ 2016-09-05T16:45:53+08:00 ] ::1 /ms/index.php?s=/Admin/Index/index.html
INFO: [ app_init ] --START--
INFO: Run Common\Behavior\InitHook [ RunTime:0.002582s ]
INFO: [ app_init ] --END-- [ RunTime:0.003207s ]
INFO: [ app_begin ] --START--
INFO: Run Behavior\ReadHtmlCache [ RunTime:0.000647s ]
INFO: [ app_begin ] --END-- [ RunTime:0.000863s ]
SQL: SHOW COLUMNS FROM `ms_menu` [ RunTime:0.005205s ]
SQL: SELECT * FROM `ms_menu` WHERE ( `pid` = 0 ) AND ( `hide` = 0 ) ORDER BY sort asc  [ RunTime:0.000717s ]
SQL: SELECT `id` FROM `ms_menu` WHERE ( url like '%Index/index%' ) LIMIT 1   [ RunTime:0.000319s ]
SQL: SHOW COLUMNS FROM `ms_menu` [ RunTime:0.003712s ]
SQL: SELECT `id`,`pid`,`title` FROM `ms_menu` WHERE ( id=1 ) LIMIT 1   [ RunTime:0.000405s ]
SQL: SELECT DISTINCT  `group` FROM `ms_menu` WHERE ( pid = 1 )  [ RunTime:0.000398s ]
SQL: SELECT `id`,`url` FROM `ms_menu` WHERE ( `pid` = 1 ) AND ( `hide` = 0 )  [ RunTime:0.000324s ]
INFO: [ view_parse ] --START--
INFO: [ template_filter ] --START--
INFO: Run Behavior\ContentReplace [ RunTime:0.000166s ]
INFO: [ template_filter ] --END-- [ RunTime:0.000360s ]
INFO: [ AdminIndex ] --START--
SQL: SHOW COLUMNS FROM `ms_addons` [ RunTime:0.003440s ]
SQL: SELECT `config` FROM `ms_addons` WHERE ( `name` = 'SiteStat' ) AND ( `status` = 1 ) LIMIT 1   [ RunTime:0.000629s ]
SQL: SHOW COLUMNS FROM `ms_member` [ RunTime:0.003331s ]
SQL: SELECT COUNT(*) AS tp_count FROM `ms_member` LIMIT 1   [ RunTime:0.000292s ]
SQL: SHOW COLUMNS FROM `ms_action_log` [ RunTime:0.003064s ]
SQL: SELECT COUNT(*) AS tp_count FROM `ms_action_log` LIMIT 1   [ RunTime:0.000359s ]
SQL: SHOW COLUMNS FROM `ms_document` [ RunTime:0.004448s ]
SQL: SELECT COUNT(*) AS tp_count FROM `ms_document` LIMIT 1   [ RunTime:0.000366s ]
SQL: SHOW COLUMNS FROM `ms_category` [ RunTime:0.003664s ]
SQL: SELECT COUNT(*) AS tp_count FROM `ms_category` LIMIT 1   [ RunTime:0.000411s ]
SQL: SHOW COLUMNS FROM `ms_model` [ RunTime:0.003441s ]
SQL: SELECT COUNT(*) AS tp_count FROM `ms_model` LIMIT 1   [ RunTime:0.000285s ]
INFO: [ view_parse ] --START--
INFO: [ template_filter ] --START--
INFO: Run Behavior\ContentReplace [ RunTime:0.000095s ]
INFO: [ template_filter ] --END-- [ RunTime:-0.042787s ]
INFO: Run Behavior\ParseTemplate [ RunTime:0.004023s ]
INFO: [ view_parse ] --END-- [ RunTime:0.004304s ]
INFO: [ view_filter ] --START--
INFO: Run Behavior\WriteHtmlCache [ RunTime:0.000468s ]
INFO: [ view_filter ] --END-- [ RunTime:0.000657s ]
INFO: Run SiteStat [ RunTime:0.038784s ]
SQL: SELECT `config` FROM `ms_addons` WHERE ( `name` = 'SystemInfo' ) AND ( `status` = 1 ) LIMIT 1   [ RunTime:0.000540s ]
INFO: [ view_parse ] --START--
INFO: [ template_filter ] --START--
INFO: Run Behavior\ContentReplace [ RunTime:0.000254s ]
INFO: [ template_filter ] --END-- [ RunTime:-0.650971s ]
SQL: select version() as v; [ RunTime:0.000799s ]
INFO: Run Behavior\ParseTemplate [ RunTime:0.014403s ]
INFO: [ view_parse ] --END-- [ RunTime:-0.598809s ]
INFO: [ view_filter ] --START--
INFO: Run Behavior\WriteHtmlCache [ RunTime:0.000104s ]
INFO: [ view_filter ] --END-- [ RunTime:-0.613205s ]
INFO: Run SystemInfo [ RunTime:0.613789s ]
SQL: SELECT `config` FROM `ms_addons` WHERE ( `name` = 'DevTeam' ) AND ( `status` = 1 ) LIMIT 1   [ RunTime:0.000983s ]
INFO: [ view_parse ] --START--
INFO: [ template_filter ] --START--
INFO: Run Behavior\ContentReplace [ RunTime:0.000242s ]
INFO: [ template_filter ] --END-- [ RunTime:-0.671366s ]
INFO: Run Behavior\ParseTemplate [ RunTime:0.009852s ]
INFO: [ view_parse ] --END-- [ RunTime:-0.621277s ]
INFO: [ view_filter ] --START--
INFO: Run Behavior\WriteHtmlCache [ RunTime:0.000111s ]
INFO: [ view_filter ] --END-- [ RunTime:-0.631268s ]
INFO: Run DevTeam [ RunTime:0.017940s ]
INFO: [ AdminIndex ] --END-- [ RunTime:0.671214s ]
INFO: Run Behavior\ParseTemplate [ RunTime:0.012139s ]
INFO: [ view_parse ] --END-- [ RunTime:-0.621277s ]
INFO: [ view_filter ] --START--
INFO: Run Behavior\WriteHtmlCache [ RunTime:0.000100s ]
INFO: [ view_filter ] --END-- [ RunTime:-0.633489s ]
INFO: [ app_end ] --START--
INFO: Run Behavior\ShowPageTrace [ RunTime:0.004326s ]
INFO: [ app_end ] --END-- [ RunTime:0.005402s ]

[ 2016-09-05T16:45:55+08:00 ] ::1 /ms/index.php?s=/Admin/Article/mydocument.html
INFO: [ app_init ] --START--
INFO: Run Common\Behavior\InitHook [ RunTime:0.005249s ]
INFO: [ app_init ] --END-- [ RunTime:0.006855s ]
INFO: [ app_begin ] --START--
INFO: Run Behavior\ReadHtmlCache [ RunTime:0.001100s ]
INFO: [ app_begin ] --END-- [ RunTime:0.001708s ]
SQL: SHOW COLUMNS FROM `ms_menu` [ RunTime:0.004382s ]
SQL: SELECT * FROM `ms_menu` WHERE ( `pid` = 0 ) AND ( `hide` = 0 ) ORDER BY sort asc  [ RunTime:0.000666s ]
SQL: SELECT `id` FROM `ms_menu` WHERE ( url like '%Article/mydocument%' ) LIMIT 1   [ RunTime:0.000385s ]
SQL: SHOW COLUMNS FROM `ms_menu` [ RunTime:0.003783s ]
SQL: SELECT `id`,`pid`,`title` FROM `ms_menu` WHERE ( id=2 ) LIMIT 1   [ RunTime:0.000434s ]
SQL: SELECT DISTINCT  `group` FROM `ms_menu` WHERE ( pid = 2 )  [ RunTime:0.000434s ]
SQL: SELECT `id`,`url` FROM `ms_menu` WHERE ( `pid` = 2 ) AND ( `hide` = 0 )  [ RunTime:0.000396s ]
SQL: SELECT `id`,`pid`,`title`,`url`,`tip` FROM `ms_menu` WHERE ( `group` = '内容' ) AND ( `pid` = 2 ) AND ( `hide` = 0 ) ORDER BY sort asc  [ RunTime:0.000425s ]
SQL: SHOW COLUMNS FROM `ms_auth_group_access` [ RunTime:0.019010s ]
SQL: SELECT `extend_id` FROM ms_auth_group_access g INNER JOIN ms_auth_extend c on g.group_id=c.group_id  WHERE ( g.uid='1' and c.type='1' and !isnull(extend_id) )  [ RunTime:0.016528s ]
SQL: SHOW COLUMNS FROM `ms_category` [ RunTime:0.003909s ]
SQL: SELECT `id`,`title`,`pid`,`allow_publish` FROM `ms_category` WHERE ( `status` = 1 ) ORDER BY pid,sort  [ RunTime:0.000442s ]
SQL: SHOW COLUMNS FROM `ms_document` [ RunTime:0.004253s ]
SQL: SELECT COUNT(*) AS tp_count FROM `ms_document` WHERE ( `status` IN ('0','1','2') ) AND ( `uid` = 1 ) AND ( `pid` = 0 ) LIMIT 1   [ RunTime:0.014592s ]
SQL: SELECT `id`,`uid`,`name`,`title`,`category_id`,`description`,`root`,`pid`,`model_id`,`type`,`position`,`link_id`,`cover_id`,`display`,`deadline`,`attach`,`view`,`comment`,`extend`,`level`,`create_time`,`update_time`,`status` FROM `ms_document` WHERE ( `status` IN ('0','1','2') ) AND ( `uid` = 1 ) AND ( `pid` = 0 ) ORDER BY update_time desc LIMIT 0,10   [ RunTime:0.014529s ]
INFO: [ view_parse ] --START--
INFO: [ template_filter ] --START--
INFO: Run Behavior\ContentReplace [ RunTime:0.000329s ]
INFO: [ template_filter ] --END-- [ RunTime:0.000548s ]
SQL: SHOW COLUMNS FROM `ms_document` [ RunTime:0.004619s ]
SQL: SELECT COUNT(*) AS tp_count FROM `ms_document` WHERE ( pid=11 ) LIMIT 1   [ RunTime:0.000391s ]
SQL: SELECT `title` FROM `ms_category` WHERE ( id=2 ) LIMIT 1   [ RunTime:0.000306s ]
SQL: SELECT COUNT(*) AS tp_count FROM `ms_document` WHERE ( pid=16 ) LIMIT 1   [ RunTime:0.000273s ]
SQL: SELECT `title` FROM `ms_category` WHERE ( id=42 ) LIMIT 1   [ RunTime:0.000279s ]
SQL: SELECT COUNT(*) AS tp_count FROM `ms_document` WHERE ( pid=2 ) LIMIT 1   [ RunTime:0.000264s ]
SQL: SELECT `title` FROM `ms_category` WHERE ( id=2 ) LIMIT 1   [ RunTime:0.000329s ]
SQL: SELECT COUNT(*) AS tp_count FROM `ms_document` WHERE ( pid=9 ) LIMIT 1   [ RunTime:0.000356s ]
SQL: SELECT `title` FROM `ms_category` WHERE ( id=42 ) LIMIT 1   [ RunTime:0.000392s ]
SQL: SELECT COUNT(*) AS tp_count FROM `ms_document` WHERE ( pid=1 ) LIMIT 1   [ RunTime:0.000324s ]
SQL: SELECT `title` FROM `ms_category` WHERE ( id=2 ) LIMIT 1   [ RunTime:0.000329s ]
INFO: Run Behavior\ParseTemplate [ RunTime:0.118479s ]
INFO: [ view_parse ] --END-- [ RunTime:0.118749s ]
INFO: [ view_filter ] --START--
INFO: Run Behavior\WriteHtmlCache [ RunTime:0.000487s ]
INFO: [ view_filter ] --END-- [ RunTime:0.000681s ]
INFO: [ app_end ] --START--
INFO: Run Behavior\ShowPageTrace [ RunTime:0.000932s ]
INFO: [ app_end ] --END-- [ RunTime:0.001281s ]

[ 2016-09-05T17:04:53+08:00 ] ::1 /ms/index.php/Admin/Article/mydocument.html
INFO: [ app_init ] --START--
INFO: Run Common\Behavior\InitHook [ RunTime:0.003030s ]
INFO: [ app_init ] --END-- [ RunTime:0.003737s ]
INFO: [ app_begin ] --START--
INFO: Run Behavior\ReadHtmlCache [ RunTime:0.000692s ]
INFO: [ app_begin ] --END-- [ RunTime:0.000912s ]
SQL: SHOW COLUMNS FROM `ms_menu` [ RunTime:0.006314s ]
SQL: SELECT * FROM `ms_menu` WHERE ( `pid` = 0 ) AND ( `hide` = 0 ) ORDER BY sort asc  [ RunTime:0.000708s ]
SQL: SELECT `id` FROM `ms_menu` WHERE ( url like '%Article/mydocument%' ) LIMIT 1   [ RunTime:0.000386s ]
SQL: SHOW COLUMNS FROM `ms_menu` [ RunTime:0.003990s ]
SQL: SELECT `id`,`pid`,`title` FROM `ms_menu` WHERE ( id=2 ) LIMIT 1   [ RunTime:0.000446s ]
SQL: SELECT DISTINCT  `group` FROM `ms_menu` WHERE ( pid = 2 )  [ RunTime:0.000473s ]
SQL: SELECT `id`,`url` FROM `ms_menu` WHERE ( `pid` = 2 ) AND ( `hide` = 0 )  [ RunTime:0.000370s ]
SQL: SELECT `id`,`pid`,`title`,`url`,`tip` FROM `ms_menu` WHERE ( `group` = '内容' ) AND ( `pid` = 2 ) AND ( `hide` = 0 ) ORDER BY sort asc  [ RunTime:0.000403s ]
SQL: SHOW COLUMNS FROM `ms_auth_group_access` [ RunTime:0.003526s ]
SQL: SELECT `extend_id` FROM ms_auth_group_access g INNER JOIN ms_auth_extend c on g.group_id=c.group_id  WHERE ( g.uid='1' and c.type='1' and !isnull(extend_id) )  [ RunTime:0.000519s ]
SQL: SHOW COLUMNS FROM `ms_category` [ RunTime:0.004320s ]
SQL: SELECT `id`,`title`,`pid`,`allow_publish` FROM `ms_category` WHERE ( `status` = 1 ) ORDER BY pid,sort  [ RunTime:0.000538s ]
SQL: SHOW COLUMNS FROM `ms_document` [ RunTime:0.004553s ]
SQL: SELECT COUNT(*) AS tp_count FROM `ms_document` WHERE ( `status` IN ('0','1','2') ) AND ( `uid` = 1 ) AND ( `pid` = 0 ) LIMIT 1   [ RunTime:0.000593s ]
SQL: SELECT `id`,`uid`,`name`,`title`,`category_id`,`description`,`root`,`pid`,`model_id`,`type`,`position`,`link_id`,`cover_id`,`display`,`deadline`,`attach`,`view`,`comment`,`extend`,`level`,`create_time`,`update_time`,`status` FROM `ms_document` WHERE ( `status` IN ('0','1','2') ) AND ( `uid` = 1 ) AND ( `pid` = 0 ) ORDER BY update_time desc LIMIT 0,10   [ RunTime:0.000961s ]
INFO: [ view_parse ] --START--
INFO: [ template_filter ] --START--
INFO: Run Behavior\ContentReplace [ RunTime:0.000494s ]
INFO: [ template_filter ] --END-- [ RunTime:0.000977s ]
SQL: SHOW COLUMNS FROM `ms_document` [ RunTime:0.004497s ]
SQL: SELECT COUNT(*) AS tp_count FROM `ms_document` WHERE ( pid=11 ) LIMIT 1   [ RunTime:0.000363s ]
SQL: SELECT `title` FROM `ms_category` WHERE ( id=2 ) LIMIT 1   [ RunTime:0.000436s ]
SQL: SELECT COUNT(*) AS tp_count FROM `ms_document` WHERE ( pid=16 ) LIMIT 1   [ RunTime:0.000446s ]
SQL: SELECT `title` FROM `ms_category` WHERE ( id=42 ) LIMIT 1   [ RunTime:0.000282s ]
SQL: SELECT COUNT(*) AS tp_count FROM `ms_document` WHERE ( pid=2 ) LIMIT 1   [ RunTime:0.000271s ]
SQL: SELECT `title` FROM `ms_category` WHERE ( id=2 ) LIMIT 1   [ RunTime:0.000247s ]
SQL: SELECT COUNT(*) AS tp_count FROM `ms_document` WHERE ( pid=9 ) LIMIT 1   [ RunTime:0.000343s ]
SQL: SELECT `title` FROM `ms_category` WHERE ( id=42 ) LIMIT 1   [ RunTime:0.000293s ]
SQL: SELECT COUNT(*) AS tp_count FROM `ms_document` WHERE ( pid=1 ) LIMIT 1   [ RunTime:0.000256s ]
SQL: SELECT `title` FROM `ms_category` WHERE ( id=2 ) LIMIT 1   [ RunTime:0.000226s ]
INFO: Run Behavior\ParseTemplate [ RunTime:0.102564s ]
INFO: [ view_parse ] --END-- [ RunTime:0.102881s ]
INFO: [ view_filter ] --START--
INFO: Run Behavior\WriteHtmlCache [ RunTime:0.000647s ]
INFO: [ view_filter ] --END-- [ RunTime:0.000845s ]
INFO: [ app_end ] --START--
INFO: Run Behavior\ShowPageTrace [ RunTime:0.001091s ]
INFO: [ app_end ] --END-- [ RunTime:0.001542s ]

[ 2016-09-05T17:29:01+08:00 ] ::1 /ms/index.php?s=Home/User/forgetPwd
INFO: [ app_init ] --START--
INFO: Run Common\Behavior\InitHook [ RunTime:0.004477s ]
INFO: [ app_init ] --END-- [ RunTime:0.005514s ]
INFO: [ app_begin ] --START--
INFO: Run Behavior\ReadHtmlCache [ RunTime:0.001103s ]
INFO: [ app_begin ] --END-- [ RunTime:0.001438s ]
SQL: SHOW COLUMNS FROM `ms_config` [ RunTime:0.008893s ]
SQL: SELECT `type`,`name`,`value` FROM `ms_config` WHERE ( `status` = 1 )  [ RunTime:0.001408s ]
INFO: [ app_end ] --START--
INFO: Run Behavior\ShowPageTrace [ RunTime:0.001820s ]
INFO: [ app_end ] --END-- [ RunTime:0.002339s ]

[ 2016-09-05T17:29:31+08:00 ] ::1 /ms/index.php?s=/Home/User/forgetPwd
INFO: [ app_init ] --START--
INFO: Run Common\Behavior\InitHook [ RunTime:0.003503s ]
INFO: [ app_init ] --END-- [ RunTime:0.004574s ]
INFO: [ app_begin ] --START--
INFO: Run Behavior\ReadHtmlCache [ RunTime:0.000825s ]
INFO: [ app_begin ] --END-- [ RunTime:0.001091s ]
SQL: SHOW COLUMNS FROM `ms_config` [ RunTime:0.003499s ]
SQL: SELECT `type`,`name`,`value` FROM `ms_config` WHERE ( `status` = 1 )  [ RunTime:0.000444s ]

[ 2016-09-05T17:29:52+08:00 ] ::1 /ms/index.php?s=/Home/User/sendMessage
INFO: [ app_init ] --START--
INFO: Run Common\Behavior\InitHook [ RunTime:0.003119s ]
INFO: [ app_init ] --END-- [ RunTime:0.003920s ]
INFO: [ app_begin ] --START--
INFO: Run Behavior\ReadHtmlCache [ RunTime:0.000863s ]
INFO: [ app_begin ] --END-- [ RunTime:0.001141s ]
SQL: SHOW COLUMNS FROM `ms_config` [ RunTime:0.004803s ]
SQL: SELECT `type`,`name`,`value` FROM `ms_config` WHERE ( `status` = 1 )  [ RunTime:0.000505s ]
NOTIC: [8] A session had already been started - ignoring session_start() D:\xampp\htdocs\ms\ThinkPHP\Common\functions.php 第 1092 行.

[ 2016-09-05T17:30:11+08:00 ] ::1 /ms/index.php?s=/Home/User/sendMessage
INFO: [ app_init ] --START--
INFO: Run Common\Behavior\InitHook [ RunTime:0.002295s ]
INFO: [ app_init ] --END-- [ RunTime:0.003196s ]
INFO: [ app_begin ] --START--
INFO: Run Behavior\ReadHtmlCache [ RunTime:0.000566s ]
INFO: [ app_begin ] --END-- [ RunTime:0.000786s ]
SQL: SHOW COLUMNS FROM `ms_config` [ RunTime:0.004854s ]
SQL: SELECT `type`,`name`,`value` FROM `ms_config` WHERE ( `status` = 1 )  [ RunTime:0.000437s ]

[ 2016-09-05T17:30:25+08:00 ] ::1 /ms/index.php?s=/Home/User/sendMessage
INFO: [ app_init ] --START--
INFO: Run Common\Behavior\InitHook [ RunTime:0.003374s ]
INFO: [ app_init ] --END-- [ RunTime:0.004136s ]
INFO: [ app_begin ] --START--
INFO: Run Behavior\ReadHtmlCache [ RunTime:0.001241s ]
INFO: [ app_begin ] --END-- [ RunTime:0.001622s ]
SQL: SHOW COLUMNS FROM `ms_config` [ RunTime:0.004780s ]
SQL: SELECT `type`,`name`,`value` FROM `ms_config` WHERE ( `status` = 1 )  [ RunTime:0.000419s ]

[ 2016-09-05T17:30:52+08:00 ] ::1 /ms/index.php?s=/Home/User/forgetPwd
INFO: [ app_init ] --START--
INFO: Run Common\Behavior\InitHook [ RunTime:0.002954s ]
INFO: [ app_init ] --END-- [ RunTime:0.003743s ]
INFO: [ app_begin ] --START--
INFO: Run Behavior\ReadHtmlCache [ RunTime:0.000809s ]
INFO: [ app_begin ] --END-- [ RunTime:0.001169s ]
SQL: SHOW COLUMNS FROM `ms_config` [ RunTime:0.004615s ]
SQL: SELECT `type`,`name`,`value` FROM `ms_config` WHERE ( `status` = 1 )  [ RunTime:0.000405s ]
SQL: SHOW COLUMNS FROM `ms_ucenter_member` [ RunTime:0.004048s ]
SQL: UPDATE `ms_ucenter_member` SET `password`='0188cc9fdee13e7a291ebf51c29e4aef',`reg_time`=1473067852,`reg_ip`=0,`update_time`=1473067852,`status`=1 WHERE ( `username` = '15622324796' ) [ RunTime:0.000572s ]

[ 2016-09-05T17:31:48+08:00 ] ::1 /ms/index.php?s=/Home/User/login
INFO: [ app_init ] --START--
INFO: Run Common\Behavior\InitHook [ RunTime:0.003381s ]
INFO: [ app_init ] --END-- [ RunTime:0.004142s ]
INFO: [ app_begin ] --START--
INFO: Run Behavior\ReadHtmlCache [ RunTime:0.000733s ]
INFO: [ app_begin ] --END-- [ RunTime:0.000960s ]
SQL: SHOW COLUMNS FROM `ms_config` [ RunTime:0.004912s ]
SQL: SELECT `type`,`name`,`value` FROM `ms_config` WHERE ( `status` = 1 )  [ RunTime:0.000477s ]
SQL: SHOW COLUMNS FROM `ms_ucenter_member` [ RunTime:0.003391s ]
SQL: SELECT * FROM `ms_ucenter_member` WHERE ( `username` = '15622324796' ) LIMIT 1   [ RunTime:0.000521s ]
SQL: UPDATE `ms_ucenter_member` SET `last_login_time`=1473067908,`last_login_ip`=0 WHERE ( `id` = 13 ) [ RunTime:0.000454s ]
SQL: SHOW COLUMNS FROM `ms_member` [ RunTime:0.007721s ]
SQL: SELECT `uid`,`nickname`,`sex`,`birthday`,`qq`,`score`,`login`,`reg_ip`,`reg_time`,`last_login_ip`,`last_login_time`,`status`,`location`,`school`,`grade`,`head_pic` FROM `ms_member` WHERE ( `uid` = 13 ) LIMIT 1   [ RunTime:0.000876s ]
SQL: UPDATE `ms_member` SET `login`=`login`+1,`last_login_time`=1473067908,`last_login_ip`=0 WHERE ( `uid` = 13 ) [ RunTime:0.001041s ]
SQL: SHOW COLUMNS FROM `ms_action` [ RunTime:0.007632s ]
SQL: SELECT * FROM `ms_action` WHERE ( `name` = 'user_login' ) LIMIT 1   [ RunTime:0.000887s ]
SQL: SHOW COLUMNS FROM `ms_action_log` [ RunTime:0.007919s ]
SQL: INSERT INTO `ms_action_log` (`action_id`,`user_id`,`action_ip`,`model`,`record_id`,`create_time`,`remark`) VALUES (1,13,0,'member',13,1473067908,'15622324796在2016-09-05 17:31登录了后台') [ RunTime:0.000950s ]
SQL: SELECT * FROM `ms_action` WHERE ( `name` = 'user_login' ) LIMIT 1   [ RunTime:0.000829s ]
NOTIC: [8] Undefined offset: 1 D:\xampp\htdocs\ms\Application\Common\Common\function.php 第 666 行.
NOTIC: [2] array_key_exists() expects parameter 2 to be array, null given D:\xampp\htdocs\ms\Application\Common\Common\function.php 第 666 行.
SQL: SELECT COUNT(*) AS tp_count FROM `ms_action_log` WHERE ( `action_id` = 1 ) AND ( `user_id` = 13 ) AND ( `create_time` > 1472981508 ) LIMIT 1   [ RunTime:0.001022s ]
SQL: SHOW COLUMNS FROM `ms_member` [ RunTime:0.008463s ]
SQL: UPDATE `ms_member` SET `score`=score+10 WHERE ( uid=13 AND status>-1 ) [ RunTime:0.000979s ]
SQL: SHOW COLUMNS FROM `ms_ucenter_member` [ RunTime:0.007910s ]
SQL: SELECT * FROM `ms_ucenter_member` WHERE ( `username` = '15622324796' ) LIMIT 1   [ RunTime:0.000928s ]
SQL: UPDATE `ms_ucenter_member` SET `access_token`='MTQ3NDM2MzkwOId4hZSNiLSihHudYYKo1N5_rNWtr3eU3n56imm1unZp' WHERE ( `username` = '15622324796' ) [ RunTime:0.000757s ]

[ 2016-09-05T17:32:30+08:00 ] ::1 /ms/index.php?s=/Home/User/getUserInfo
INFO: [ app_init ] --START--
INFO: Run Common\Behavior\InitHook [ RunTime:0.002635s ]
INFO: [ app_init ] --END-- [ RunTime:0.003416s ]
INFO: [ app_begin ] --START--
INFO: Run Behavior\ReadHtmlCache [ RunTime:0.000876s ]
INFO: [ app_begin ] --END-- [ RunTime:0.001272s ]
SQL: SHOW COLUMNS FROM `ms_config` [ RunTime:0.005225s ]
SQL: SELECT `type`,`name`,`value` FROM `ms_config` WHERE ( `status` = 1 )  [ RunTime:0.000584s ]
SQL: SHOW COLUMNS FROM `ms_ucenter_member` [ RunTime:0.003813s ]
SQL: SELECT * FROM `ms_ucenter_member` WHERE ( `username` = '15622324796' ) LIMIT 1   [ RunTime:0.000471s ]
NOTIC: [2] Illegal string offset 'username' D:\xampp\htdocs\ms\Application\Home\Controller\UserController.class.php 第 199 行.
SQL: SHOW COLUMNS FROM `ms_member` [ RunTime:0.004136s ]
SQL: SELECT `head_pic`,`nickname`,`sex`,`status`,`location`,`school`,`grade` FROM `ms_member` LIMIT 1   [ RunTime:0.000399s ]

[ 2016-09-05T17:44:30+08:00 ] ::1 /ms/index.php?s=/Home/App/index
INFO: [ app_init ] --START--
INFO: Run Common\Behavior\InitHook [ RunTime:0.002991s ]
INFO: [ app_init ] --END-- [ RunTime:0.003619s ]
INFO: [ app_begin ] --START--
INFO: Run Behavior\ReadHtmlCache [ RunTime:0.000661s ]
INFO: [ app_begin ] --END-- [ RunTime:0.000871s ]
SQL: SHOW COLUMNS FROM `ms_config` [ RunTime:0.003609s ]
SQL: SELECT `type`,`name`,`value` FROM `ms_config` WHERE ( `status` = 1 )  [ RunTime:0.000449s ]
SQL: SHOW COLUMNS FROM `ms_app` [ RunTime:0.003065s ]
SQL: SELECT * FROM `ms_app` WHERE ( `pid` = 1 )  [ RunTime:0.000377s ]
SQL: SHOW COLUMNS FROM `ms_document` [ RunTime:0.003295s ]
SQL: SELECT `title`,`description`,`view` FROM `ms_document` WHERE ( `id` = 2 ) LIMIT 1   [ RunTime:0.000341s ]
SQL: SELECT `title`,`description`,`view` FROM `ms_document` WHERE ( `id` = 4 ) LIMIT 1   [ RunTime:0.000282s ]
SQL: SELECT `title`,`description`,`view` FROM `ms_document` WHERE ( `id` = 1 ) LIMIT 1   [ RunTime:0.000266s ]
SQL: SELECT `title`,`description`,`view` FROM `ms_document` WHERE ( `id` = 9 ) LIMIT 1   [ RunTime:0.000579s ]
SQL: SELECT `title`,`description`,`view` FROM `ms_document` WHERE ( `id` = 12 ) LIMIT 1   [ RunTime:0.000436s ]
SQL: SELECT `title`,`description`,`view` FROM `ms_document` WHERE ( `id` = 12 ) LIMIT 1   [ RunTime:0.000471s ]
SQL: SELECT `title`,`description`,`view` FROM `ms_document` WHERE ( `id` = 12 ) LIMIT 1   [ RunTime:0.000348s ]
SQL: SELECT `title`,`description`,`view` FROM `ms_document` WHERE ( `id` = 12 ) LIMIT 1   [ RunTime:0.000478s ]
SQL: SELECT `title`,`description`,`view` FROM `ms_document` WHERE ( `id` = 12 ) LIMIT 1   [ RunTime:0.000419s ]
SQL: SELECT `title`,`description`,`view` FROM `ms_document` WHERE ( `id` = 12 ) LIMIT 1   [ RunTime:0.000372s ]
SQL: SELECT `title`,`description`,`view` FROM `ms_document` WHERE ( `id` = 1 ) LIMIT 1   [ RunTime:0.000380s ]
SQL: SELECT `title`,`description`,`view` FROM `ms_document` WHERE ( `id` = 2 ) LIMIT 1   [ RunTime:0.000350s ]
SQL: SELECT `title`,`description`,`view` FROM `ms_document` WHERE ( `id` = 4 ) LIMIT 1   [ RunTime:0.000351s ]
SQL: SELECT `title`,`description`,`view` FROM `ms_document` WHERE ( `id` = 4 ) LIMIT 1   [ RunTime:0.000332s ]

[ 2016-09-05T17:45:56+08:00 ] ::1 /ms/index.php?s=/Home/App/index
INFO: [ app_init ] --START--
INFO: Run Common\Behavior\InitHook [ RunTime:0.007170s ]
INFO: [ app_init ] --END-- [ RunTime:0.008871s ]
INFO: [ app_begin ] --START--
INFO: Run Behavior\ReadHtmlCache [ RunTime:0.001826s ]
INFO: [ app_begin ] --END-- [ RunTime:0.002379s ]
SQL: SHOW COLUMNS FROM `ms_config` [ RunTime:0.043342s ]
SQL: SELECT `type`,`name`,`value` FROM `ms_config` WHERE ( `status` = 1 )  [ RunTime:0.001604s ]
SQL: SHOW COLUMNS FROM `ms_app` [ RunTime:0.007993s ]
SQL: SELECT * FROM `ms_app` WHERE ( `pid` = 1 )  [ RunTime:0.000992s ]
SQL: SHOW COLUMNS FROM `ms_document` [ RunTime:0.008388s ]
SQL: SELECT `title`,`description`,`view` FROM `ms_document` WHERE ( `id` = 2 ) LIMIT 1   [ RunTime:0.000901s ]
SQL: SELECT `title`,`description`,`view` FROM `ms_document` WHERE ( `id` = 4 ) LIMIT 1   [ RunTime:0.000839s ]
SQL: SELECT `title`,`description`,`view` FROM `ms_document` WHERE ( `id` = 1 ) LIMIT 1   [ RunTime:0.001022s ]
SQL: SELECT `title`,`description`,`view` FROM `ms_document` WHERE ( `id` = 9 ) LIMIT 1   [ RunTime:0.000704s ]
SQL: SELECT `title`,`description`,`view` FROM `ms_document` WHERE ( `id` = 12 ) LIMIT 1   [ RunTime:0.000777s ]
SQL: SELECT `title`,`description`,`view` FROM `ms_document` WHERE ( `id` = 12 ) LIMIT 1   [ RunTime:0.000697s ]
SQL: SELECT `title`,`description`,`view` FROM `ms_document` WHERE ( `id` = 12 ) LIMIT 1   [ RunTime:0.001008s ]
SQL: SELECT `title`,`description`,`view` FROM `ms_document` WHERE ( `id` = 12 ) LIMIT 1   [ RunTime:0.001102s ]
SQL: SELECT `title`,`description`,`view` FROM `ms_document` WHERE ( `id` = 12 ) LIMIT 1   [ RunTime:0.000783s ]
SQL: SELECT `title`,`description`,`view` FROM `ms_document` WHERE ( `id` = 12 ) LIMIT 1   [ RunTime:0.000722s ]
SQL: SELECT `title`,`description`,`view` FROM `ms_document` WHERE ( `id` = 1 ) LIMIT 1   [ RunTime:0.001035s ]
SQL: SELECT `title`,`description`,`view` FROM `ms_document` WHERE ( `id` = 2 ) LIMIT 1   [ RunTime:0.000975s ]
SQL: SELECT `title`,`description`,`view` FROM `ms_document` WHERE ( `id` = 4 ) LIMIT 1   [ RunTime:0.000847s ]
SQL: SELECT `title`,`description`,`view` FROM `ms_document` WHERE ( `id` = 4 ) LIMIT 1   [ RunTime:0.000725s ]

[ 2016-09-05T17:49:25+08:00 ] ::1 /ms/index.php?s=/Home/App/index
INFO: [ app_init ] --START--
INFO: Run Common\Behavior\InitHook [ RunTime:0.002917s ]
INFO: [ app_init ] --END-- [ RunTime:0.003541s ]
INFO: [ app_begin ] --START--
INFO: Run Behavior\ReadHtmlCache [ RunTime:0.000701s ]
INFO: [ app_begin ] --END-- [ RunTime:0.000923s ]
SQL: SHOW COLUMNS FROM `ms_config` [ RunTime:0.005117s ]
SQL: SELECT `type`,`name`,`value` FROM `ms_config` WHERE ( `status` = 1 )  [ RunTime:0.000530s ]
SQL: SHOW COLUMNS FROM `ms_app` [ RunTime:0.003446s ]
SQL: SELECT * FROM `ms_app` WHERE ( `pid` = 1 )  [ RunTime:0.000357s ]
SQL: SHOW COLUMNS FROM `ms_document` [ RunTime:0.003295s ]
SQL: SELECT `title`,`description`,`view` FROM `ms_document` WHERE ( `id` = 2 ) LIMIT 1   [ RunTime:0.000385s ]
SQL: SELECT `title`,`description`,`view` FROM `ms_document` WHERE ( `id` = 4 ) LIMIT 1   [ RunTime:0.000216s ]
SQL: SELECT `title`,`description`,`view` FROM `ms_document` WHERE ( `id` = 1 ) LIMIT 1   [ RunTime:0.000246s ]
SQL: SELECT `title`,`description`,`view` FROM `ms_document` WHERE ( `id` = 9 ) LIMIT 1   [ RunTime:0.000221s ]
SQL: SELECT `title`,`description`,`view` FROM `ms_document` WHERE ( `id` = 12 ) LIMIT 1   [ RunTime:0.000201s ]
SQL: SELECT `title`,`description`,`view` FROM `ms_document` WHERE ( `id` = 12 ) LIMIT 1   [ RunTime:0.000207s ]
SQL: SELECT `title`,`description`,`view` FROM `ms_document` WHERE ( `id` = 12 ) LIMIT 1   [ RunTime:0.000187s ]
SQL: SELECT `title`,`description`,`view` FROM `ms_document` WHERE ( `id` = 12 ) LIMIT 1   [ RunTime:0.000190s ]
SQL: SELECT `title`,`description`,`view` FROM `ms_document` WHERE ( `id` = 12 ) LIMIT 1   [ RunTime:0.000277s ]
SQL: SELECT `title`,`description`,`view` FROM `ms_document` WHERE ( `id` = 12 ) LIMIT 1   [ RunTime:0.000268s ]
SQL: SELECT `title`,`description`,`view` FROM `ms_document` WHERE ( `id` = 1 ) LIMIT 1   [ RunTime:0.000229s ]
SQL: SELECT `title`,`description`,`view` FROM `ms_document` WHERE ( `id` = 2 ) LIMIT 1   [ RunTime:0.000233s ]
SQL: SELECT `title`,`description`,`view` FROM `ms_document` WHERE ( `id` = 4 ) LIMIT 1   [ RunTime:0.000199s ]
SQL: SELECT `title`,`description`,`view` FROM `ms_document` WHERE ( `id` = 4 ) LIMIT 1   [ RunTime:0.000208s ]

[ 2016-09-05T17:52:36+08:00 ] ::1 /ms/index.php?s=/Home/Article/detail/id/2.html
INFO: [ app_init ] --START--
INFO: Run Common\Behavior\InitHook [ RunTime:0.002871s ]
INFO: [ app_init ] --END-- [ RunTime:0.003568s ]
INFO: [ app_begin ] --START--
INFO: Run Behavior\ReadHtmlCache [ RunTime:0.000783s ]
INFO: [ app_begin ] --END-- [ RunTime:0.001042s ]
SQL: SHOW COLUMNS FROM `ms_config` [ RunTime:0.005387s ]
SQL: SELECT `type`,`name`,`value` FROM `ms_config` WHERE ( `status` = 1 )  [ RunTime:0.000473s ]
SQL: SHOW COLUMNS FROM `ms_document` [ RunTime:0.003630s ]
SQL: SELECT `id`,`uid`,`name`,`title`,`category_id`,`description`,`root`,`pid`,`model_id`,`type`,`position`,`link_id`,`cover_id`,`display`,`deadline`,`attach`,`view`,`comment`,`extend`,`level`,`create_time`,`update_time`,`status` FROM `ms_document` WHERE ( `id` = 2 ) LIMIT 1   [ RunTime:0.000417s ]
SQL: SHOW COLUMNS FROM `ms_document_article` [ RunTime:0.003436s ]
SQL: SELECT `id`,`parse`,`content`,`template`,`bookmark` FROM `ms_document_article` WHERE ( `id` = 2 ) LIMIT 1   [ RunTime:0.000361s ]
SQL: SHOW COLUMNS FROM `ms_category` [ RunTime:0.003421s ]
SQL: SELECT `id`,`name`,`title`,`pid`,`sort`,`list_row`,`meta_title`,`keywords`,`description`,`template_index`,`template_lists`,`template_detail`,`template_edit`,`model`,`type`,`link_id`,`allow_publish`,`display`,`reply`,`check`,`reply_model`,`extend`,`create_time`,`update_time`,`status`,`icon` FROM `ms_category` WHERE ( `id` = 2 ) LIMIT 1   [ RunTime:0.000378s ]
SQL: UPDATE `ms_document` SET `view`=view+1 WHERE ( `id` = 2 ) [ RunTime:0.000336s ]
INFO: [ view_parse ] --START--
INFO: [ template_filter ] --START--
INFO: Run Behavior\ContentReplace [ RunTime:0.000154s ]
INFO: [ template_filter ] --END-- [ RunTime:0.000413s ]
SQL: SHOW COLUMNS FROM `ms_channel` [ RunTime:0.051659s ]
SQL: SELECT `id`,`pid`,`title`,`url`,`sort`,`create_time`,`update_time`,`status`,`target` FROM `ms_channel` WHERE ( status=1 ) ORDER BY sort  [ RunTime:0.001010s ]
SQL: SELECT `id`,`uid`,`name`,`title`,`category_id`,`description`,`root`,`pid`,`model_id`,`type`,`position`,`link_id`,`cover_id`,`display`,`deadline`,`attach`,`view`,`comment`,`extend`,`level`,`create_time`,`update_time`,`status` FROM `ms_document` WHERE ( `id` < '2' ) AND ( `pid` = 0 ) AND ( `category_id` = 2 ) AND ( `status` = 1 ) ORDER BY id DESC LIMIT 1   [ RunTime:0.001438s ]
SQL: SELECT `id`,`uid`,`name`,`title`,`category_id`,`description`,`root`,`pid`,`model_id`,`type`,`position`,`link_id`,`cover_id`,`display`,`deadline`,`attach`,`view`,`comment`,`extend`,`level`,`create_time`,`update_time`,`status` FROM `ms_document` WHERE ( `id` > '2' ) AND ( `pid` = 0 ) AND ( `category_id` = 2 ) AND ( `status` = 1 ) ORDER BY id LIMIT 1   [ RunTime:0.001250s ]
INFO: [ documentDetailAfter ] --START--
SQL: SHOW COLUMNS FROM `ms_attachment` [ RunTime:0.009531s ]
SQL: SELECT `id`,`uid`,`title`,`type`,`source`,`record_id`,`download`,`size`,`dir`,`sort`,`create_time`,`update_time`,`status` FROM `ms_attachment` WHERE ( `record_id` = 2 ) AND ( `status` = 1 )  [ RunTime:0.001045s ]
INFO: Run Attachment [ RunTime:0.023262s ]
INFO: [ documentDetailAfter ] --END-- [ RunTime:0.023991s ]
INFO: Run Behavior\ParseTemplate [ RunTime:0.117060s ]
INFO: [ view_parse ] --END-- [ RunTime:0.117439s ]
INFO: [ view_filter ] --START--
INFO: Run Behavior\WriteHtmlCache [ RunTime:0.001342s ]
INFO: [ view_filter ] --END-- [ RunTime:0.001998s ]
INFO: [ app_end ] --START--
INFO: Run Behavior\ShowPageTrace [ RunTime:0.001266s ]
INFO: [ app_end ] --END-- [ RunTime:0.001657s ]

