[ 2016-08-05T11:06:18+08:00 ] ::1 /ms/
INFO: [ app_init ] --START--
INFO: Run Common\Behavior\InitHook [ RunTime:0.119053s ]
INFO: [ app_init ] --END-- [ RunTime:0.133396s ]
INFO: [ app_begin ] --START--
INFO: Run Behavior\ReadHtmlCache [ RunTime:0.014527s ]
INFO: [ app_begin ] --END-- [ RunTime:0.015074s ]
SQL: SHOW COLUMNS FROM `ms_config` [ RunTime:0.042633s ]
SQL: SELECT `type`,`name`,`value` FROM `ms_config` WHERE ( `status` = 1 )  [ RunTime:0.000903s ]
INFO: [ app_end ] --START--
INFO: Run Behavior\ShowPageTrace [ RunTime:0.033220s ]
INFO: [ app_end ] --END-- [ RunTime:0.033535s ]

[ 2016-08-05T11:08:06+08:00 ] ::1 /ms/index.php?s=/Home/Painting/paintingList
INFO: [ app_init ] --START--
INFO: Run Common\Behavior\InitHook [ RunTime:0.003161s ]
INFO: [ app_init ] --END-- [ RunTime:0.003980s ]
INFO: [ app_begin ] --START--
INFO: Run Behavior\ReadHtmlCache [ RunTime:0.000746s ]
INFO: [ app_begin ] --END-- [ RunTime:0.001014s ]
SQL: SHOW COLUMNS FROM `ms_config` [ RunTime:0.002840s ]
SQL: SELECT `type`,`name`,`value` FROM `ms_config` WHERE ( `status` = 1 )  [ RunTime:0.000457s ]
SQL: SHOW COLUMNS FROM `ms_painting` [ RunTime:0.060740s ]
SQL: SELECT `uid`,`content`,`category`,`date`,`pic_url`,`video_url`,`comment_id` FROM `ms_painting` WHERE ( `status` = 1 )  [ RunTime:0.000783s ]
INFO: [ app_end ] --START--
INFO: Run Behavior\ShowPageTrace [ RunTime:0.001469s ]
INFO: [ app_end ] --END-- [ RunTime:0.001956s ]

[ 2016-08-05T11:08:36+08:00 ] ::1 /ms/index.php?s=/home/user/login.html
INFO: [ app_init ] --START--
INFO: Run Common\Behavior\InitHook [ RunTime:0.007077s ]
INFO: [ app_init ] --END-- [ RunTime:0.008549s ]
INFO: [ app_begin ] --START--
INFO: Run Behavior\ReadHtmlCache [ RunTime:0.001234s ]
INFO: [ app_begin ] --END-- [ RunTime:0.001545s ]
SQL: SHOW COLUMNS FROM `ms_config` [ RunTime:0.006225s ]
SQL: SELECT `type`,`name`,`value` FROM `ms_config` WHERE ( `status` = 1 )  [ RunTime:0.001175s ]
SQL: SHOW COLUMNS FROM `ms_ucenter_member` [ RunTime:0.065879s ]
SQL: SELECT * FROM `ms_ucenter_member` WHERE ( `username` = 'admin' ) LIMIT 1   [ RunTime:0.001012s ]

[ 2016-08-05T11:08:41+08:00 ] ::1 /ms/index.php?s=/home/user/login.html
INFO: [ app_init ] --START--
INFO: Run Common\Behavior\InitHook [ RunTime:0.003876s ]
INFO: [ app_init ] --END-- [ RunTime:0.004689s ]
INFO: [ app_begin ] --START--
INFO: Run Behavior\ReadHtmlCache [ RunTime:0.001005s ]
INFO: [ app_begin ] --END-- [ RunTime:0.001303s ]
SQL: SHOW COLUMNS FROM `ms_config` [ RunTime:0.004526s ]
SQL: SELECT `type`,`name`,`value` FROM `ms_config` WHERE ( `status` = 1 )  [ RunTime:0.000525s ]
SQL: SHOW COLUMNS FROM `ms_ucenter_member` [ RunTime:0.002790s ]
SQL: SELECT * FROM `ms_ucenter_member` WHERE ( `username` = 'admin' ) LIMIT 1   [ RunTime:0.000442s ]

[ 2016-08-05T11:08:47+08:00 ] ::1 /ms/index.php?s=/home/user/login.html
INFO: [ app_init ] --START--
INFO: Run Common\Behavior\InitHook [ RunTime:0.003025s ]
INFO: [ app_init ] --END-- [ RunTime:0.003693s ]
INFO: [ app_begin ] --START--
INFO: Run Behavior\ReadHtmlCache [ RunTime:0.001031s ]
INFO: [ app_begin ] --END-- [ RunTime:0.001297s ]
SQL: SHOW COLUMNS FROM `ms_config` [ RunTime:0.004045s ]
SQL: SELECT `type`,`name`,`value` FROM `ms_config` WHERE ( `status` = 1 )  [ RunTime:0.000549s ]
SQL: SHOW COLUMNS FROM `ms_ucenter_member` [ RunTime:0.003232s ]
SQL: SELECT * FROM `ms_ucenter_member` WHERE ( `username` = 'admin' ) LIMIT 1   [ RunTime:0.000435s ]
SQL: UPDATE `ms_ucenter_member` SET `last_login_time`=1470366526,`last_login_ip`=0 WHERE ( `id` = 1 ) [ RunTime:0.018411s ]
SQL: SHOW COLUMNS FROM `ms_member` [ RunTime:0.022952s ]
SQL: SELECT `uid`,`nickname`,`sex`,`birthday`,`qq`,`score`,`login`,`reg_ip`,`reg_time`,`last_login_ip`,`last_login_time`,`status`,`location`,`school`,`grade`,`head_pic` FROM `ms_member` WHERE ( `uid` = 1 ) LIMIT 1   [ RunTime:0.000479s ]
SQL: UPDATE `ms_member` SET `login`=`login`+1,`last_login_time`=1470366526,`last_login_ip`=0 WHERE ( `uid` = 1 ) [ RunTime:0.013865s ]
SQL: SHOW COLUMNS FROM `ms_action` [ RunTime:0.027860s ]
SQL: SELECT * FROM `ms_action` WHERE ( `name` = 'user_login' ) LIMIT 1   [ RunTime:0.001526s ]
SQL: SHOW COLUMNS FROM `ms_action_log` [ RunTime:0.127974s ]
SQL: INSERT INTO `ms_action_log` (`action_id`,`user_id`,`action_ip`,`model`,`record_id`,`create_time`,`remark`) VALUES (1,1,0,'member',1,1470366526,'admin在2016-08-05 11:08登录了后台') [ RunTime:0.001189s ]
SQL: SELECT * FROM `ms_action` WHERE ( `name` = 'user_login' ) LIMIT 1   [ RunTime:0.001029s ]
NOTIC: [8] Undefined offset: 1 D:\xampp\htdocs\ms\Application\Common\Common\function.php 第 666 行.
NOTIC: [2] array_key_exists() expects parameter 2 to be array, null given D:\xampp\htdocs\ms\Application\Common\Common\function.php 第 666 行.
SQL: SELECT COUNT(*) AS tp_count FROM `ms_action_log` WHERE ( `action_id` = 1 ) AND ( `user_id` = 1 ) AND ( `create_time` > 1470280126 ) LIMIT 1   [ RunTime:0.017514s ]
SQL: SHOW COLUMNS FROM `ms_member` [ RunTime:0.008111s ]
SQL: UPDATE `ms_member` SET `score`=score+10 WHERE ( uid=1 AND status>-1 ) [ RunTime:0.000979s ]
SQL: SHOW COLUMNS FROM `ms_ucenter_member` [ RunTime:0.006640s ]
SQL: SELECT * FROM `ms_ucenter_member` WHERE ( `username` = 'admin' ) LIMIT 1   [ RunTime:0.000937s ]
SQL: UPDATE `ms_ucenter_member` SET `access_token`='MTQ3MTY2MjUyN4Z1kZWBnqilg3uMnIDO1N6BnKtlr61y3n-gimez0Jhy' WHERE ( `username` = 'admin' ) [ RunTime:0.000851s ]

[ 2016-08-05T11:09:15+08:00 ] ::1 /ms/index.php?s=/Home/Painting/postPainting
INFO: [ app_init ] --START--
INFO: Run Common\Behavior\InitHook [ RunTime:0.004796s ]
INFO: [ app_init ] --END-- [ RunTime:0.006101s ]
INFO: [ app_begin ] --START--
INFO: Run Behavior\ReadHtmlCache [ RunTime:0.000977s ]
INFO: [ app_begin ] --END-- [ RunTime:0.001246s ]
SQL: SHOW COLUMNS FROM `ms_config` [ RunTime:0.005438s ]
SQL: SELECT `type`,`name`,`value` FROM `ms_config` WHERE ( `status` = 1 )  [ RunTime:0.000571s ]
SQL: SHOW COLUMNS FROM `ms_ucenter_member` [ RunTime:0.003320s ]
SQL: SELECT * FROM `ms_ucenter_member` WHERE ( `username` = 'admin' ) LIMIT 1   [ RunTime:0.000422s ]
NOTIC: [2] call_user_func() expects parameter 1 to be a valid callback, no array or string given D:\xampp\htdocs\ms\ThinkPHP\Library\Think\Upload.class.php 第 167 行.
NOTIC: [8] Undefined index: Expires D:\xampp\htdocs\ms\ThinkPHP\Library\Think\Upload\Driver\Qiniu\QiniuStorage.class.php 第 45 行.
NOTIC: [8] Undefined index: saveName D:\xampp\htdocs\ms\ThinkPHP\Library\Think\Upload\Driver\Qiniu\QiniuStorage.class.php 第 80 行.
NOTIC: [8] Undefined index: custom_fields D:\xampp\htdocs\ms\ThinkPHP\Library\Think\Upload\Driver\Qiniu\QiniuStorage.class.php 第 83 行.
NOTIC: [2] call_user_func() expects parameter 1 to be a valid callback, no array or string given D:\xampp\htdocs\ms\ThinkPHP\Library\Think\Upload.class.php 第 167 行.
NOTIC: [8] Undefined index: Expires D:\xampp\htdocs\ms\ThinkPHP\Library\Think\Upload\Driver\Qiniu\QiniuStorage.class.php 第 45 行.
NOTIC: [8] Undefined index: saveName D:\xampp\htdocs\ms\ThinkPHP\Library\Think\Upload\Driver\Qiniu\QiniuStorage.class.php 第 80 行.
NOTIC: [8] Undefined index: custom_fields D:\xampp\htdocs\ms\ThinkPHP\Library\Think\Upload\Driver\Qiniu\QiniuStorage.class.php 第 83 行.
NOTIC: [2] call_user_func() expects parameter 1 to be a valid callback, no array or string given D:\xampp\htdocs\ms\ThinkPHP\Library\Think\Upload.class.php 第 167 行.
NOTIC: [8] Undefined index: Expires D:\xampp\htdocs\ms\ThinkPHP\Library\Think\Upload\Driver\Qiniu\QiniuStorage.class.php 第 45 行.
NOTIC: [8] Undefined index: saveName D:\xampp\htdocs\ms\ThinkPHP\Library\Think\Upload\Driver\Qiniu\QiniuStorage.class.php 第 80 行.
NOTIC: [8] Undefined index: custom_fields D:\xampp\htdocs\ms\ThinkPHP\Library\Think\Upload\Driver\Qiniu\QiniuStorage.class.php 第 83 行.
NOTIC: [8] Undefined index: imgFile D:\xampp\htdocs\ms\Application\Home\Controller\PaintingController.class.php 第 90 行.
NOTIC: [8] Undefined index: imgFile D:\xampp\htdocs\ms\Application\Home\Controller\PaintingController.class.php 第 90 行.
SQL: SHOW COLUMNS FROM `ms_painting` [ RunTime:0.009542s ]
SQL: INSERT INTO `ms_painting` (`uid`,`content`,`category`,`pic_url`,`date`,`status`) VALUES (1,'1',2,'http://oab1rbnp9.bkt.clouddn.com/2016-08-05_57a4035b2c7a3.png|http://oab1rbnp9.bkt.clouddn.com/2016-08-05_57a4035b764b4.jpg|http://oab1rbnp9.bkt.clouddn.com/2016-08-05_57a4035b906db.png',1470366555,0) [ RunTime:0.101925s ]

[ 2016-08-05T11:09:19+08:00 ] ::1 /ms/index.php?s=/Home/Painting/paintingList
INFO: [ app_init ] --START--
INFO: Run Common\Behavior\InitHook [ RunTime:0.003522s ]
INFO: [ app_init ] --END-- [ RunTime:0.004298s ]
INFO: [ app_begin ] --START--
INFO: Run Behavior\ReadHtmlCache [ RunTime:0.000951s ]
INFO: [ app_begin ] --END-- [ RunTime:0.001226s ]
SQL: SHOW COLUMNS FROM `ms_config` [ RunTime:0.003983s ]
SQL: SELECT `type`,`name`,`value` FROM `ms_config` WHERE ( `status` = 1 )  [ RunTime:0.000461s ]
SQL: SHOW COLUMNS FROM `ms_painting` [ RunTime:0.002737s ]
SQL: SELECT `uid`,`content`,`category`,`date`,`pic_url`,`video_url`,`comment_id` FROM `ms_painting` WHERE ( `status` = 1 )  [ RunTime:0.000423s ]
INFO: [ app_end ] --START--
INFO: Run Behavior\ShowPageTrace [ RunTime:0.000894s ]
INFO: [ app_end ] --END-- [ RunTime:0.001091s ]

[ 2016-08-05T11:09:28+08:00 ] ::1 /ms/index.php?s=/Home/Painting/paintingList
INFO: [ app_init ] --START--
INFO: Run Common\Behavior\InitHook [ RunTime:0.002783s ]
INFO: [ app_init ] --END-- [ RunTime:0.003429s ]
INFO: [ app_begin ] --START--
INFO: Run Behavior\ReadHtmlCache [ RunTime:0.000667s ]
INFO: [ app_begin ] --END-- [ RunTime:0.000873s ]
SQL: SHOW COLUMNS FROM `ms_config` [ RunTime:0.030915s ]
SQL: SELECT `type`,`name`,`value` FROM `ms_config` WHERE ( `status` = 1 )  [ RunTime:0.001035s ]
SQL: SHOW COLUMNS FROM `ms_painting` [ RunTime:0.008560s ]
SQL: SELECT `uid`,`content`,`category`,`date`,`pic_url`,`video_url`,`comment_id` FROM `ms_painting` WHERE ( `status` = 0 )  [ RunTime:0.001210s ]
INFO: [ app_end ] --START--
INFO: Run Behavior\ShowPageTrace [ RunTime:0.001749s ]
INFO: [ app_end ] --END-- [ RunTime:0.002246s ]

[ 2016-08-05T11:09:31+08:00 ] ::1 /ms/index.php?s=/Home/Painting/paintingList
INFO: [ app_init ] --START--
INFO: Run Common\Behavior\InitHook [ RunTime:0.005040s ]
INFO: [ app_init ] --END-- [ RunTime:0.006294s ]
INFO: [ app_begin ] --START--
INFO: Run Behavior\ReadHtmlCache [ RunTime:0.000860s ]
INFO: [ app_begin ] --END-- [ RunTime:0.001152s ]
SQL: SHOW COLUMNS FROM `ms_config` [ RunTime:0.037249s ]
SQL: SELECT `type`,`name`,`value` FROM `ms_config` WHERE ( `status` = 1 )  [ RunTime:0.001123s ]
SQL: SHOW COLUMNS FROM `ms_painting` [ RunTime:0.006505s ]
SQL: SELECT `uid`,`content`,`category`,`date`,`pic_url`,`video_url`,`comment_id` FROM `ms_painting` WHERE ( `status` = 0 )  [ RunTime:0.000856s ]
INFO: [ app_end ] --START--
INFO: Run Behavior\ShowPageTrace [ RunTime:0.001534s ]
INFO: [ app_end ] --END-- [ RunTime:0.002018s ]

[ 2016-08-05T11:09:36+08:00 ] ::1 /ms/index.php?s=/Home/Painting/paintingList
INFO: [ app_init ] --START--
INFO: Run Common\Behavior\InitHook [ RunTime:0.005943s ]
INFO: [ app_init ] --END-- [ RunTime:0.007466s ]
INFO: [ app_begin ] --START--
INFO: Run Behavior\ReadHtmlCache [ RunTime:0.000866s ]
INFO: [ app_begin ] --END-- [ RunTime:0.001165s ]
SQL: SHOW COLUMNS FROM `ms_config` [ RunTime:0.005199s ]
SQL: SELECT `type`,`name`,`value` FROM `ms_config` WHERE ( `status` = 1 )  [ RunTime:0.000588s ]
SQL: SHOW COLUMNS FROM `ms_painting` [ RunTime:0.003872s ]
SQL: SELECT `uid`,`content`,`category`,`date`,`pic_url`,`video_url`,`comment_id` FROM `ms_painting` WHERE ( `status` = 1 )  [ RunTime:0.000478s ]
INFO: [ app_end ] --START--
INFO: Run Behavior\ShowPageTrace [ RunTime:0.000871s ]
INFO: [ app_end ] --END-- [ RunTime:0.001149s ]

[ 2016-08-05T11:10:35+08:00 ] ::1 /ms/index.php?s=/Home/Painting/paintingList
INFO: [ app_init ] --START--
INFO: Run Common\Behavior\InitHook [ RunTime:0.005642s ]
INFO: [ app_init ] --END-- [ RunTime:0.007042s ]
INFO: [ app_begin ] --START--
INFO: Run Behavior\ReadHtmlCache [ RunTime:0.001035s ]
INFO: [ app_begin ] --END-- [ RunTime:0.001466s ]
SQL: SHOW COLUMNS FROM `ms_config` [ RunTime:0.005227s ]
SQL: SELECT `type`,`name`,`value` FROM `ms_config` WHERE ( `status` = 1 )  [ RunTime:0.000639s ]
SQL: SHOW COLUMNS FROM `ms_painting` [ RunTime:0.004324s ]
SQL: SELECT `uid`,`content`,`category`,`date`,`pic_url`,`video_url`,`comment_id` FROM `ms_painting` WHERE ( `status` = 1 )  [ RunTime:0.000556s ]
SQL: SHOW COLUMNS FROM `ms_painting_comment` [ RunTime:0.022885s ]
SQL: SELECT * FROM `ms_painting_comment` WHERE ( `id` = 0 )  [ RunTime:0.000386s ]
INFO: [ app_end ] --START--
INFO: Run Behavior\ShowPageTrace [ RunTime:0.000764s ]
INFO: [ app_end ] --END-- [ RunTime:0.000963s ]

[ 2016-08-05T11:11:06+08:00 ] ::1 /ms/index.php?s=/Home/Painting/paintingList
INFO: [ app_init ] --START--
INFO: Run Common\Behavior\InitHook [ RunTime:0.002813s ]
INFO: [ app_init ] --END-- [ RunTime:0.003596s ]
INFO: [ app_begin ] --START--
INFO: Run Behavior\ReadHtmlCache [ RunTime:0.001205s ]
INFO: [ app_begin ] --END-- [ RunTime:0.001649s ]
SQL: SHOW COLUMNS FROM `ms_config` [ RunTime:0.005336s ]
SQL: SELECT `type`,`name`,`value` FROM `ms_config` WHERE ( `status` = 1 )  [ RunTime:0.000452s ]
SQL: SHOW COLUMNS FROM `ms_painting` [ RunTime:0.002724s ]
SQL: SELECT `uid`,`content`,`category`,`date`,`pic_url`,`video_url`,`comment_id` FROM `ms_painting` WHERE ( `status` = 1 )  [ RunTime:0.000375s ]
SQL: SHOW COLUMNS FROM `ms_painting_comment` [ RunTime:0.002594s ]
SQL: SELECT * FROM `ms_painting_comment` WHERE ( `id` = 1 )  [ RunTime:0.000354s ]
INFO: [ app_end ] --START--
INFO: Run Behavior\ShowPageTrace [ RunTime:0.000688s ]
INFO: [ app_end ] --END-- [ RunTime:0.000883s ]

[ 2016-08-05T11:14:25+08:00 ] ::1 /ms/index.php?s=/Home/Painting/paintingList
INFO: [ app_init ] --START--
INFO: Run Common\Behavior\InitHook [ RunTime:0.005999s ]
INFO: [ app_init ] --END-- [ RunTime:0.007584s ]
INFO: [ app_begin ] --START--
INFO: Run Behavior\ReadHtmlCache [ RunTime:0.001101s ]
INFO: [ app_begin ] --END-- [ RunTime:0.001440s ]
SQL: SHOW COLUMNS FROM `ms_config` [ RunTime:0.005565s ]
SQL: SELECT `type`,`name`,`value` FROM `ms_config` WHERE ( `status` = 1 )  [ RunTime:0.000649s ]
SQL: SHOW COLUMNS FROM `ms_painting` [ RunTime:0.002697s ]
SQL: SELECT `uid`,`content`,`category`,`date`,`pic_url`,`video_url`,`comment_id` FROM `ms_painting` WHERE ( `status` = 1 )  [ RunTime:0.000382s ]
SQL: SHOW COLUMNS FROM `ms_painting_comment` [ RunTime:0.002786s ]
SQL: SELECT * FROM `ms_painting_comment` WHERE ( `id` = 1 )  [ RunTime:0.000367s ]
SQL: SELECT * FROM `ms_painting_comment` WHERE ( `id` = 1 )  [ RunTime:0.000271s ]
INFO: [ app_end ] --START--
INFO: Run Behavior\ShowPageTrace [ RunTime:0.000809s ]
INFO: [ app_end ] --END-- [ RunTime:0.001028s ]

[ 2016-08-05T11:15:26+08:00 ] ::1 /ms/index.php?s=/Home/Painting/paintingList
INFO: [ app_init ] --START--
INFO: Run Common\Behavior\InitHook [ RunTime:0.004460s ]
INFO: [ app_init ] --END-- [ RunTime:0.006148s ]
INFO: [ app_begin ] --START--
INFO: Run Behavior\ReadHtmlCache [ RunTime:0.000969s ]
INFO: [ app_begin ] --END-- [ RunTime:0.001305s ]
SQL: SHOW COLUMNS FROM `ms_config` [ RunTime:0.004435s ]
SQL: SELECT `type`,`name`,`value` FROM `ms_config` WHERE ( `status` = 1 )  [ RunTime:0.000699s ]
SQL: SHOW COLUMNS FROM `ms_painting` [ RunTime:0.003154s ]
SQL: SELECT `uid`,`content`,`category`,`date`,`pic_url`,`video_url`,`comment_id` FROM `ms_painting` WHERE ( `status` = 1 )  [ RunTime:0.000424s ]
SQL: SHOW COLUMNS FROM `ms_painting_comment` [ RunTime:0.003314s ]
SQL: SELECT * FROM `ms_painting_comment` WHERE ( `id` = 1 )  [ RunTime:0.000452s ]
SQL: SELECT * FROM `ms_painting_comment` WHERE ( `id` = 1 )  [ RunTime:0.000357s ]
INFO: [ app_end ] --START--
INFO: Run Behavior\ShowPageTrace [ RunTime:0.000790s ]
INFO: [ app_end ] --END-- [ RunTime:0.001022s ]

[ 2016-08-05T11:15:57+08:00 ] ::1 /ms/index.php?s=/Home/Painting/paintingList
INFO: [ app_init ] --START--
INFO: Run Common\Behavior\InitHook [ RunTime:0.002852s ]
INFO: [ app_init ] --END-- [ RunTime:0.003605s ]
INFO: [ app_begin ] --START--
INFO: Run Behavior\ReadHtmlCache [ RunTime:0.000665s ]
INFO: [ app_begin ] --END-- [ RunTime:0.000896s ]
SQL: SHOW COLUMNS FROM `ms_config` [ RunTime:0.003486s ]
SQL: SELECT `type`,`name`,`value` FROM `ms_config` WHERE ( `status` = 1 )  [ RunTime:0.000508s ]
SQL: SHOW COLUMNS FROM `ms_painting` [ RunTime:0.003076s ]
SQL: SELECT `uid`,`content`,`category`,`date`,`pic_url`,`video_url`,`comment_id` FROM `ms_painting` WHERE ( `status` = 1 )  [ RunTime:0.000426s ]
SQL: SHOW COLUMNS FROM `ms_painting_comment` [ RunTime:0.003006s ]
SQL: SELECT * FROM `ms_painting_comment` WHERE ( `id` = 1 )  [ RunTime:0.000541s ]
SQL: SELECT * FROM `ms_painting_comment` WHERE ( `id` = 1 )  [ RunTime:0.000450s ]
INFO: [ app_end ] --START--
INFO: Run Behavior\ShowPageTrace [ RunTime:0.000828s ]
INFO: [ app_end ] --END-- [ RunTime:0.001102s ]

[ 2016-08-05T11:16:08+08:00 ] ::1 /ms/index.php?s=/Home/Painting/paintingList
INFO: [ app_init ] --START--
INFO: Run Common\Behavior\InitHook [ RunTime:0.002702s ]
INFO: [ app_init ] --END-- [ RunTime:0.003471s ]
INFO: [ app_begin ] --START--
INFO: Run Behavior\ReadHtmlCache [ RunTime:0.000775s ]
INFO: [ app_begin ] --END-- [ RunTime:0.001064s ]
SQL: SHOW COLUMNS FROM `ms_config` [ RunTime:0.004266s ]
SQL: SELECT `type`,`name`,`value` FROM `ms_config` WHERE ( `status` = 1 )  [ RunTime:0.000478s ]
SQL: SHOW COLUMNS FROM `ms_painting` [ RunTime:0.002887s ]
SQL: SELECT `uid`,`content`,`category`,`date`,`pic_url`,`video_url`,`comment_id` FROM `ms_painting` WHERE ( `status` = 1 )  [ RunTime:0.000383s ]
SQL: SHOW COLUMNS FROM `ms_painting_comment` [ RunTime:0.002691s ]
SQL: SELECT * FROM `ms_painting_comment` WHERE ( `id` = 1 )  [ RunTime:0.000581s ]
SQL: SELECT * FROM `ms_painting_comment` WHERE ( `id` = 1 )  [ RunTime:0.000417s ]
INFO: [ app_end ] --START--
INFO: Run Behavior\ShowPageTrace [ RunTime:0.000740s ]
INFO: [ app_end ] --END-- [ RunTime:0.000960s ]

[ 2016-08-05T11:16:43+08:00 ] ::1 /ms/index.php?s=/Home/Painting/paintingList
INFO: [ app_init ] --START--
INFO: Run Common\Behavior\InitHook [ RunTime:0.002376s ]
INFO: [ app_init ] --END-- [ RunTime:0.002956s ]
INFO: [ app_begin ] --START--
INFO: Run Behavior\ReadHtmlCache [ RunTime:0.000638s ]
INFO: [ app_begin ] --END-- [ RunTime:0.000838s ]
SQL: SHOW COLUMNS FROM `ms_config` [ RunTime:0.036881s ]
SQL: SELECT `type`,`name`,`value` FROM `ms_config` WHERE ( `status` = 1 )  [ RunTime:0.000468s ]
SQL: SHOW COLUMNS FROM `ms_painting` [ RunTime:0.002696s ]
SQL: SELECT `uid`,`content`,`category`,`date`,`pic_url`,`video_url`,`comment_id` FROM `ms_painting` WHERE ( `status` = 1 )  [ RunTime:0.000390s ]
SQL: SHOW COLUMNS FROM `ms_painting_comment` [ RunTime:0.002672s ]
SQL: SELECT * FROM `ms_painting_comment` WHERE ( `id` = 1 )  [ RunTime:0.000386s ]
SQL: SELECT * FROM `ms_painting_comment` WHERE ( `id` = 1 )  [ RunTime:0.000275s ]
INFO: [ app_end ] --START--
INFO: Run Behavior\ShowPageTrace [ RunTime:0.000803s ]
INFO: [ app_end ] --END-- [ RunTime:0.001023s ]

[ 2016-08-05T11:16:51+08:00 ] ::1 /ms/index.php?s=/Home/Painting/paintingList
INFO: [ app_init ] --START--
INFO: Run Common\Behavior\InitHook [ RunTime:0.002682s ]
INFO: [ app_init ] --END-- [ RunTime:0.003447s ]
INFO: [ app_begin ] --START--
INFO: Run Behavior\ReadHtmlCache [ RunTime:0.000629s ]
INFO: [ app_begin ] --END-- [ RunTime:0.000848s ]
SQL: SHOW COLUMNS FROM `ms_config` [ RunTime:0.017642s ]
SQL: SELECT `type`,`name`,`value` FROM `ms_config` WHERE ( `status` = 1 )  [ RunTime:0.000614s ]
SQL: SHOW COLUMNS FROM `ms_painting` [ RunTime:0.003376s ]
SQL: SELECT `uid`,`content`,`category`,`date`,`pic_url`,`video_url`,`comment_id` FROM `ms_painting` WHERE ( `status` = 1 )  [ RunTime:0.000609s ]
SQL: SHOW COLUMNS FROM `ms_painting_comment` [ RunTime:0.003443s ]
SQL: SELECT * FROM `ms_painting_comment` WHERE ( `id` = 1 )  [ RunTime:0.000465s ]
SQL: SELECT * FROM `ms_painting_comment` WHERE ( `id` = 1 )  [ RunTime:0.000474s ]
NOTIC: [8] Array to string conversion D:\xampp\htdocs\ms\Application\Home\Controller\PaintingController.class.php 第 51 行.
INFO: [ app_end ] --START--
INFO: Run Behavior\ShowPageTrace [ RunTime:0.000953s ]
INFO: [ app_end ] --END-- [ RunTime:0.001349s ]

[ 2016-08-05T11:16:58+08:00 ] ::1 /ms/index.php?s=/Home/Painting/paintingList
INFO: [ app_init ] --START--
INFO: Run Common\Behavior\InitHook [ RunTime:0.003698s ]
INFO: [ app_init ] --END-- [ RunTime:0.004723s ]
INFO: [ app_begin ] --START--
INFO: Run Behavior\ReadHtmlCache [ RunTime:0.000920s ]
INFO: [ app_begin ] --END-- [ RunTime:0.001229s ]
SQL: SHOW COLUMNS FROM `ms_config` [ RunTime:0.025835s ]
SQL: SELECT `type`,`name`,`value` FROM `ms_config` WHERE ( `status` = 1 )  [ RunTime:0.000437s ]
SQL: SHOW COLUMNS FROM `ms_painting` [ RunTime:0.003726s ]
SQL: SELECT `uid`,`content`,`category`,`date`,`pic_url`,`video_url`,`comment_id` FROM `ms_painting` WHERE ( `status` = 1 )  [ RunTime:0.000540s ]
SQL: SHOW COLUMNS FROM `ms_painting_comment` [ RunTime:0.003685s ]
SQL: SELECT * FROM `ms_painting_comment` WHERE ( `id` = 1 )  [ RunTime:0.000657s ]
SQL: SELECT * FROM `ms_painting_comment` WHERE ( `id` = 1 )  [ RunTime:0.000509s ]
INFO: [ app_end ] --START--
INFO: Run Behavior\ShowPageTrace [ RunTime:0.000955s ]
INFO: [ app_end ] --END-- [ RunTime:0.001268s ]

[ 2016-08-05T11:48:40+08:00 ] ::1 /ms/index.php?s=/Home/Painting/paintingComment
INFO: [ app_init ] --START--
INFO: Run Common\Behavior\InitHook [ RunTime:0.004540s ]
INFO: [ app_init ] --END-- [ RunTime:0.005684s ]
INFO: [ app_begin ] --START--
INFO: Run Behavior\ReadHtmlCache [ RunTime:0.001179s ]
INFO: [ app_begin ] --END-- [ RunTime:0.001501s ]
SQL: SHOW COLUMNS FROM `ms_config` [ RunTime:0.003075s ]
SQL: SELECT `type`,`name`,`value` FROM `ms_config` WHERE ( `status` = 1 )  [ RunTime:0.000470s ]
SQL: SHOW COLUMNS FROM `ms_ucenter_member` [ RunTime:0.003375s ]
SQL: SELECT * FROM `ms_ucenter_member` WHERE ( `username` = 'admin' ) LIMIT 1   [ RunTime:0.000416s ]
SQL: SHOW COLUMNS FROM `ms_painting_comment` [ RunTime:0.002665s ]
SQL: INSERT INTO `ms_painting_comment` (`uid`,`date`) VALUES (1,1470368919) [ RunTime:0.113095s ]
SQL: SHOW COLUMNS FROM `ms_painting` [ RunTime:0.007309s ]
SQL: SELECT * FROM `ms_painting` WHERE ( `id` = 1 ) LIMIT 1   [ RunTime:0.000911s ]
NOTIC: [2] Cannot use a scalar value as an array D:\xampp\htdocs\ms\Application\Home\Controller\PaintingController.class.php 第 130 行.
SQL: UPDATE `ms_painting` SET `comment_id`='1' WHERE ( `id` = 1 ) [ RunTime:0.175581s ]
INFO: [ app_end ] --START--
INFO: Run Behavior\ShowPageTrace [ RunTime:0.001790s ]
INFO: [ app_end ] --END-- [ RunTime:0.002332s ]

[ 2016-08-05T11:48:47+08:00 ] ::1 /ms/index.php?s=/Home/Painting/paintingList
INFO: [ app_init ] --START--
INFO: Run Common\Behavior\InitHook [ RunTime:0.002571s ]
INFO: [ app_init ] --END-- [ RunTime:0.003284s ]
INFO: [ app_begin ] --START--
INFO: Run Behavior\ReadHtmlCache [ RunTime:0.000702s ]
INFO: [ app_begin ] --END-- [ RunTime:0.000967s ]
SQL: SHOW COLUMNS FROM `ms_config` [ RunTime:0.004934s ]
SQL: SELECT `type`,`name`,`value` FROM `ms_config` WHERE ( `status` = 1 )  [ RunTime:0.000548s ]
SQL: SHOW COLUMNS FROM `ms_painting` [ RunTime:0.002862s ]
SQL: SELECT `uid`,`content`,`category`,`date`,`pic_url`,`video_url`,`comment_id` FROM `ms_painting` WHERE ( `status` = 1 )  [ RunTime:0.000420s ]
SQL: SHOW COLUMNS FROM `ms_painting_comment` [ RunTime:0.002623s ]
SQL: SELECT * FROM `ms_painting_comment` WHERE ( `id` = 1 )  [ RunTime:0.000357s ]
SQL: SELECT * FROM `ms_painting_comment` WHERE ( `id` = 1 )  [ RunTime:0.000278s ]
INFO: [ app_end ] --START--
INFO: Run Behavior\ShowPageTrace [ RunTime:0.000694s ]
INFO: [ app_end ] --END-- [ RunTime:0.000898s ]

[ 2016-08-05T11:49:45+08:00 ] ::1 /ms/index.php?s=/Home/Painting/paintingComment
INFO: [ app_init ] --START--
INFO: Run Common\Behavior\InitHook [ RunTime:0.005637s ]
INFO: [ app_init ] --END-- [ RunTime:0.007068s ]
INFO: [ app_begin ] --START--
INFO: Run Behavior\ReadHtmlCache [ RunTime:0.000740s ]
INFO: [ app_begin ] --END-- [ RunTime:0.001001s ]
SQL: SHOW COLUMNS FROM `ms_config` [ RunTime:0.005292s ]
SQL: SELECT `type`,`name`,`value` FROM `ms_config` WHERE ( `status` = 1 )  [ RunTime:0.000531s ]
SQL: SHOW COLUMNS FROM `ms_ucenter_member` [ RunTime:0.003725s ]
SQL: SELECT * FROM `ms_ucenter_member` WHERE ( `username` = 'admin' ) LIMIT 1   [ RunTime:0.000519s ]
SQL: SHOW COLUMNS FROM `ms_painting_comment` [ RunTime:0.003246s ]
SQL: INSERT INTO `ms_painting_comment` (`uid`,`content`,`date`) VALUES (1,'非常好哈哈',1470368984) [ RunTime:0.075243s ]
SQL: SHOW COLUMNS FROM `ms_painting` [ RunTime:0.006219s ]
SQL: SELECT * FROM `ms_painting` WHERE ( `id` = 1 ) LIMIT 1   [ RunTime:0.000803s ]
SQL: UPDATE `ms_painting` SET `comment_id`='[3]' WHERE ( `id` = 1 ) [ RunTime:0.067516s ]

[ 2016-08-05T11:50:01+08:00 ] ::1 /ms/index.php?s=/Home/Painting/paintingComment
INFO: [ app_init ] --START--
INFO: Run Common\Behavior\InitHook [ RunTime:0.003644s ]
INFO: [ app_init ] --END-- [ RunTime:0.004704s ]
INFO: [ app_begin ] --START--
INFO: Run Behavior\ReadHtmlCache [ RunTime:0.000963s ]
INFO: [ app_begin ] --END-- [ RunTime:0.001333s ]
SQL: SHOW COLUMNS FROM `ms_config` [ RunTime:0.009812s ]
SQL: SELECT `type`,`name`,`value` FROM `ms_config` WHERE ( `status` = 1 )  [ RunTime:0.000675s ]
SQL: SHOW COLUMNS FROM `ms_ucenter_member` [ RunTime:0.004589s ]
SQL: SELECT * FROM `ms_ucenter_member` WHERE ( `username` = 'admin' ) LIMIT 1   [ RunTime:0.000553s ]
SQL: SHOW COLUMNS FROM `ms_painting_comment` [ RunTime:0.003799s ]
SQL: INSERT INTO `ms_painting_comment` (`uid`,`content`,`date`) VALUES (1,'非常好哈哈',1470369001) [ RunTime:0.088609s ]
SQL: SHOW COLUMNS FROM `ms_painting` [ RunTime:0.045381s ]
SQL: SELECT * FROM `ms_painting` WHERE ( `id` = 1 ) LIMIT 1   [ RunTime:0.001054s ]
SQL: UPDATE `ms_painting` SET `comment_id`='[3,4]' WHERE ( `id` = 1 ) [ RunTime:0.068313s ]

[ 2016-08-05T11:50:13+08:00 ] ::1 /ms/index.php?s=/Home/Painting/paintingComment
INFO: [ app_init ] --START--
INFO: Run Common\Behavior\InitHook [ RunTime:0.004874s ]
INFO: [ app_init ] --END-- [ RunTime:0.006628s ]
INFO: [ app_begin ] --START--
INFO: Run Behavior\ReadHtmlCache [ RunTime:0.001454s ]
INFO: [ app_begin ] --END-- [ RunTime:0.001982s ]
SQL: SHOW COLUMNS FROM `ms_config` [ RunTime:0.030429s ]
SQL: SELECT `type`,`name`,`value` FROM `ms_config` WHERE ( `status` = 1 )  [ RunTime:0.001169s ]
SQL: SHOW COLUMNS FROM `ms_ucenter_member` [ RunTime:0.006992s ]
SQL: SELECT * FROM `ms_ucenter_member` WHERE ( `username` = 'admin' ) LIMIT 1   [ RunTime:0.000969s ]
SQL: SHOW COLUMNS FROM `ms_painting_comment` [ RunTime:0.006713s ]
SQL: INSERT INTO `ms_painting_comment` (`uid`,`content`,`date`) VALUES (1,'非常好哈哈222',1470369013) [ RunTime:0.072023s ]
SQL: SHOW COLUMNS FROM `ms_painting` [ RunTime:0.006628s ]
SQL: SELECT * FROM `ms_painting` WHERE ( `id` = 2 ) LIMIT 1   [ RunTime:0.000801s ]
SQL: UPDATE `ms_painting` SET `comment_id`='[5]' WHERE ( `id` = 2 ) [ RunTime:0.047027s ]

[ 2016-08-05T11:51:10+08:00 ] ::1 /ms/index.php?s=/Home/Painting/paintingComment
INFO: [ app_init ] --START--
INFO: Run Common\Behavior\InitHook [ RunTime:0.002842s ]
INFO: [ app_init ] --END-- [ RunTime:0.003600s ]
INFO: [ app_begin ] --START--
INFO: Run Behavior\ReadHtmlCache [ RunTime:0.001040s ]
INFO: [ app_begin ] --END-- [ RunTime:0.001404s ]
SQL: SHOW COLUMNS FROM `ms_config` [ RunTime:0.004522s ]
SQL: SELECT `type`,`name`,`value` FROM `ms_config` WHERE ( `status` = 1 )  [ RunTime:0.000515s ]
SQL: SHOW COLUMNS FROM `ms_ucenter_member` [ RunTime:0.003388s ]
SQL: SELECT * FROM `ms_ucenter_member` WHERE ( `username` = 'admin' ) LIMIT 1   [ RunTime:0.000442s ]
SQL: SHOW COLUMNS FROM `ms_painting_comment` [ RunTime:0.003823s ]
SQL: INSERT INTO `ms_painting_comment` (`uid`,`content`,`date`) VALUES (1,'哈哈哈哈哈哈哈哈哈哈哈哈哈哈哈哈哈哈哈哈哈哈哈哈哈哈哈哈哈哈哈哈哈哈哈哈哈哈哈哈哈哈哈哈哈哈哈哈哈哈哈哈哈哈哈哈哈哈哈哈哈哈哈哈哈哈哈哈哈哈哈哈哈哈哈哈哈哈哈哈哈哈哈哈哈哈哈哈哈哈哈哈哈哈哈哈哈哈哈哈哈哈哈哈哈哈哈哈哈哈哈哈哈哈哈哈哈哈哈哈哈哈哈哈哈哈哈哈哈哈哈哈哈哈哈哈哈哈哈哈哈哈哈哈哈哈哈哈哈哈哈哈哈哈哈哈哈哈哈哈哈哈哈哈哈哈哈哈哈哈哈哈哈哈哈哈哈哈哈哈哈哈哈哈哈哈哈哈哈哈哈哈哈哈哈哈哈哈哈哈哈哈哈哈哈哈哈哈哈哈哈哈哈哈哈哈哈哈哈哈哈哈哈哈哈哈哈哈哈哈哈哈哈哈哈哈哈哈哈哈哈哈哈哈哈哈哈哈哈哈哈哈哈哈哈哈哈哈哈哈哈哈哈哈哈哈哈哈哈哈哈哈哈哈哈哈哈哈哈哈哈哈哈哈哈哈哈哈哈哈哈哈哈哈哈哈哈哈哈哈',1470369070) [ RunTime:0.067917s ]
SQL: SHOW COLUMNS FROM `ms_painting` [ RunTime:0.046773s ]
SQL: SELECT * FROM `ms_painting` WHERE ( `id` = 2 ) LIMIT 1   [ RunTime:0.000427s ]
SQL: UPDATE `ms_painting` SET `comment_id`='[5,6]' WHERE ( `id` = 2 ) [ RunTime:0.139854s ]

[ 2016-08-05T11:51:47+08:00 ] ::1 /ms/index.php?s=/Home/Painting/paintingComment
INFO: [ app_init ] --START--
INFO: Run Common\Behavior\InitHook [ RunTime:0.004717s ]
INFO: [ app_init ] --END-- [ RunTime:0.005949s ]
INFO: [ app_begin ] --START--
INFO: Run Behavior\ReadHtmlCache [ RunTime:0.001079s ]
INFO: [ app_begin ] --END-- [ RunTime:0.001461s ]
SQL: SHOW COLUMNS FROM `ms_config` [ RunTime:0.020732s ]
SQL: SELECT `type`,`name`,`value` FROM `ms_config` WHERE ( `status` = 1 )  [ RunTime:0.000628s ]
SQL: SHOW COLUMNS FROM `ms_ucenter_member` [ RunTime:0.004059s ]
SQL: SELECT * FROM `ms_ucenter_member` WHERE ( `username` = 'admin' ) LIMIT 1   [ RunTime:0.000540s ]
SQL: SHOW COLUMNS FROM `ms_painting_comment` [ RunTime:0.003608s ]
SQL: INSERT INTO `ms_painting_comment` (`uid`,`content`,`date`) VALUES (1,'很严峻爱的色放',1470369106) [ RunTime:0.057364s ]
SQL: SHOW COLUMNS FROM `ms_painting` [ RunTime:0.006372s ]
SQL: SELECT * FROM `ms_painting` WHERE ( `id` = 1 ) LIMIT 1   [ RunTime:0.000897s ]
SQL: UPDATE `ms_painting` SET `comment_id`='[3,4,7]' WHERE ( `id` = 1 ) [ RunTime:0.043558s ]

[ 2016-08-05T11:51:50+08:00 ] ::1 /ms/index.php?s=/Home/Painting/paintingList
INFO: [ app_init ] --START--
INFO: Run Common\Behavior\InitHook [ RunTime:0.005616s ]
INFO: [ app_init ] --END-- [ RunTime:0.006953s ]
INFO: [ app_begin ] --START--
INFO: Run Behavior\ReadHtmlCache [ RunTime:0.000581s ]
INFO: [ app_begin ] --END-- [ RunTime:0.000770s ]
SQL: SHOW COLUMNS FROM `ms_config` [ RunTime:0.004199s ]
SQL: SELECT `type`,`name`,`value` FROM `ms_config` WHERE ( `status` = 1 )  [ RunTime:0.000474s ]
SQL: SHOW COLUMNS FROM `ms_painting` [ RunTime:0.002830s ]
SQL: SELECT `uid`,`content`,`category`,`date`,`pic_url`,`video_url`,`comment_id` FROM `ms_painting` WHERE ( `status` = 1 )  [ RunTime:0.000518s ]
SQL: SHOW COLUMNS FROM `ms_painting_comment` [ RunTime:0.002840s ]
SQL: SELECT * FROM `ms_painting_comment` WHERE ( `id` = 0 )  [ RunTime:0.000351s ]
SQL: SELECT * FROM `ms_painting_comment` WHERE ( `id` = 0 )  [ RunTime:0.000276s ]
INFO: [ app_end ] --START--
INFO: Run Behavior\ShowPageTrace [ RunTime:0.000783s ]
INFO: [ app_end ] --END-- [ RunTime:0.000990s ]

[ 2016-08-05T11:51:57+08:00 ] ::1 /ms/index.php?s=/Home/Painting/paintingList
INFO: [ app_init ] --START--
INFO: Run Common\Behavior\InitHook [ RunTime:0.005277s ]
INFO: [ app_init ] --END-- [ RunTime:0.006879s ]
INFO: [ app_begin ] --START--
INFO: Run Behavior\ReadHtmlCache [ RunTime:0.001381s ]
INFO: [ app_begin ] --END-- [ RunTime:0.001882s ]
SQL: SHOW COLUMNS FROM `ms_config` [ RunTime:0.013337s ]
SQL: SELECT `type`,`name`,`value` FROM `ms_config` WHERE ( `status` = 1 )  [ RunTime:0.000665s ]
SQL: SHOW COLUMNS FROM `ms_painting` [ RunTime:0.004110s ]
SQL: SELECT `uid`,`content`,`category`,`date`,`pic_url`,`video_url`,`comment_id` FROM `ms_painting` WHERE ( `status` = 1 )  [ RunTime:0.000637s ]
SQL: SHOW COLUMNS FROM `ms_painting_comment` [ RunTime:0.003739s ]
SQL: SELECT * FROM `ms_painting_comment` WHERE ( `id` = 0 )  [ RunTime:0.000464s ]
SQL: SELECT * FROM `ms_painting_comment` WHERE ( `id` = 0 )  [ RunTime:0.000376s ]
INFO: [ app_end ] --START--
INFO: Run Behavior\ShowPageTrace [ RunTime:0.001025s ]
INFO: [ app_end ] --END-- [ RunTime:0.001346s ]

[ 2016-08-05T11:51:59+08:00 ] ::1 /ms/index.php?s=/Home/Painting/paintingList
INFO: [ app_init ] --START--
INFO: Run Common\Behavior\InitHook [ RunTime:0.002278s ]
INFO: [ app_init ] --END-- [ RunTime:0.002916s ]
INFO: [ app_begin ] --START--
INFO: Run Behavior\ReadHtmlCache [ RunTime:0.000669s ]
INFO: [ app_begin ] --END-- [ RunTime:0.000941s ]
SQL: SHOW COLUMNS FROM `ms_config` [ RunTime:0.004518s ]
SQL: SELECT `type`,`name`,`value` FROM `ms_config` WHERE ( `status` = 1 )  [ RunTime:0.000489s ]
SQL: SHOW COLUMNS FROM `ms_painting` [ RunTime:0.003342s ]
SQL: SELECT `uid`,`content`,`category`,`date`,`pic_url`,`video_url`,`comment_id` FROM `ms_painting` WHERE ( `status` = 1 )  [ RunTime:0.000424s ]
SQL: SHOW COLUMNS FROM `ms_painting_comment` [ RunTime:0.002878s ]
SQL: SELECT * FROM `ms_painting_comment` WHERE ( `id` = 0 )  [ RunTime:0.000343s ]
SQL: SELECT * FROM `ms_painting_comment` WHERE ( `id` = 0 )  [ RunTime:0.000264s ]
INFO: [ app_end ] --START--
INFO: Run Behavior\ShowPageTrace [ RunTime:0.000692s ]
INFO: [ app_end ] --END-- [ RunTime:0.000909s ]

[ 2016-08-05T11:52:07+08:00 ] ::1 /ms/index.php?s=/Home/Painting/paintingComment
INFO: [ app_init ] --START--
INFO: Run Common\Behavior\InitHook [ RunTime:0.002304s ]
INFO: [ app_init ] --END-- [ RunTime:0.002925s ]
INFO: [ app_begin ] --START--
INFO: Run Behavior\ReadHtmlCache [ RunTime:0.000529s ]
INFO: [ app_begin ] --END-- [ RunTime:0.000732s ]
SQL: SHOW COLUMNS FROM `ms_config` [ RunTime:0.004475s ]
SQL: SELECT `type`,`name`,`value` FROM `ms_config` WHERE ( `status` = 1 )  [ RunTime:0.000459s ]
SQL: SHOW COLUMNS FROM `ms_ucenter_member` [ RunTime:0.002791s ]
SQL: SELECT * FROM `ms_ucenter_member` WHERE ( `username` = 'admin' ) LIMIT 1   [ RunTime:0.000447s ]
SQL: SHOW COLUMNS FROM `ms_painting_comment` [ RunTime:0.002635s ]
SQL: INSERT INTO `ms_painting_comment` (`uid`,`content`,`date`) VALUES (1,'很严峻爱的色放',1470369126) [ RunTime:0.088903s ]
SQL: SHOW COLUMNS FROM `ms_painting` [ RunTime:0.040619s ]
SQL: SELECT * FROM `ms_painting` WHERE ( `id` = 1 ) LIMIT 1   [ RunTime:0.000939s ]
SQL: UPDATE `ms_painting` SET `comment_id`='[3,4,7,8]' WHERE ( `id` = 1 ) [ RunTime:0.072184s ]

[ 2016-08-05T11:53:07+08:00 ] ::1 /ms/index.php?s=/Home/Painting/paintingList
INFO: [ app_init ] --START--
INFO: Run Common\Behavior\InitHook [ RunTime:0.002921s ]
INFO: [ app_init ] --END-- [ RunTime:0.003731s ]
INFO: [ app_begin ] --START--
INFO: Run Behavior\ReadHtmlCache [ RunTime:0.000804s ]
INFO: [ app_begin ] --END-- [ RunTime:0.001087s ]
SQL: SHOW COLUMNS FROM `ms_config` [ RunTime:0.004103s ]
SQL: SELECT `type`,`name`,`value` FROM `ms_config` WHERE ( `status` = 1 )  [ RunTime:0.000547s ]
SQL: SHOW COLUMNS FROM `ms_painting` [ RunTime:0.003743s ]
SQL: SELECT `uid`,`content`,`category`,`date`,`pic_url`,`video_url`,`comment_id` FROM `ms_painting` WHERE ( `status` = 1 )  [ RunTime:0.000490s ]
SQL: SHOW COLUMNS FROM `ms_painting_comment` [ RunTime:0.003498s ]
SQL: SELECT * FROM `ms_painting_comment` WHERE ( `id` IN (3,4,7,8) )  [ RunTime:0.000553s ]
SQL: SELECT * FROM `ms_painting_comment` WHERE ( `id` IN (5,6) )  [ RunTime:0.000374s ]
INFO: [ app_end ] --START--
INFO: Run Behavior\ShowPageTrace [ RunTime:0.000873s ]
INFO: [ app_end ] --END-- [ RunTime:0.001139s ]

[ 2016-08-05T11:54:29+08:00 ] ::1 /ms/index.php?s=/Home/Painting/paintingList
INFO: [ app_init ] --START--
INFO: Run Common\Behavior\InitHook [ RunTime:0.003521s ]
INFO: [ app_init ] --END-- [ RunTime:0.004345s ]
INFO: [ app_begin ] --START--
INFO: Run Behavior\ReadHtmlCache [ RunTime:0.000980s ]
INFO: [ app_begin ] --END-- [ RunTime:0.001273s ]
SQL: SHOW COLUMNS FROM `ms_config` [ RunTime:0.044532s ]
SQL: SELECT `type`,`name`,`value` FROM `ms_config` WHERE ( `status` = 1 )  [ RunTime:0.001007s ]
SQL: SHOW COLUMNS FROM `ms_painting` [ RunTime:0.007050s ]
SQL: SELECT `uid`,`content`,`category`,`date`,`pic_url`,`video_url`,`comment_id` FROM `ms_painting` WHERE ( `status` = 1 )  [ RunTime:0.000914s ]
SQL: SHOW COLUMNS FROM `ms_painting_comment` [ RunTime:0.006413s ]
SQL: SELECT * FROM `ms_painting_comment` WHERE ( `id` IN (3,4,7,8) ) LIMIT 1   [ RunTime:0.000924s ]
SQL: SELECT * FROM `ms_painting_comment` WHERE ( `id` IN (5,6) ) LIMIT 1   [ RunTime:0.001092s ]
INFO: [ app_end ] --START--
INFO: Run Behavior\ShowPageTrace [ RunTime:0.001895s ]
INFO: [ app_end ] --END-- [ RunTime:0.002444s ]

[ 2016-08-05T11:54:33+08:00 ] ::1 /ms/index.php?s=/Home/Painting/paintingList
INFO: [ app_init ] --START--
INFO: Run Common\Behavior\InitHook [ RunTime:0.006011s ]
INFO: [ app_init ] --END-- [ RunTime:0.007435s ]
INFO: [ app_begin ] --START--
INFO: Run Behavior\ReadHtmlCache [ RunTime:0.001507s ]
INFO: [ app_begin ] --END-- [ RunTime:0.002062s ]
SQL: SHOW COLUMNS FROM `ms_config` [ RunTime:0.006877s ]
SQL: SELECT `type`,`name`,`value` FROM `ms_config` WHERE ( `status` = 1 )  [ RunTime:0.001133s ]
SQL: SHOW COLUMNS FROM `ms_painting` [ RunTime:0.006377s ]
SQL: SELECT `uid`,`content`,`category`,`date`,`pic_url`,`video_url`,`comment_id` FROM `ms_painting` WHERE ( `status` = 1 )  [ RunTime:0.000862s ]
SQL: SHOW COLUMNS FROM `ms_painting_comment` [ RunTime:0.006923s ]
SQL: SELECT * FROM `ms_painting_comment` WHERE ( `id` IN (3,4,7,8) )  [ RunTime:0.000869s ]
SQL: SELECT * FROM `ms_painting_comment` WHERE ( `id` IN (5,6) )  [ RunTime:0.000747s ]
INFO: [ app_end ] --START--
INFO: Run Behavior\ShowPageTrace [ RunTime:0.001595s ]
INFO: [ app_end ] --END-- [ RunTime:0.002102s ]

[ 2016-08-05T11:54:37+08:00 ] ::1 /ms/index.php?s=/Home/Painting/paintingList
INFO: [ app_init ] --START--
INFO: Run Common\Behavior\InitHook [ RunTime:0.005258s ]
INFO: [ app_init ] --END-- [ RunTime:0.006587s ]
INFO: [ app_begin ] --START--
INFO: Run Behavior\ReadHtmlCache [ RunTime:0.000803s ]
INFO: [ app_begin ] --END-- [ RunTime:0.001075s ]
SQL: SHOW COLUMNS FROM `ms_config` [ RunTime:0.011025s ]
SQL: SELECT `type`,`name`,`value` FROM `ms_config` WHERE ( `status` = 1 )  [ RunTime:0.000571s ]
SQL: SHOW COLUMNS FROM `ms_painting` [ RunTime:0.003778s ]
SQL: SELECT `uid`,`content`,`category`,`date`,`pic_url`,`video_url`,`comment_id` FROM `ms_painting` WHERE ( `status` = 1 )  [ RunTime:0.000476s ]
SQL: SHOW COLUMNS FROM `ms_painting_comment` [ RunTime:0.003372s ]
SQL: SELECT * FROM `ms_painting_comment` WHERE ( `id` IN (3,4,7,8) ) LIMIT 1   [ RunTime:0.000477s ]
SQL: SELECT * FROM `ms_painting_comment` WHERE ( `id` IN (5,6) ) LIMIT 1   [ RunTime:0.000392s ]
INFO: [ app_end ] --START--
INFO: Run Behavior\ShowPageTrace [ RunTime:0.000896s ]
INFO: [ app_end ] --END-- [ RunTime:0.001175s ]

[ 2016-08-05T11:54:42+08:00 ] ::1 /ms/index.php?s=/Home/Painting/paintingList
INFO: [ app_init ] --START--
INFO: Run Common\Behavior\InitHook [ RunTime:0.003584s ]
INFO: [ app_init ] --END-- [ RunTime:0.004433s ]
INFO: [ app_begin ] --START--
INFO: Run Behavior\ReadHtmlCache [ RunTime:0.000863s ]
INFO: [ app_begin ] --END-- [ RunTime:0.001224s ]
SQL: SHOW COLUMNS FROM `ms_config` [ RunTime:0.025057s ]
SQL: SELECT `type`,`name`,`value` FROM `ms_config` WHERE ( `status` = 1 )  [ RunTime:0.000481s ]
SQL: SHOW COLUMNS FROM `ms_painting` [ RunTime:0.002861s ]
SQL: SELECT `uid`,`content`,`category`,`date`,`pic_url`,`video_url`,`comment_id` FROM `ms_painting` WHERE ( `status` = 1 )  [ RunTime:0.000408s ]
SQL: SHOW COLUMNS FROM `ms_painting_comment` [ RunTime:0.002769s ]
SQL: SELECT * FROM `ms_painting_comment` WHERE ( `id` IN (3,4,7,8) ) LIMIT 2   [ RunTime:0.000437s ]
SQL: SELECT * FROM `ms_painting_comment` WHERE ( `id` IN (5,6) ) LIMIT 2   [ RunTime:0.000350s ]
INFO: [ app_end ] --START--
INFO: Run Behavior\ShowPageTrace [ RunTime:0.000728s ]
INFO: [ app_end ] --END-- [ RunTime:0.000952s ]

[ 2016-08-05T11:55:02+08:00 ] ::1 /ms/index.php?s=/Home/Painting/paintingList
INFO: [ app_init ] --START--
INFO: Run Common\Behavior\InitHook [ RunTime:0.005753s ]
INFO: [ app_init ] --END-- [ RunTime:0.007427s ]
INFO: [ app_begin ] --START--
INFO: Run Behavior\ReadHtmlCache [ RunTime:0.000915s ]
INFO: [ app_begin ] --END-- [ RunTime:0.001234s ]
SQL: SHOW COLUMNS FROM `ms_config` [ RunTime:0.005392s ]
SQL: SELECT `type`,`name`,`value` FROM `ms_config` WHERE ( `status` = 1 )  [ RunTime:0.000677s ]
SQL: SHOW COLUMNS FROM `ms_painting` [ RunTime:0.003913s ]
SQL: SELECT `uid`,`content`,`category`,`date`,`pic_url`,`video_url`,`comment_id` FROM `ms_painting` WHERE ( `status` = 1 )  [ RunTime:0.000536s ]
SQL: SHOW COLUMNS FROM `ms_painting_comment` [ RunTime:0.002922s ]
SQL: SELECT * FROM `ms_painting_comment` WHERE ( `id` IN (3,4,7,8) ) LIMIT 2   [ RunTime:0.000424s ]
SQL: SELECT * FROM `ms_painting_comment` WHERE ( `id` IN (5,6) ) LIMIT 2   [ RunTime:0.000333s ]
INFO: [ app_end ] --START--
INFO: Run Behavior\ShowPageTrace [ RunTime:0.000715s ]
INFO: [ app_end ] --END-- [ RunTime:0.000919s ]

[ 2016-08-05T11:55:11+08:00 ] ::1 /ms/
INFO: [ app_init ] --START--
INFO: Run Common\Behavior\InitHook [ RunTime:0.002958s ]
INFO: [ app_init ] --END-- [ RunTime:0.003913s ]
INFO: [ app_begin ] --START--
INFO: Run Behavior\ReadHtmlCache [ RunTime:0.000946s ]
INFO: [ app_begin ] --END-- [ RunTime:0.001388s ]
SQL: SHOW COLUMNS FROM `ms_config` [ RunTime:0.003740s ]
SQL: SELECT `type`,`name`,`value` FROM `ms_config` WHERE ( `status` = 1 )  [ RunTime:0.000690s ]
INFO: [ app_end ] --START--
INFO: Run Behavior\ShowPageTrace [ RunTime:0.000836s ]
INFO: [ app_end ] --END-- [ RunTime:0.001140s ]

[ 2016-08-05T11:55:15+08:00 ] ::1 /ms/index.php?s=/Home/Painting/paintingList
INFO: [ app_init ] --START--
INFO: Run Common\Behavior\InitHook [ RunTime:0.002834s ]
INFO: [ app_init ] --END-- [ RunTime:0.003564s ]
INFO: [ app_begin ] --START--
INFO: Run Behavior\ReadHtmlCache [ RunTime:0.000759s ]
INFO: [ app_begin ] --END-- [ RunTime:0.001023s ]
SQL: SHOW COLUMNS FROM `ms_config` [ RunTime:0.008268s ]
SQL: SELECT `type`,`name`,`value` FROM `ms_config` WHERE ( `status` = 1 )  [ RunTime:0.000581s ]
SQL: SHOW COLUMNS FROM `ms_painting` [ RunTime:0.003125s ]
SQL: SELECT `uid`,`content`,`category`,`date`,`pic_url`,`video_url`,`comment_id` FROM `ms_painting` WHERE ( `status` = 1 )  [ RunTime:0.000428s ]
SQL: SHOW COLUMNS FROM `ms_painting_comment` [ RunTime:0.003455s ]
SQL: SELECT * FROM `ms_painting_comment` WHERE ( `id` IN (3,4,7,8) ) LIMIT 2   [ RunTime:0.000455s ]
SQL: SELECT * FROM `ms_painting_comment` WHERE ( `id` IN (5,6) ) LIMIT 2   [ RunTime:0.000372s ]
INFO: [ app_end ] --START--
INFO: Run Behavior\ShowPageTrace [ RunTime:0.000803s ]
INFO: [ app_end ] --END-- [ RunTime:0.001049s ]

[ 2016-08-05T11:55:22+08:00 ] ::1 /ms/index.php?s=/Home/Painting/paintingList
INFO: [ app_init ] --START--
INFO: Run Common\Behavior\InitHook [ RunTime:0.005343s ]
INFO: [ app_init ] --END-- [ RunTime:0.007061s ]
INFO: [ app_begin ] --START--
INFO: Run Behavior\ReadHtmlCache [ RunTime:0.001534s ]
INFO: [ app_begin ] --END-- [ RunTime:0.001947s ]
SQL: SHOW COLUMNS FROM `ms_config` [ RunTime:0.005861s ]
SQL: SELECT `type`,`name`,`value` FROM `ms_config` WHERE ( `status` = 1 )  [ RunTime:0.000649s ]
SQL: SHOW COLUMNS FROM `ms_painting` [ RunTime:0.003776s ]
SQL: SELECT `uid`,`content`,`category`,`date`,`pic_url`,`video_url`,`comment_id` FROM `ms_painting` WHERE ( `status` = 1 )  [ RunTime:0.000539s ]
SQL: SHOW COLUMNS FROM `ms_painting_comment` [ RunTime:0.003883s ]
SQL: SELECT * FROM `ms_painting_comment` WHERE ( `id` IN (3,4,7,8) ) LIMIT 2   [ RunTime:0.000538s ]
SQL: SELECT * FROM `ms_painting_comment` WHERE ( `id` IN (5,6) ) LIMIT 2   [ RunTime:0.000414s ]
INFO: [ app_end ] --START--
INFO: Run Behavior\ShowPageTrace [ RunTime:0.000965s ]
INFO: [ app_end ] --END-- [ RunTime:0.001271s ]

[ 2016-08-05T11:57:05+08:00 ] ::1 /ms/index.php?s=/Home/Painting/paintingList
INFO: [ app_init ] --START--
INFO: Run Common\Behavior\InitHook [ RunTime:0.003024s ]
INFO: [ app_init ] --END-- [ RunTime:0.003827s ]
INFO: [ app_begin ] --START--
INFO: Run Behavior\ReadHtmlCache [ RunTime:0.000783s ]
INFO: [ app_begin ] --END-- [ RunTime:0.001022s ]
SQL: SHOW COLUMNS FROM `ms_config` [ RunTime:0.003640s ]
SQL: SELECT `type`,`name`,`value` FROM `ms_config` WHERE ( `status` = 1 )  [ RunTime:0.000477s ]
SQL: SHOW COLUMNS FROM `ms_painting` [ RunTime:0.003145s ]
SQL: SELECT `uid`,`content`,`category`,`date`,`pic_url`,`video_url`,`comment_id` FROM `ms_painting` WHERE ( `status` = 1 )  [ RunTime:0.000463s ]
SQL: SHOW COLUMNS FROM `ms_painting_comment` [ RunTime:0.002744s ]
SQL: SELECT * FROM `ms_painting_comment` WHERE ( `id` IN (3,4,7,8) ) LIMIT 2   [ RunTime:0.000574s ]
SQL: SELECT * FROM `ms_painting_comment` WHERE ( `id` IN (5,6) ) LIMIT 2   [ RunTime:0.000447s ]
INFO: [ app_end ] --START--
INFO: Run Behavior\ShowPageTrace [ RunTime:0.000870s ]
INFO: [ app_end ] --END-- [ RunTime:0.001109s ]

[ 2016-08-05T11:57:42+08:00 ] ::1 /ms/index.php?s=/Home/Painting/paintingList
INFO: [ app_init ] --START--
INFO: Run Common\Behavior\InitHook [ RunTime:0.002899s ]
INFO: [ app_init ] --END-- [ RunTime:0.003596s ]
INFO: [ app_begin ] --START--
INFO: Run Behavior\ReadHtmlCache [ RunTime:0.000698s ]
INFO: [ app_begin ] --END-- [ RunTime:0.000953s ]
SQL: SHOW COLUMNS FROM `ms_config` [ RunTime:0.004622s ]
SQL: SELECT `type`,`name`,`value` FROM `ms_config` WHERE ( `status` = 1 )  [ RunTime:0.000564s ]
SQL: SHOW COLUMNS FROM `ms_painting` [ RunTime:0.003494s ]
SQL: SELECT `uid`,`content`,`category`,`date`,`pic_url`,`video_url`,`comment_id` FROM `ms_painting` WHERE ( `status` = 1 )  [ RunTime:0.000490s ]
SQL: SHOW COLUMNS FROM `ms_painting_comment` [ RunTime:0.002998s ]
SQL: SELECT * FROM `ms_painting_comment` WHERE ( `id` IN (3,4,7,8) ) LIMIT 10   [ RunTime:0.000454s ]
SQL: SELECT * FROM `ms_painting_comment` WHERE ( `id` IN (5,6) ) LIMIT 10   [ RunTime:0.000358s ]
INFO: [ app_end ] --START--
INFO: Run Behavior\ShowPageTrace [ RunTime:0.000815s ]
INFO: [ app_end ] --END-- [ RunTime:0.001058s ]

[ 2016-08-05T11:57:48+08:00 ] ::1 /ms/index.php?s=/Home/Painting/paintingList
INFO: [ app_init ] --START--
INFO: Run Common\Behavior\InitHook [ RunTime:0.004318s ]
INFO: [ app_init ] --END-- [ RunTime:0.005672s ]
INFO: [ app_begin ] --START--
INFO: Run Behavior\ReadHtmlCache [ RunTime:0.000730s ]
INFO: [ app_begin ] --END-- [ RunTime:0.000991s ]
SQL: SHOW COLUMNS FROM `ms_config` [ RunTime:0.030205s ]
SQL: SELECT `type`,`name`,`value` FROM `ms_config` WHERE ( `status` = 1 )  [ RunTime:0.000554s ]
SQL: SHOW COLUMNS FROM `ms_painting` [ RunTime:0.003278s ]
SQL: SELECT `uid`,`content`,`category`,`date`,`pic_url`,`video_url`,`comment_id` FROM `ms_painting` WHERE ( `status` = 1 )  [ RunTime:0.000630s ]
SQL: SHOW COLUMNS FROM `ms_painting_comment` [ RunTime:0.003392s ]
SQL: SELECT * FROM `ms_painting_comment` WHERE ( `id` IN (3,4,7,8) ) LIMIT 2   [ RunTime:0.000609s ]
SQL: SELECT * FROM `ms_painting_comment` WHERE ( `id` IN (5,6) ) LIMIT 2   [ RunTime:0.000420s ]
INFO: [ app_end ] --START--
INFO: Run Behavior\ShowPageTrace [ RunTime:0.000872s ]
INFO: [ app_end ] --END-- [ RunTime:0.001127s ]

[ 2016-08-05T11:58:50+08:00 ] ::1 /ms/index.php?s=/Home/Painting/paintingList
INFO: [ app_init ] --START--
INFO: Run Common\Behavior\InitHook [ RunTime:0.002857s ]
INFO: [ app_init ] --END-- [ RunTime:0.003646s ]
INFO: [ app_begin ] --START--
INFO: Run Behavior\ReadHtmlCache [ RunTime:0.000778s ]
INFO: [ app_begin ] --END-- [ RunTime:0.001075s ]
SQL: SHOW COLUMNS FROM `ms_config` [ RunTime:0.004990s ]
SQL: SELECT `type`,`name`,`value` FROM `ms_config` WHERE ( `status` = 1 )  [ RunTime:0.000574s ]
SQL: SHOW COLUMNS FROM `ms_painting` [ RunTime:0.004056s ]
SQL: SELECT `uid`,`content`,`category`,`date`,`pic_url`,`video_url`,`comment_id` FROM `ms_painting` WHERE ( `status` = 1 )  [ RunTime:0.000497s ]
SQL: SHOW COLUMNS FROM `ms_painting_comment` [ RunTime:0.003638s ]
SQL: SELECT * FROM `ms_painting_comment` WHERE ( `id` IN (3,4,7,8) ) LIMIT 2   [ RunTime:0.000503s ]
SQL: SELECT * FROM `ms_painting_comment` WHERE ( `id` IN (5,6) ) LIMIT 2   [ RunTime:0.000396s ]
INFO: [ app_end ] --START--
INFO: Run Behavior\ShowPageTrace [ RunTime:0.000915s ]
INFO: [ app_end ] --END-- [ RunTime:0.001192s ]

[ 2016-08-05T11:58:59+08:00 ] ::1 /ms/index.php?s=/Home/Painting/paintingList
INFO: [ app_init ] --START--
INFO: Run Common\Behavior\InitHook [ RunTime:0.002033s ]
INFO: [ app_init ] --END-- [ RunTime:0.002603s ]
INFO: [ app_begin ] --START--
INFO: Run Behavior\ReadHtmlCache [ RunTime:0.000592s ]
INFO: [ app_begin ] --END-- [ RunTime:0.000791s ]
SQL: SHOW COLUMNS FROM `ms_config` [ RunTime:0.004458s ]
SQL: SELECT `type`,`name`,`value` FROM `ms_config` WHERE ( `status` = 1 )  [ RunTime:0.000600s ]
SQL: SHOW COLUMNS FROM `ms_painting` [ RunTime:0.003156s ]
SQL: SELECT `uid`,`content`,`category`,`date`,`pic_url`,`video_url`,`comment_id` FROM `ms_painting` WHERE ( `status` = 1 )  [ RunTime:0.000579s ]
SQL: SHOW COLUMNS FROM `ms_painting_comment` [ RunTime:0.003123s ]
SQL: SELECT * FROM `ms_painting_comment` WHERE ( `id` IN (3,4,7,8) ) LIMIT 2   [ RunTime:0.000515s ]
SQL: SELECT * FROM `ms_painting_comment` WHERE ( `id` IN (5,6) ) LIMIT 2   [ RunTime:0.000416s ]
INFO: [ app_end ] --START--
INFO: Run Behavior\ShowPageTrace [ RunTime:0.000731s ]
INFO: [ app_end ] --END-- [ RunTime:0.000929s ]

[ 2016-08-05T11:59:50+08:00 ] ::1 /ms/index.php?s=/Home/Painting/paintingList
INFO: [ app_init ] --START--
INFO: Run Common\Behavior\InitHook [ RunTime:0.002662s ]
INFO: [ app_init ] --END-- [ RunTime:0.003282s ]
INFO: [ app_begin ] --START--
INFO: Run Behavior\ReadHtmlCache [ RunTime:0.000686s ]
INFO: [ app_begin ] --END-- [ RunTime:0.000898s ]
SQL: SHOW COLUMNS FROM `ms_config` [ RunTime:0.004491s ]
SQL: SELECT `type`,`name`,`value` FROM `ms_config` WHERE ( `status` = 1 )  [ RunTime:0.000468s ]
SQL: SHOW COLUMNS FROM `ms_painting` [ RunTime:0.003532s ]
SQL: SELECT `uid`,`content`,`category`,`date`,`pic_url`,`video_url`,`comment_id` FROM `ms_painting` WHERE ( `status` = 1 )  [ RunTime:0.000462s ]
SQL: SHOW COLUMNS FROM `ms_painting_comment` [ RunTime:0.003016s ]
SQL: SELECT * FROM `ms_painting_comment` WHERE ( `id` IN (3,4,7,8) ) LIMIT 2   [ RunTime:0.000417s ]
SQL: SELECT * FROM `ms_painting_comment` WHERE ( `id` IN (5,6) ) LIMIT 2   [ RunTime:0.000319s ]

[ 2016-08-05T12:00:40+08:00 ] ::1 /ms/index.php?s=/Home/Painting/paintingList
INFO: [ app_init ] --START--
INFO: Run Common\Behavior\InitHook [ RunTime:0.004722s ]
INFO: [ app_init ] --END-- [ RunTime:0.006101s ]
INFO: [ app_begin ] --START--
INFO: Run Behavior\ReadHtmlCache [ RunTime:0.000547s ]
INFO: [ app_begin ] --END-- [ RunTime:0.000759s ]
SQL: SHOW COLUMNS FROM `ms_config` [ RunTime:0.003741s ]
SQL: SELECT `type`,`name`,`value` FROM `ms_config` WHERE ( `status` = 1 )  [ RunTime:0.000460s ]
SQL: SHOW COLUMNS FROM `ms_painting` [ RunTime:0.002710s ]
SQL: SELECT `uid`,`content`,`category`,`date`,`pic_url`,`video_url`,`comment_id` FROM `ms_painting` WHERE ( `status` = 1 )  [ RunTime:0.000390s ]
SQL: SHOW COLUMNS FROM `ms_painting_comment` [ RunTime:0.002546s ]
SQL: SELECT * FROM `ms_painting_comment` WHERE ( `id` IN (3,4,7,8) ) LIMIT 2   [ RunTime:0.000392s ]
SQL: SELECT * FROM `ms_painting_comment` WHERE ( `id` IN (5,6) ) LIMIT 2   [ RunTime:0.000299s ]

[ 2016-08-05T12:06:03+08:00 ] ::1 /ms/index.php?s=/Home/Painting/paintingList
INFO: [ app_init ] --START--
INFO: Run Common\Behavior\InitHook [ RunTime:0.003893s ]
INFO: [ app_init ] --END-- [ RunTime:0.004816s ]
INFO: [ app_begin ] --START--
INFO: Run Behavior\ReadHtmlCache [ RunTime:0.001045s ]
INFO: [ app_begin ] --END-- [ RunTime:0.001327s ]
SQL: SHOW COLUMNS FROM `ms_config` [ RunTime:0.004418s ]
SQL: SELECT `type`,`name`,`value` FROM `ms_config` WHERE ( `status` = 1 )  [ RunTime:0.000524s ]
SQL: SHOW COLUMNS FROM `ms_painting` [ RunTime:0.002694s ]
SQL: SELECT COUNT(*) AS tp_count FROM `ms_painting` WHERE ( `status` = 1 ) LIMIT 1   [ RunTime:0.000473s ]
SQL: SELECT `uid`,`content`,`category`,`date`,`pic_url`,`video_url`,`comment_id` FROM `ms_painting` WHERE ( `status` = 1 ) LIMIT 0,1   [ RunTime:0.000510s ]
SQL: SHOW COLUMNS FROM `ms_painting_comment` [ RunTime:0.002771s ]
SQL: SELECT * FROM `ms_painting_comment` WHERE ( `id` IN (3,4,7,8) ) LIMIT 2   [ RunTime:0.000419s ]

[ 2016-08-05T12:06:11+08:00 ] ::1 /ms/index.php?s=/Home/Painting/paintingList/p/2
INFO: [ app_init ] --START--
INFO: Run Common\Behavior\InitHook [ RunTime:0.006079s ]
INFO: [ app_init ] --END-- [ RunTime:0.007526s ]
INFO: [ app_begin ] --START--
INFO: Run Behavior\ReadHtmlCache [ RunTime:0.001733s ]
INFO: [ app_begin ] --END-- [ RunTime:0.002265s ]
SQL: SHOW COLUMNS FROM `ms_config` [ RunTime:0.005273s ]
SQL: SELECT `type`,`name`,`value` FROM `ms_config` WHERE ( `status` = 1 )  [ RunTime:0.000612s ]
SQL: SHOW COLUMNS FROM `ms_painting` [ RunTime:0.004204s ]
SQL: SELECT COUNT(*) AS tp_count FROM `ms_painting` WHERE ( `status` = 1 ) LIMIT 1   [ RunTime:0.000477s ]
SQL: SELECT `uid`,`content`,`category`,`date`,`pic_url`,`video_url`,`comment_id` FROM `ms_painting` WHERE ( `status` = 1 ) LIMIT 1,1   [ RunTime:0.000467s ]
SQL: SHOW COLUMNS FROM `ms_painting_comment` [ RunTime:0.003681s ]
SQL: SELECT * FROM `ms_painting_comment` WHERE ( `id` IN (5,6) ) LIMIT 2   [ RunTime:0.000519s ]

[ 2016-08-05T12:06:33+08:00 ] ::1 /ms/index.php?s=/Home/Painting/paintingList/p/2
INFO: [ app_init ] --START--
INFO: Run Common\Behavior\InitHook [ RunTime:0.003057s ]
INFO: [ app_init ] --END-- [ RunTime:0.003931s ]
INFO: [ app_begin ] --START--
INFO: Run Behavior\ReadHtmlCache [ RunTime:0.000902s ]
INFO: [ app_begin ] --END-- [ RunTime:0.001234s ]
SQL: SHOW COLUMNS FROM `ms_config` [ RunTime:0.005526s ]
SQL: SELECT `type`,`name`,`value` FROM `ms_config` WHERE ( `status` = 1 )  [ RunTime:0.000694s ]
SQL: SHOW COLUMNS FROM `ms_painting` [ RunTime:0.004732s ]
SQL: SELECT COUNT(*) AS tp_count FROM `ms_painting` WHERE ( `status` = 1 ) LIMIT 1   [ RunTime:0.000565s ]
SQL: SELECT `uid`,`content`,`category`,`date`,`pic_url`,`video_url`,`comment_id` FROM `ms_painting` WHERE ( `status` = 1 ) LIMIT 1,1   [ RunTime:0.000642s ]
SQL: SHOW COLUMNS FROM `ms_painting_comment` [ RunTime:0.003997s ]
SQL: SELECT * FROM `ms_painting_comment` WHERE ( `id` IN (5,6) ) LIMIT 2   [ RunTime:0.000552s ]

[ 2016-08-05T12:06:36+08:00 ] ::1 /ms/index.php?s=/Home/Painting/paintingList/p/3
INFO: [ app_init ] --START--
INFO: Run Common\Behavior\InitHook [ RunTime:0.005319s ]
INFO: [ app_init ] --END-- [ RunTime:0.007132s ]
INFO: [ app_begin ] --START--
INFO: Run Behavior\ReadHtmlCache [ RunTime:0.000823s ]
INFO: [ app_begin ] --END-- [ RunTime:0.001114s ]
SQL: SHOW COLUMNS FROM `ms_config` [ RunTime:0.004623s ]
SQL: SELECT `type`,`name`,`value` FROM `ms_config` WHERE ( `status` = 1 )  [ RunTime:0.000627s ]
SQL: SHOW COLUMNS FROM `ms_painting` [ RunTime:0.004086s ]
SQL: SELECT COUNT(*) AS tp_count FROM `ms_painting` WHERE ( `status` = 1 ) LIMIT 1   [ RunTime:0.000480s ]
SQL: SELECT `uid`,`content`,`category`,`date`,`pic_url`,`video_url`,`comment_id` FROM `ms_painting` WHERE ( `status` = 1 ) LIMIT 2,1   [ RunTime:0.000428s ]
NOTIC: [2] Invalid argument supplied for foreach() D:\xampp\htdocs\ms\Application\Home\Controller\PaintingController.class.php 第 52 行.

[ 2016-08-05T12:06:52+08:00 ] ::1 /ms/index.php?s=/Home/Painting/paintingList/p/3
INFO: [ app_init ] --START--
INFO: Run Common\Behavior\InitHook [ RunTime:0.004823s ]
INFO: [ app_init ] --END-- [ RunTime:0.006256s ]
INFO: [ app_begin ] --START--
INFO: Run Behavior\ReadHtmlCache [ RunTime:0.000548s ]
INFO: [ app_begin ] --END-- [ RunTime:0.000883s ]
SQL: SHOW COLUMNS FROM `ms_config` [ RunTime:0.004520s ]
SQL: SELECT `type`,`name`,`value` FROM `ms_config` WHERE ( `status` = 1 )  [ RunTime:0.000457s ]
SQL: SHOW COLUMNS FROM `ms_painting` [ RunTime:0.002745s ]
SQL: SELECT COUNT(*) AS tp_count FROM `ms_painting` WHERE ( `status` = 1 ) LIMIT 1   [ RunTime:0.000358s ]
SQL: SELECT `uid`,`content`,`category`,`date`,`pic_url`,`video_url`,`comment_id` FROM `ms_painting` WHERE ( `status` = 1 ) LIMIT 20,10   [ RunTime:0.000340s ]
NOTIC: [2] Invalid argument supplied for foreach() D:\xampp\htdocs\ms\Application\Home\Controller\PaintingController.class.php 第 52 行.

[ 2016-08-05T12:06:54+08:00 ] ::1 /ms/index.php?s=/Home/Painting/paintingList/p/1
INFO: [ app_init ] --START--
INFO: Run Common\Behavior\InitHook [ RunTime:0.003935s ]
INFO: [ app_init ] --END-- [ RunTime:0.005292s ]
INFO: [ app_begin ] --START--
INFO: Run Behavior\ReadHtmlCache [ RunTime:0.000712s ]
INFO: [ app_begin ] --END-- [ RunTime:0.000955s ]
SQL: SHOW COLUMNS FROM `ms_config` [ RunTime:0.004528s ]
SQL: SELECT `type`,`name`,`value` FROM `ms_config` WHERE ( `status` = 1 )  [ RunTime:0.000528s ]
SQL: SHOW COLUMNS FROM `ms_painting` [ RunTime:0.003672s ]
SQL: SELECT COUNT(*) AS tp_count FROM `ms_painting` WHERE ( `status` = 1 ) LIMIT 1   [ RunTime:0.000439s ]
SQL: SELECT `uid`,`content`,`category`,`date`,`pic_url`,`video_url`,`comment_id` FROM `ms_painting` WHERE ( `status` = 1 ) LIMIT 0,10   [ RunTime:0.000419s ]
SQL: SHOW COLUMNS FROM `ms_painting_comment` [ RunTime:0.003068s ]
SQL: SELECT * FROM `ms_painting_comment` WHERE ( `id` IN (3,4,7,8) ) LIMIT 2   [ RunTime:0.000450s ]
SQL: SELECT * FROM `ms_painting_comment` WHERE ( `id` IN (5,6) ) LIMIT 2   [ RunTime:0.000356s ]

[ 2016-08-05T12:07:33+08:00 ] ::1 /ms/index.php?s=/Home/Painting/paintingList/p/1
INFO: [ app_init ] --START--
INFO: Run Common\Behavior\InitHook [ RunTime:0.002545s ]
INFO: [ app_init ] --END-- [ RunTime:0.003870s ]
INFO: [ app_begin ] --START--
INFO: Run Behavior\ReadHtmlCache [ RunTime:0.000731s ]
INFO: [ app_begin ] --END-- [ RunTime:0.000998s ]
SQL: SHOW COLUMNS FROM `ms_config` [ RunTime:0.004623s ]
SQL: SELECT `type`,`name`,`value` FROM `ms_config` WHERE ( `status` = 1 )  [ RunTime:0.000519s ]
SQL: SHOW COLUMNS FROM `ms_painting` [ RunTime:0.003048s ]
SQL: SELECT COUNT(*) AS tp_count FROM `ms_painting` WHERE ( `status` = 1 ) LIMIT 1   [ RunTime:0.000544s ]
SQL: SELECT `uid`,`content`,`category`,`date`,`pic_url`,`video_url`,`comment_id` FROM `ms_painting` WHERE ( `status` = 1 ) LIMIT 0,10   [ RunTime:0.000418s ]
SQL: SHOW COLUMNS FROM `ms_painting_comment` [ RunTime:0.003107s ]
SQL: SELECT * FROM `ms_painting_comment` WHERE ( `id` IN (3,4,7,8) ) LIMIT 2   [ RunTime:0.000452s ]
SQL: SELECT * FROM `ms_painting_comment` WHERE ( `id` IN (5,6) ) LIMIT 2   [ RunTime:0.000366s ]

